<?xml version="1.0" encoding="UTF-8"?>
<robot generator="Robot 7.3.2 (Python 3.13.5 on win32)" generated="2025-07-22T10:57:23.008708" rpa="false" schemaversion="5">
<suite id="s1" name="Access" source="C:\development\Robot-Task_1\tests\accesscontrol\access.robot">
<test id="s1-t1" name="Logged User Can Access Checkout From Cart" line="20">
<kw name="Begin Web Test" owner="Common" type="SETUP">
<kw name="Set Selenium Speed" owner="SeleniumLibrary">
<arg>0.5s</arg>
<doc>Sets the delay that is waited after each Selenium command.</doc>
<status status="PASS" start="2025-07-22T10:57:23.518259" elapsed="0.000254"/>
</kw>
<kw name="Open Browser" owner="SeleniumLibrary">
<msg time="2025-07-22T10:57:23.518923" level="INFO">Opening browser 'edge' to base url 'about:blank'.</msg>
<msg time="2025-07-22T10:57:23.663932" level="WARN">Exception managing MicrosoftEdge: error sending request for url (https://msedgedriver.azureedge.net/LATEST_RELEASE_138_WINDOWS)</msg>
<arg>about:blank</arg>
<arg>${BROWSER}</arg>
<doc>Opens a new browser instance to the optional ``url``.</doc>
<status status="PASS" start="2025-07-22T10:57:23.518713" elapsed="1.850229"/>
</kw>
<kw name="Maximize Browser Window" owner="SeleniumLibrary">
<doc>Maximizes current browser window.</doc>
<status status="PASS" start="2025-07-22T10:57:25.369182" elapsed="0.536052"/>
</kw>
<status status="PASS" start="2025-07-22T10:57:23.517373" elapsed="2.388030"/>
</kw>
<kw name="Go To Signup/Login page" owner="SignupApp">
<kw name="Navigate To Home Page" owner="Landing">
<kw name="Go To" owner="SeleniumLibrary">
<msg time="2025-07-22T10:57:25.907683" level="INFO">Opening url 'https://automationexercise.com/'</msg>
<arg>${URL}</arg>
<doc>Navigates the current browser window to the provided ``url``.</doc>
<status status="PASS" start="2025-07-22T10:57:25.907434" elapsed="2.775516"/>
</kw>
<kw name="Click Element By Locator" owner="ClickActionsApp">
<kw name="Wait Until Element Is Enabled" owner="SeleniumLibrary">
<arg>${locator}</arg>
<doc>Waits until the element ``locator`` is enabled.</doc>
<status status="PASS" start="2025-07-22T10:57:28.683969" elapsed="1.553677"/>
</kw>
<kw name="Click Element" owner="SeleniumLibrary">
<msg time="2025-07-22T10:57:30.238369" level="INFO">Clicking element 'xpath=/html/body/div/div[2]/div[2]/div[2]/div[2]/button[1]/p'.</msg>
<arg>${locator}</arg>
<doc>Click the element identified by ``locator``.</doc>
<status status="PASS" start="2025-07-22T10:57:30.237991" elapsed="1.181164"/>
</kw>
<arg>${CONSENT_TEXT}</arg>
<status status="PASS" start="2025-07-22T10:57:28.683474" elapsed="2.735896"/>
</kw>
<kw name="Wait Until Page Contains Element" owner="SeleniumLibrary">
<arg>${VERIFY_LANDING_PAGE_TEXT}</arg>
<doc>Waits until the element ``locator`` appears on the current page.</doc>
<status status="PASS" start="2025-07-22T10:57:31.419814" elapsed="0.522385"/>
</kw>
<status status="PASS" start="2025-07-22T10:57:25.906985" elapsed="6.035448"/>
</kw>
<kw name="Click Signup/Login Link" owner="ClickElement">
<kw name="Click Element By Locator" owner="ClickActionsApp">
<kw name="Wait Until Element Is Enabled" owner="SeleniumLibrary">
<arg>${locator}</arg>
<doc>Waits until the element ``locator`` is enabled.</doc>
<status status="PASS" start="2025-07-22T10:57:31.944225" elapsed="1.585868"/>
</kw>
<kw name="Click Element" owner="SeleniumLibrary">
<msg time="2025-07-22T10:57:33.530819" level="INFO">Clicking element 'xpath=//*[@id="header"]/div/div/div/div[2]/div/ul/li[4]/a'.</msg>
<arg>${locator}</arg>
<doc>Click the element identified by ``locator``.</doc>
<status status="PASS" start="2025-07-22T10:57:33.530452" elapsed="2.661720"/>
</kw>
<arg>${SIGNUP_LOGIN_LINK}</arg>
<status status="PASS" start="2025-07-22T10:57:31.943546" elapsed="4.248827"/>
</kw>
<kw name="Sleep" owner="BuiltIn">
<msg time="2025-07-22T10:57:39.193563" level="INFO">Slept 3 seconds.</msg>
<arg>time_=3s</arg>
<doc>Pauses the test executed for the given time.</doc>
<status status="PASS" start="2025-07-22T10:57:36.192691" elapsed="3.001009"/>
</kw>
<status status="PASS" start="2025-07-22T10:57:31.942887" elapsed="7.250939"/>
</kw>
<kw name="Page Signup/Login Load Successfully" owner="ClickElement">
<kw name="Page Should Contain Element" owner="SeleniumLibrary">
<msg time="2025-07-22T10:57:39.724887" level="INFO">Current page contains element 'xpath=//*[@id="form"]/div/div/div[1]/div/h2'.</msg>
<arg>${VERIFY_LOGIN_TEXT}</arg>
<doc>Verifies that element ``locator`` is found on the current page.</doc>
<status status="PASS" start="2025-07-22T10:57:39.194387" elapsed="0.530826"/>
</kw>
<kw name="Page Should Contain Element" owner="SeleniumLibrary">
<msg time="2025-07-22T10:57:40.258150" level="INFO">Current page contains element 'xpath=//*[@id="form"]/div/div/div[3]/div/h2'.</msg>
<arg>${VERIFY_SIGNUP_TEXT}</arg>
<doc>Verifies that element ``locator`` is found on the current page.</doc>
<status status="PASS" start="2025-07-22T10:57:39.725842" elapsed="0.532607"/>
</kw>
<status status="PASS" start="2025-07-22T10:57:39.194048" elapsed="1.064716"/>
</kw>
<status status="PASS" start="2025-07-22T10:57:25.906258" elapsed="14.352737"/>
</kw>
<kw name="Submit Valid Login Data" owner="LoginApp">
<kw name="Input Valid Email and Password Data" owner="LoginApp">
<kw name="Input EmailAddress Element" owner="EmailAndPasswordForm">
<kw name="Input Text Element" owner="CommonKeywords">
<kw name="Wait Until Element Is Enabled" owner="SeleniumLibrary">
<arg>${locator}</arg>
<doc>Waits until the element ``locator`` is enabled.</doc>
<status status="PASS" start="2025-07-22T10:57:40.265706" elapsed="1.575282"/>
</kw>
<kw name="Input Text" owner="SeleniumLibrary">
<msg time="2025-07-22T10:57:41.842177" level="INFO">Typing text 'edvin@edvin.com' into text field 'xpath=//*[@id="form"]/div/div/div[1]/div/form/input[2]'.</msg>
<arg>${locator}</arg>
<arg>${text}</arg>
<doc>Types the given ``text`` into the text field identified by ``locator``.</doc>
<status status="PASS" start="2025-07-22T10:57:41.841527" elapsed="1.660453"/>
</kw>
<arg>${EMAIL_INPUT_LOGIN}</arg>
<arg>${emailAddress}</arg>
<status status="PASS" start="2025-07-22T10:57:40.264489" elapsed="3.237777"/>
</kw>
<arg>${emailAddress}</arg>
<status status="PASS" start="2025-07-22T10:57:40.263552" elapsed="3.238863"/>
</kw>
<kw name="Input Password Element" owner="EmailAndPasswordForm">
<kw name="Input Text Element" owner="CommonKeywords">
<kw name="Wait Until Element Is Enabled" owner="SeleniumLibrary">
<arg>${locator}</arg>
<doc>Waits until the element ``locator`` is enabled.</doc>
<status status="PASS" start="2025-07-22T10:57:43.504863" elapsed="1.543312"/>
</kw>
<kw name="Input Text" owner="SeleniumLibrary">
<msg time="2025-07-22T10:57:45.049074" level="INFO">Typing text '123' into text field 'xpath=//*[@id="form"]/div/div/div[1]/div/form/input[3]'.</msg>
<arg>${locator}</arg>
<arg>${text}</arg>
<doc>Types the given ``text`` into the text field identified by ``locator``.</doc>
<status status="PASS" start="2025-07-22T10:57:45.048594" elapsed="1.621112"/>
</kw>
<arg>${PASSWORD_INPUT_LOGIN}</arg>
<arg>${password}</arg>
<status status="PASS" start="2025-07-22T10:57:43.504233" elapsed="3.165739"/>
</kw>
<arg>${password}</arg>
<status status="PASS" start="2025-07-22T10:57:43.502933" elapsed="3.167207"/>
</kw>
<arg>${VALID_EMAIL}</arg>
<arg>${VALID_PASSWORD}</arg>
<status status="PASS" start="2025-07-22T10:57:40.260994" elapsed="6.409290"/>
</kw>
<kw name="Click Login Element" owner="LoginClickElement">
<kw name="Click Element By Locator" owner="ClickActionsApp">
<kw name="Wait Until Element Is Enabled" owner="SeleniumLibrary">
<arg>${locator}</arg>
<doc>Waits until the element ``locator`` is enabled.</doc>
<status status="PASS" start="2025-07-22T10:57:46.672498" elapsed="1.541981"/>
</kw>
<kw name="Click Element" owner="SeleniumLibrary">
<msg time="2025-07-22T10:57:48.215462" level="INFO">Clicking element 'xpath=//*[@id="form"]/div/div/div[1]/div/form/button'.</msg>
<arg>${locator}</arg>
<doc>Click the element identified by ``locator``.</doc>
<status status="PASS" start="2025-07-22T10:57:48.214951" elapsed="3.550648"/>
</kw>
<arg>${LOGIN_BUTTON}</arg>
<status status="PASS" start="2025-07-22T10:57:46.671800" elapsed="5.094775"/>
</kw>
<status status="PASS" start="2025-07-22T10:57:46.670789" elapsed="5.096120"/>
</kw>
<status status="PASS" start="2025-07-22T10:57:40.260052" elapsed="11.507120"/>
</kw>
<kw name="Navigate To Products Page" owner="AccessControlApp">
<kw name="Click Element By Locator" owner="ClickActionsApp">
<kw name="Wait Until Element Is Enabled" owner="SeleniumLibrary">
<arg>${locator}</arg>
<doc>Waits until the element ``locator`` is enabled.</doc>
<status status="PASS" start="2025-07-22T10:57:51.772011" elapsed="1.575242"/>
</kw>
<kw name="Click Element" owner="SeleniumLibrary">
<msg time="2025-07-22T10:57:53.348952" level="INFO">Clicking element 'xpath=//*[@id="header"]/div/div/div/div[2]/div/ul/li[2]/a'.</msg>
<arg>${locator}</arg>
<doc>Click the element identified by ``locator``.</doc>
<status status="PASS" start="2025-07-22T10:57:53.348078" elapsed="2.263124"/>
</kw>
<arg>${PRODUCTS_LINK}</arg>
<status status="PASS" start="2025-07-22T10:57:51.770415" elapsed="3.841262"/>
</kw>
<kw name="Wait Until Element Is Enabled" owner="SeleniumLibrary">
<arg>${PRODUCT_PAGE_TEXT}</arg>
<doc>Waits until the element ``locator`` is enabled.</doc>
<status status="PASS" start="2025-07-22T10:57:55.612433" elapsed="1.696914"/>
</kw>
<status status="PASS" start="2025-07-22T10:57:51.768709" elapsed="5.540842"/>
</kw>
<kw name="Add Item To Cart" owner="AccessControlApp">
<kw name="Scroll Element Into View" owner="SeleniumLibrary">
<arg>${ARTICLE}</arg>
<doc>Scrolls the element identified by ``locator`` into view.</doc>
<status status="PASS" start="2025-07-22T10:57:57.310666" elapsed="1.302028"/>
</kw>
<kw name="Mouse Over" owner="SeleniumLibrary">
<msg time="2025-07-22T10:57:58.614420" level="INFO">Simulating Mouse Over on element 'xpath=/html/body/section[2]/div[1]/div/div[2]/div/div[3]/div/div[1]/div[1]'.</msg>
<arg>${ARTICLE}</arg>
<doc>Simulates hovering the mouse over the element ``locator``.</doc>
<status status="PASS" start="2025-07-22T10:57:58.613516" elapsed="1.305363"/>
</kw>
<kw name="Sleep" owner="BuiltIn">
<msg time="2025-07-22T10:58:00.920138" level="INFO">Slept 1 second.</msg>
<arg>1s</arg>
<doc>Pauses the test executed for the given time.</doc>
<status status="PASS" start="2025-07-22T10:57:59.919092" elapsed="1.001165"/>
</kw>
<kw name="Execute Javascript" owner="SeleniumLibrary">
<msg time="2025-07-22T10:58:00.921005" level="INFO">Executing JavaScript:
document.querySelector('a[data-product-id="2"]').click()
Without any arguments.</msg>
<arg>document.querySelector('a[data-product-id="2"]').click()</arg>
<doc>Executes the given JavaScript code with possible arguments.</doc>
<status status="PASS" start="2025-07-22T10:58:00.920477" elapsed="0.511497"/>
</kw>
<kw name="Wait Until Element Is Enabled" owner="SeleniumLibrary">
<arg>${SUCCESSFUL_ADDED_TEXT}</arg>
<doc>Waits until the element ``locator`` is enabled.</doc>
<status status="PASS" start="2025-07-22T10:58:01.432799" elapsed="1.555629"/>
</kw>
<doc>Adding first article to cart</doc>
<status status="PASS" start="2025-07-22T10:57:57.310196" elapsed="5.678705"/>
</kw>
<kw name="Redirect To Shopping Cart Page" owner="AccessControlApp">
<kw name="Wait Until Element Is Enabled" owner="SeleniumLibrary">
<arg>${VIEW_CART_LINK}</arg>
<doc>Waits until the element ``locator`` is enabled.</doc>
<status status="PASS" start="2025-07-22T10:58:02.991513" elapsed="1.572747"/>
</kw>
<kw name="Click Element By Locator" owner="ClickActionsApp">
<kw name="Wait Until Element Is Enabled" owner="SeleniumLibrary">
<arg>${locator}</arg>
<doc>Waits until the element ``locator`` is enabled.</doc>
<status status="PASS" start="2025-07-22T10:58:04.567072" elapsed="1.567336"/>
</kw>
<kw name="Click Element" owner="SeleniumLibrary">
<msg time="2025-07-22T10:58:06.135559" level="INFO">Clicking element 'xpath=//*[@id="cartModal"]/div/div/div[2]/p[2]/a'.</msg>
<arg>${locator}</arg>
<doc>Click the element identified by ``locator``.</doc>
<status status="PASS" start="2025-07-22T10:58:06.134954" elapsed="2.627572"/>
</kw>
<arg>${VIEW_CART_LINK}</arg>
<status status="PASS" start="2025-07-22T10:58:04.565408" elapsed="4.197426"/>
</kw>
<kw name="Wait Until Element Is Enabled" owner="SeleniumLibrary">
<arg>${SHOPPING_CART_LOADED}</arg>
<doc>Waits until the element ``locator`` is enabled.</doc>
<status status="PASS" start="2025-07-22T10:58:08.763283" elapsed="1.577016"/>
</kw>
<doc>User was successfully redirect to shopping cart page with selected articles</doc>
<status status="PASS" start="2025-07-22T10:58:02.990269" elapsed="7.350492"/>
</kw>
<kw name="Procees To Checkout and Finish Payment" owner="AccessControlApp">
<kw name="Click Element By Locator" owner="ClickActionsApp">
<kw name="Wait Until Element Is Enabled" owner="SeleniumLibrary">
<arg>${locator}</arg>
<doc>Waits until the element ``locator`` is enabled.</doc>
<status status="PASS" start="2025-07-22T10:58:10.345091" elapsed="1.571141"/>
</kw>
<kw name="Click Element" owner="SeleniumLibrary">
<msg time="2025-07-22T10:58:11.917562" level="INFO">Clicking element 'xpath=//*[@id="do_action"]/div[1]/div/div/a'.</msg>
<arg>${locator}</arg>
<doc>Click the element identified by ``locator``.</doc>
<status status="PASS" start="2025-07-22T10:58:11.916871" elapsed="2.173676"/>
</kw>
<arg>${PROCEED_TO_CHECKOUT_BUTTON}</arg>
<status status="PASS" start="2025-07-22T10:58:10.343719" elapsed="3.747065"/>
</kw>
<kw name="Scroll Element Into View" owner="SeleniumLibrary">
<arg>${REVIEW_ORDER_TEXT}</arg>
<doc>Scrolls the element identified by ``locator`` into view.</doc>
<status status="PASS" start="2025-07-22T10:58:14.091141" elapsed="1.309715"/>
</kw>
<kw name="Scroll Element Into View" owner="SeleniumLibrary">
<arg>${PLACE_ORDER_BUTTON}</arg>
<doc>Scrolls the element identified by ``locator`` into view.</doc>
<status status="PASS" start="2025-07-22T10:58:15.401666" elapsed="1.354457"/>
</kw>
<kw name="Wait Until Element Is Enabled" owner="SeleniumLibrary">
<arg>${PLACE_ORDER_BUTTON}</arg>
<doc>Waits until the element ``locator`` is enabled.</doc>
<status status="PASS" start="2025-07-22T10:58:16.756951" elapsed="1.570940"/>
</kw>
<kw name="Click Element By Locator" owner="ClickActionsApp">
<kw name="Wait Until Element Is Enabled" owner="SeleniumLibrary">
<arg>${locator}</arg>
<doc>Waits until the element ``locator`` is enabled.</doc>
<status status="PASS" start="2025-07-22T10:58:18.330472" elapsed="1.534806"/>
</kw>
<kw name="Click Element" owner="SeleniumLibrary">
<msg time="2025-07-22T10:58:19.866920" level="INFO">Clicking element 'xpath=//*[@id="cart_items"]/div/div[7]/a'.</msg>
<arg>${locator}</arg>
<doc>Click the element identified by ``locator``.</doc>
<status status="PASS" start="2025-07-22T10:58:19.866075" elapsed="2.736976"/>
</kw>
<arg>${PLACE_ORDER_BUTTON}</arg>
<status status="PASS" start="2025-07-22T10:58:18.328940" elapsed="4.274909"/>
</kw>
<kw name="Wait Until Element Is Enabled" owner="SeleniumLibrary">
<arg>${PAYMENT_PAGE_TEXT}</arg>
<doc>Waits until the element ``locator`` is enabled.</doc>
<status status="PASS" start="2025-07-22T10:58:22.604773" elapsed="1.593924"/>
</kw>
<kw name="Fill Payment Fied" owner="AccessControlApp">
<kw name="Input Name Card Element" owner="PaymentForm">
<kw name="Input Text Element" owner="CommonKeywords">
<kw name="Wait Until Element Is Enabled" owner="SeleniumLibrary">
<arg>${locator}</arg>
<doc>Waits until the element ``locator`` is enabled.</doc>
<status status="PASS" start="2025-07-22T10:58:24.202559" elapsed="1.553523"/>
</kw>
<kw name="Input Text" owner="SeleniumLibrary">
<msg time="2025-07-22T10:58:25.756625" level="INFO">Typing text 'Edvin' into text field 'xpath=//*[@id="payment-form"]/div[1]/div/input'.</msg>
<arg>${locator}</arg>
<arg>${text}</arg>
<doc>Types the given ``text`` into the text field identified by ``locator``.</doc>
<status status="PASS" start="2025-07-22T10:58:25.756322" elapsed="1.623611"/>
</kw>
<arg>${CARD_NAME_FIELD}</arg>
<arg>${NAME_CARD}</arg>
<status status="PASS" start="2025-07-22T10:58:24.202184" elapsed="3.178148"/>
</kw>
<status status="PASS" start="2025-07-22T10:58:24.201036" elapsed="3.179459"/>
</kw>
<kw name="Input Card Number Element" owner="PaymentForm">
<kw name="Input Text Element" owner="CommonKeywords">
<kw name="Wait Until Element Is Enabled" owner="SeleniumLibrary">
<arg>${locator}</arg>
<doc>Waits until the element ``locator`` is enabled.</doc>
<status status="PASS" start="2025-07-22T10:58:27.381956" elapsed="1.540258"/>
</kw>
<kw name="Input Text" owner="SeleniumLibrary">
<msg time="2025-07-22T10:58:28.922715" level="INFO">Typing text '52687413965' into text field 'xpath=//*[@id="payment-form"]/div[2]/div/input'.</msg>
<arg>${locator}</arg>
<arg>${text}</arg>
<doc>Types the given ``text`` into the text field identified by ``locator``.</doc>
<status status="PASS" start="2025-07-22T10:58:28.922438" elapsed="1.626772"/>
</kw>
<arg>${CARD_NUMBER_FIELD}</arg>
<arg>${NUMBER_CARD}</arg>
<status status="PASS" start="2025-07-22T10:58:27.381438" elapsed="3.168090"/>
</kw>
<status status="PASS" start="2025-07-22T10:58:27.380930" elapsed="3.168789"/>
</kw>
<kw name="Input CVC Element" owner="PaymentForm">
<kw name="Input Text Element" owner="CommonKeywords">
<kw name="Wait Until Element Is Enabled" owner="SeleniumLibrary">
<arg>${locator}</arg>
<doc>Waits until the element ``locator`` is enabled.</doc>
<status status="PASS" start="2025-07-22T10:58:30.552578" elapsed="1.577302"/>
</kw>
<kw name="Input Text" owner="SeleniumLibrary">
<msg time="2025-07-22T10:58:32.131433" level="INFO">Typing text '506' into text field 'xpath=//*[@id="payment-form"]/div[3]/div[1]/input'.</msg>
<arg>${locator}</arg>
<arg>${text}</arg>
<doc>Types the given ``text`` into the text field identified by ``locator``.</doc>
<status status="PASS" start="2025-07-22T10:58:32.130457" elapsed="1.655829"/>
</kw>
<arg>${CVC_FIELD}</arg>
<arg>${CVC}</arg>
<status status="PASS" start="2025-07-22T10:58:30.551480" elapsed="3.235471"/>
</kw>
<status status="PASS" start="2025-07-22T10:58:30.550293" elapsed="3.237086"/>
</kw>
<kw name="Input Expiration Mont Element" owner="PaymentForm">
<kw name="Input Text Element" owner="CommonKeywords">
<kw name="Wait Until Element Is Enabled" owner="SeleniumLibrary">
<arg>${locator}</arg>
<doc>Waits until the element ``locator`` is enabled.</doc>
<status status="PASS" start="2025-07-22T10:58:33.791244" elapsed="1.554621"/>
</kw>
<kw name="Input Text" owner="SeleniumLibrary">
<msg time="2025-07-22T10:58:35.347764" level="INFO">Typing text '05' into text field 'xpath=//*[@id="payment-form"]/div[3]/div[2]/input'.</msg>
<arg>${locator}</arg>
<arg>${text}</arg>
<doc>Types the given ``text`` into the text field identified by ``locator``.</doc>
<status status="PASS" start="2025-07-22T10:58:35.346777" elapsed="1.667579"/>
</kw>
<arg>${EXPIRATION_MONTH_FIELD}</arg>
<arg>${MONTH_EXP}</arg>
<status status="PASS" start="2025-07-22T10:58:33.790278" elapsed="3.224633"/>
</kw>
<status status="PASS" start="2025-07-22T10:58:33.788461" elapsed="3.226766"/>
</kw>
<kw name="Input Expiration Year Element" owner="PaymentForm">
<kw name="Input Text Element" owner="CommonKeywords">
<kw name="Wait Until Element Is Enabled" owner="SeleniumLibrary">
<arg>${locator}</arg>
<doc>Waits until the element ``locator`` is enabled.</doc>
<status status="PASS" start="2025-07-22T10:58:37.018705" elapsed="1.546640"/>
</kw>
<kw name="Input Text" owner="SeleniumLibrary">
<msg time="2025-07-22T10:58:38.567255" level="INFO">Typing text '2028' into text field 'xpath=//*[@id="payment-form"]/div[3]/div[3]/input'.</msg>
<arg>${locator}</arg>
<arg>${text}</arg>
<doc>Types the given ``text`` into the text field identified by ``locator``.</doc>
<status status="PASS" start="2025-07-22T10:58:38.566198" elapsed="1.678884"/>
</kw>
<arg>${EXPIRATION_YEAR_FIELD}</arg>
<arg>${YEAR_EXP}</arg>
<status status="PASS" start="2025-07-22T10:58:37.017343" elapsed="3.228282"/>
</kw>
<status status="PASS" start="2025-07-22T10:58:37.016041" elapsed="3.229971"/>
</kw>
<status status="PASS" start="2025-07-22T10:58:24.199717" elapsed="16.046594"/>
</kw>
<kw name="Click Element By Locator" owner="ClickActionsApp">
<kw name="Wait Until Element Is Enabled" owner="SeleniumLibrary">
<arg>${locator}</arg>
<doc>Waits until the element ``locator`` is enabled.</doc>
<status status="PASS" start="2025-07-22T10:58:40.248712" elapsed="1.561628"/>
</kw>
<kw name="Click Element" owner="SeleniumLibrary">
<msg time="2025-07-22T10:58:41.812033" level="INFO">Clicking element 'xpath=//*[@id="submit"]'.</msg>
<arg>${locator}</arg>
<doc>Click the element identified by ``locator``.</doc>
<status status="PASS" start="2025-07-22T10:58:41.811174" elapsed="3.980511"/>
</kw>
<arg>${PAY_CONFIRM_BUTTON}</arg>
<status status="PASS" start="2025-07-22T10:58:40.247194" elapsed="5.544643"/>
</kw>
<kw name="Wait Until Element Is Enabled" owner="SeleniumLibrary">
<arg>${ORDER_PLACED_TEXT}</arg>
<doc>Waits until the element ``locator`` is enabled.</doc>
<status status="PASS" start="2025-07-22T10:58:45.792091" elapsed="1.548072"/>
</kw>
<doc>The logged in user can continue oredring and payig for products in the cart</doc>
<status status="PASS" start="2025-07-22T10:58:10.342387" elapsed="36.998008"/>
</kw>
<kw name="Successfully Redirect User to Home Page After Ordered" owner="AccessControlApp">
<kw name="Wait Until Element Is Enabled" owner="SeleniumLibrary">
<arg>${CONTINUE_ORDER_BUTTON}</arg>
<doc>Waits until the element ``locator`` is enabled.</doc>
<status status="PASS" start="2025-07-22T10:58:47.356035" elapsed="1.604542"/>
</kw>
<kw name="Click Element By Locator" owner="ClickActionsApp">
<kw name="Wait Until Element Is Enabled" owner="SeleniumLibrary">
<arg>${locator}</arg>
<doc>Waits until the element ``locator`` is enabled.</doc>
<status status="PASS" start="2025-07-22T10:58:48.962876" elapsed="1.541182"/>
</kw>
<kw name="Click Element" owner="SeleniumLibrary">
<msg time="2025-07-22T10:58:50.505756" level="INFO">Clicking element 'xpath=//*[@id="form"]/div/div/div/div/a'.</msg>
<arg>${locator}</arg>
<doc>Click the element identified by ``locator``.</doc>
<status status="PASS" start="2025-07-22T10:58:50.504848" elapsed="3.375366"/>
</kw>
<arg>${CONTINUE_ORDER_BUTTON}</arg>
<status status="PASS" start="2025-07-22T10:58:48.961538" elapsed="4.919196"/>
</kw>
<kw name="Wait Until Element Is Enabled" owner="SeleniumLibrary">
<arg>${HOME_PAGE_CHECK}</arg>
<doc>Waits until the element ``locator`` is enabled.</doc>
<status status="PASS" start="2025-07-22T10:58:53.881882" elapsed="1.594150"/>
</kw>
<status status="PASS" start="2025-07-22T10:58:47.355422" elapsed="8.121068"/>
</kw>
<kw name="End Web Test" owner="Common" type="TEARDOWN">
<kw name="Close All Browsers" owner="SeleniumLibrary">
<doc>Closes all open browsers and resets the browser cache.</doc>
<status status="PASS" start="2025-07-22T10:58:55.480131" elapsed="3.191184"/>
</kw>
<status status="PASS" start="2025-07-22T10:58:55.478574" elapsed="3.193186"/>
</kw>
<doc>Logged in user can complete the order and payment for the product</doc>
<status status="PASS" start="2025-07-22T10:57:23.516137" elapsed="95.157365"/>
</test>
<status status="PASS" start="2025-07-22T10:57:23.010729" elapsed="95.666854"/>
</suite>
<statistics>
<total>
<stat pass="1" fail="0" skip="0">All Tests</stat>
</total>
<tag>
</tag>
<suite>
<stat name="Access" id="s1" pass="1" fail="0" skip="0">Access</stat>
</suite>
</statistics>
<errors>
<msg time="2025-07-22T10:57:23.663932" level="WARN">Exception managing MicrosoftEdge: error sending request for url (https://msedgedriver.azureedge.net/LATEST_RELEASE_138_WINDOWS)</msg>
</errors>
</robot>
