<?xml version="1.0" encoding="UTF-8"?>
<robot generator="Robot 7.3.2 (Python 3.13.5 on win32)" generated="2025-07-21T12:13:12.820807" rpa="false" schemaversion="5">
<suite id="s1" name="Emptyloginfield" source="C:\development\Robot-Task_1\tests\login\emptyloginfield.robot">
<kw name="Prepare Test User" owner="SignupSuite" type="SETUP">
<kw name="Generate Random User Data" owner="SignupKeyword">
<kw name="Generate Random String" owner="String">
<msg time="2025-07-21T12:13:13.263580" level="INFO">${name} = owtajh</msg>
<var>${name}</var>
<arg>6</arg>
<arg>[LOWER]</arg>
<doc>Generates a string with a desired ``length`` from the given ``chars``.</doc>
<status status="PASS" start="2025-07-21T12:13:13.263282" elapsed="0.000342"/>
</kw>
<kw name="Set Variable" owner="BuiltIn">
<msg time="2025-07-21T12:13:13.263996" level="INFO">${email} = owtajh@exampletest.com</msg>
<var>${email}</var>
<arg>${name}@exampletest.com</arg>
<doc>Returns the given values which can then be assigned to a variables.</doc>
<status status="PASS" start="2025-07-21T12:13:13.263807" elapsed="0.000226"/>
</kw>
<kw name="Generate Random String" owner="String">
<msg time="2025-07-21T12:13:13.264391" level="INFO">${password} = OMORerbDqH</msg>
<var>${password}</var>
<arg>10</arg>
<arg>[LETTERS]</arg>
<doc>Generates a string with a desired ``length`` from the given ``chars``.</doc>
<status status="PASS" start="2025-07-21T12:13:13.264176" elapsed="0.000247"/>
</kw>
<kw name="Set Variable" owner="BuiltIn">
<msg time="2025-07-21T12:13:13.264693" level="INFO">${day} = 10</msg>
<var>${day}</var>
<arg>10</arg>
<doc>Returns the given values which can then be assigned to a variables.</doc>
<status status="PASS" start="2025-07-21T12:13:13.264561" elapsed="0.000163"/>
</kw>
<kw name="Set Variable" owner="BuiltIn">
<msg time="2025-07-21T12:13:13.264982" level="INFO">${month} = 8</msg>
<var>${month}</var>
<arg>8</arg>
<doc>Returns the given values which can then be assigned to a variables.</doc>
<status status="PASS" start="2025-07-21T12:13:13.264854" elapsed="0.000162"/>
</kw>
<kw name="Set Variable" owner="BuiltIn">
<msg time="2025-07-21T12:13:13.265277" level="INFO">${year} = 1997</msg>
<var>${year}</var>
<arg>1997</arg>
<doc>Returns the given values which can then be assigned to a variables.</doc>
<status status="PASS" start="2025-07-21T12:13:13.265142" elapsed="0.000165"/>
</kw>
<kw name="Set Variable" owner="BuiltIn">
<msg time="2025-07-21T12:13:13.265584" level="INFO">${firstname} = owtajh</msg>
<var>${firstname}</var>
<arg>${name}</arg>
<doc>Returns the given values which can then be assigned to a variables.</doc>
<status status="PASS" start="2025-07-21T12:13:13.265430" elapsed="0.000184"/>
</kw>
<kw name="Generate Random String" owner="String">
<msg time="2025-07-21T12:13:13.265940" level="INFO">${lastname} = MxtsIQ</msg>
<var>${lastname}</var>
<arg>6</arg>
<arg>[LETTERS]</arg>
<doc>Generates a string with a desired ``length`` from the given ``chars``.</doc>
<status status="PASS" start="2025-07-21T12:13:13.265739" elapsed="0.000233"/>
</kw>
<kw name="Set Variable" owner="BuiltIn">
<msg time="2025-07-21T12:13:13.266281" level="INFO">${address} = Ulica owtajh 1</msg>
<var>${address}</var>
<arg>Ulica ${name} 1</arg>
<doc>Returns the given values which can then be assigned to a variables.</doc>
<status status="PASS" start="2025-07-21T12:13:13.266105" elapsed="0.000242"/>
</kw>
<kw name="Set Variable" owner="BuiltIn">
<msg time="2025-07-21T12:13:13.266753" level="INFO">${country} = Australia</msg>
<var>${country}</var>
<arg>Australia</arg>
<doc>Returns the given values which can then be assigned to a variables.</doc>
<status status="PASS" start="2025-07-21T12:13:13.266528" elapsed="0.000262"/>
</kw>
<kw name="Set Variable" owner="BuiltIn">
<msg time="2025-07-21T12:13:13.267152" level="INFO">${state} = StateMxtsIQ</msg>
<var>${state}</var>
<arg>State${lastname}</arg>
<doc>Returns the given values which can then be assigned to a variables.</doc>
<status status="PASS" start="2025-07-21T12:13:13.266956" elapsed="0.000232"/>
</kw>
<kw name="Set Variable" owner="BuiltIn">
<msg time="2025-07-21T12:13:13.267583" level="INFO">${city} = Cityowtajh</msg>
<var>${city}</var>
<arg>City${name}</arg>
<doc>Returns the given values which can then be assigned to a variables.</doc>
<status status="PASS" start="2025-07-21T12:13:13.267353" elapsed="0.000268"/>
</kw>
<kw name="Generate Random String" owner="String">
<msg time="2025-07-21T12:13:13.268342" level="INFO">${zipcode} = 50764</msg>
<var>${zipcode}</var>
<arg>5</arg>
<arg>[NUMBERS]</arg>
<doc>Generates a string with a desired ``length`` from the given ``chars``.</doc>
<status status="PASS" start="2025-07-21T12:13:13.267881" elapsed="0.000524"/>
</kw>
<kw name="Generate Random String" owner="String">
<msg time="2025-07-21T12:13:13.269014" level="INFO">${mobile} = 201657464</msg>
<var>${mobile}</var>
<arg>9</arg>
<arg>[NUMBERS]</arg>
<doc>Generates a string with a desired ``length`` from the given ``chars``.</doc>
<status status="PASS" start="2025-07-21T12:13:13.268640" elapsed="0.000436"/>
</kw>
<kw name="Create Dictionary" owner="BuiltIn">
<msg time="2025-07-21T12:13:13.270861" level="INFO">${user} = {'NAME': 'owtajh', 'LASTNAME': 'MxtsIQ', 'EMAIL': 'owtajh@exampletest.com', 'PASSWORD': 'OMORerbDqH', 'DAY': '10', 'MONTH': '8', 'YEAR': '1997', 'ADDRESS': 'Ulica owtajh 1', 'COUNTRY': 'Australia', 'S...</msg>
<var>${user}</var>
<arg>NAME=${name}</arg>
<arg>LASTNAME=${lastname}</arg>
<arg>EMAIL=${email}</arg>
<arg>PASSWORD=${password}</arg>
<arg>DAY=${day}</arg>
<arg>MONTH=${month}</arg>
<arg>YEAR=${year}</arg>
<arg>ADDRESS=${address}</arg>
<arg>COUNTRY=${country}</arg>
<arg>STATE=${state}</arg>
<arg>CITY=${city}</arg>
<arg>ZIPCODE=${zipcode}</arg>
<arg>MOBILE=${mobile}</arg>
<doc>Creates and returns a dictionary based on the given ``items``.</doc>
<status status="PASS" start="2025-07-21T12:13:13.269495" elapsed="0.001414"/>
</kw>
<return>
<value>${user}</value>
<status status="PASS" start="2025-07-21T12:13:13.271062" elapsed="0.000079"/>
</return>
<msg time="2025-07-21T12:13:13.271463" level="INFO">${generated_user} = {'NAME': 'owtajh', 'LASTNAME': 'MxtsIQ', 'EMAIL': 'owtajh@exampletest.com', 'PASSWORD': 'OMORerbDqH', 'DAY': '10', 'MONTH': '8', 'YEAR': '1997', 'ADDRESS': 'Ulica owtajh 1', 'COUNTRY': 'Australia', 'S...</msg>
<var>${generated_user}</var>
<status status="PASS" start="2025-07-21T12:13:13.262588" elapsed="0.008934"/>
</kw>
<kw name="Set Suite Variable" owner="BuiltIn">
<msg time="2025-07-21T12:13:13.271980" level="INFO">${user} = {'NAME': 'owtajh', 'LASTNAME': 'MxtsIQ', 'EMAIL': 'owtajh@exampletest.com', 'PASSWORD': 'OMORerbDqH', 'DAY': '10', 'MONTH': '8', 'YEAR': '1997', 'ADDRESS': 'Ulica owtajh 1', 'COUNTRY': 'Australia', 'S...</msg>
<arg>${user}</arg>
<arg>${generated_user}</arg>
<doc>Makes a variable available everywhere within the scope of the current suite.</doc>
<status status="PASS" start="2025-07-21T12:13:13.271727" elapsed="0.000320"/>
</kw>
<status status="PASS" start="2025-07-21T12:13:13.262212" elapsed="0.009926"/>
</kw>
<test id="s1-t1" name="Validate Login Page with Incorrect Email and Password" line="33">
<kw name="Begin Web Test" owner="Common" type="SETUP">
<kw name="Open Browser" owner="SeleniumLibrary">
<msg time="2025-07-21T12:13:13.273654" level="INFO">Opening browser 'edge' to base url 'about:blank'.</msg>
<msg time="2025-07-21T12:13:13.424141" level="WARN">Exception managing MicrosoftEdge: error sending request for url (https://msedgedriver.azureedge.net/LATEST_RELEASE_138_WINDOWS)</msg>
<arg>about:blank</arg>
<arg>${BROWSER}</arg>
<doc>Opens a new browser instance to the optional ``url``.</doc>
<status status="PASS" start="2025-07-21T12:13:13.273429" elapsed="1.342317"/>
</kw>
<kw name="Maximize Browser Window" owner="SeleniumLibrary">
<doc>Maximizes current browser window.</doc>
<status status="PASS" start="2025-07-21T12:13:14.616182" elapsed="0.043186"/>
</kw>
<status status="PASS" start="2025-07-21T12:13:13.273104" elapsed="1.386791"/>
</kw>
<kw name="Go To Signup/Login page" owner="SignupApp">
<kw name="Navigate To" owner="Landing">
<kw name="Go To" owner="SeleniumLibrary">
<msg time="2025-07-21T12:13:14.665554" level="INFO">Opening url 'https://automationexercise.com/'</msg>
<arg>${URL}</arg>
<doc>Navigates the current browser window to the provided ``url``.</doc>
<status status="PASS" start="2025-07-21T12:13:14.665164" elapsed="2.363504"/>
</kw>
<kw name="Click Element By Locator" owner="ClickActionsApp">
<kw name="Wait Until Element Is Enabled" owner="SeleniumLibrary">
<arg>${locator}</arg>
<doc>Waits until the element ``locator`` is enabled.</doc>
<status status="PASS" start="2025-07-21T12:13:17.029303" elapsed="0.044149"/>
</kw>
<kw name="Click Element" owner="SeleniumLibrary">
<msg time="2025-07-21T12:13:17.073942" level="INFO">Clicking element 'xpath=/html/body/div/div[2]/div[2]/div[2]/div[2]/button[1]/p'.</msg>
<arg>${locator}</arg>
<doc>Click the element identified by ``locator``.</doc>
<status status="PASS" start="2025-07-21T12:13:17.073686" elapsed="0.146464"/>
</kw>
<arg>${CONSENT_TEXT}</arg>
<status status="PASS" start="2025-07-21T12:13:17.028936" elapsed="0.191436"/>
</kw>
<kw name="Wait Until Page Contains Element" owner="SeleniumLibrary">
<arg>${VERIFY_LANDING_PAGE_TEXT}</arg>
<doc>Waits until the element ``locator`` appears on the current page.</doc>
<status status="PASS" start="2025-07-21T12:13:17.220663" elapsed="0.019003"/>
</kw>
<status status="PASS" start="2025-07-21T12:13:14.664442" elapsed="2.575375"/>
</kw>
<kw name="Click Signup/Login Link" owner="ClickElement">
<kw name="Click Element By Locator" owner="ClickActionsApp">
<kw name="Wait Until Element Is Enabled" owner="SeleniumLibrary">
<arg>${locator}</arg>
<doc>Waits until the element ``locator`` is enabled.</doc>
<status status="PASS" start="2025-07-21T12:13:17.240922" elapsed="0.057456"/>
</kw>
<kw name="Click Element" owner="SeleniumLibrary">
<msg time="2025-07-21T12:13:17.298806" level="INFO">Clicking element 'xpath=//*[@id="header"]/div/div/div/div[2]/div/ul/li[4]/a'.</msg>
<arg>${locator}</arg>
<doc>Click the element identified by ``locator``.</doc>
<status status="PASS" start="2025-07-21T12:13:17.298582" elapsed="1.170889"/>
</kw>
<arg>${SIGNUP_LOGIN_LINK}</arg>
<status status="PASS" start="2025-07-21T12:13:17.240497" elapsed="1.229343"/>
</kw>
<kw name="Sleep" owner="BuiltIn">
<msg time="2025-07-21T12:13:21.471541" level="INFO">Slept 3 seconds.</msg>
<arg>time_=3s</arg>
<doc>Pauses the test executed for the given time.</doc>
<status status="PASS" start="2025-07-21T12:13:18.470234" elapsed="3.001517"/>
</kw>
<status status="PASS" start="2025-07-21T12:13:17.240081" elapsed="4.231884"/>
</kw>
<kw name="Page Signup/Login Load Successfully" owner="ClickElement">
<kw name="Page Should Contain Element" owner="SeleniumLibrary">
<msg time="2025-07-21T12:13:21.503404" level="INFO">Current page contains element 'xpath=//*[@id="form"]/div/div/div[1]/div/h2'.</msg>
<arg>${VERIFY_LOGIN_TEXT}</arg>
<doc>Verifies that element ``locator`` is found on the current page.</doc>
<status status="PASS" start="2025-07-21T12:13:21.473559" elapsed="0.029938"/>
</kw>
<kw name="Page Should Contain Element" owner="SeleniumLibrary">
<msg time="2025-07-21T12:13:21.518733" level="INFO">Current page contains element 'xpath=//*[@id="form"]/div/div/div[3]/div/h2'.</msg>
<arg>${VERIFY_SIGNUP_TEXT}</arg>
<doc>Verifies that element ``locator`` is found on the current page.</doc>
<status status="PASS" start="2025-07-21T12:13:21.503702" elapsed="0.015140"/>
</kw>
<status status="PASS" start="2025-07-21T12:13:21.472440" elapsed="0.046500"/>
</kw>
<status status="PASS" start="2025-07-21T12:13:14.662940" elapsed="6.856064"/>
</kw>
<kw name="Input Invalid Login Credentials" owner="LoginApp">
<kw name="Input EmailAddress Element" owner="EmailAndPasswordForm">
<kw name="Input Text Element" owner="CommonKeywords">
<kw name="Wait Until Element Is Enabled" owner="SeleniumLibrary">
<arg>${locator}</arg>
<doc>Waits until the element ``locator`` is enabled.</doc>
<status status="PASS" start="2025-07-21T12:13:21.520651" elapsed="0.040503"/>
</kw>
<kw name="Input Text" owner="SeleniumLibrary">
<msg time="2025-07-21T12:13:21.561751" level="INFO">Typing text 'wrong@example.com' into text field 'xpath=//*[@id="form"]/div/div/div[1]/div/form/input[2]'.</msg>
<arg>${locator}</arg>
<arg>${text}</arg>
<doc>Types the given ``text`` into the text field identified by ``locator``.</doc>
<status status="PASS" start="2025-07-21T12:13:21.561416" elapsed="0.172167"/>
</kw>
<arg>${EMAIL_INPUT_LOGIN}</arg>
<arg>${emailAddress}</arg>
<status status="PASS" start="2025-07-21T12:13:21.520319" elapsed="0.213414"/>
</kw>
<arg>${email}</arg>
<status status="PASS" start="2025-07-21T12:13:21.519999" elapsed="0.213817"/>
</kw>
<kw name="Input Password Element" owner="EmailAndPasswordForm">
<kw name="Input Text Element" owner="CommonKeywords">
<kw name="Wait Until Element Is Enabled" owner="SeleniumLibrary">
<arg>${locator}</arg>
<doc>Waits until the element ``locator`` is enabled.</doc>
<status status="PASS" start="2025-07-21T12:13:21.735298" elapsed="0.027901"/>
</kw>
<kw name="Input Text" owner="SeleniumLibrary">
<msg time="2025-07-21T12:13:21.763830" level="INFO">Typing text 'wrongpass123' into text field 'xpath=//*[@id="form"]/div/div/div[1]/div/form/input[3]'.</msg>
<arg>${locator}</arg>
<arg>${text}</arg>
<doc>Types the given ``text`` into the text field identified by ``locator``.</doc>
<status status="PASS" start="2025-07-21T12:13:21.763473" elapsed="0.100035"/>
</kw>
<arg>${PASSWORD_INPUT_LOGIN}</arg>
<arg>${password}</arg>
<status status="PASS" start="2025-07-21T12:13:21.734726" elapsed="0.128970"/>
</kw>
<arg>${password}</arg>
<status status="PASS" start="2025-07-21T12:13:21.734031" elapsed="0.129881"/>
</kw>
<doc>Check login page using invalid email and/or password</doc>
<status status="PASS" start="2025-07-21T12:13:21.519529" elapsed="0.344550"/>
</kw>
<kw name="Click Login Element" owner="LoginClickElement">
<kw name="Click Element By Locator" owner="ClickActionsApp">
<kw name="Wait Until Element Is Enabled" owner="SeleniumLibrary">
<arg>${locator}</arg>
<doc>Waits until the element ``locator`` is enabled.</doc>
<status status="PASS" start="2025-07-21T12:13:21.866001" elapsed="0.031661"/>
</kw>
<kw name="Click Element" owner="SeleniumLibrary">
<msg time="2025-07-21T12:13:21.898279" level="INFO">Clicking element 'xpath=//*[@id="form"]/div/div/div[1]/div/form/button'.</msg>
<arg>${locator}</arg>
<doc>Click the element identified by ``locator``.</doc>
<status status="PASS" start="2025-07-21T12:13:21.897962" elapsed="1.243634"/>
</kw>
<arg>${LOGIN_BUTTON}</arg>
<status status="PASS" start="2025-07-21T12:13:21.865498" elapsed="1.276354"/>
</kw>
<status status="PASS" start="2025-07-21T12:13:21.864833" elapsed="1.277195"/>
</kw>
<kw name="Verify Login Error Message Is Displayed" owner="LoginApp">
<kw name="Wait Until Element Is Enabled" owner="SeleniumLibrary">
<arg>${INCORRECT_MESSAGE}</arg>
<doc>Waits until the element ``locator`` is enabled.</doc>
<status status="PASS" start="2025-07-21T12:13:23.142992" elapsed="0.106004"/>
</kw>
<status status="PASS" start="2025-07-21T12:13:23.142593" elapsed="0.106570"/>
</kw>
<kw name="End Web Test" owner="Common" type="TEARDOWN">
<kw name="Close All Browsers" owner="SeleniumLibrary">
<doc>Closes all open browsers and resets the browser cache.</doc>
<status status="PASS" start="2025-07-21T12:13:23.250628" elapsed="2.390603"/>
</kw>
<status status="PASS" start="2025-07-21T12:13:23.250037" elapsed="2.392237"/>
</kw>
<tag>negativ test: login validation</tag>
<status status="PASS" start="2025-07-21T12:13:13.272223" elapsed="12.372034"/>
</test>
<doc>Test cases for signup user on website</doc>
<status status="PASS" start="2025-07-21T12:13:12.822792" elapsed="12.828168"/>
</suite>
<statistics>
<total>
<stat pass="1" fail="0" skip="0">All Tests</stat>
</total>
<tag>
<stat pass="1" fail="0" skip="0">negativ test: login validation</stat>
</tag>
<suite>
<stat name="Emptyloginfield" id="s1" pass="1" fail="0" skip="0">Emptyloginfield</stat>
</suite>
</statistics>
<errors>
<msg time="2025-07-21T12:13:13.424141" level="WARN">Exception managing MicrosoftEdge: error sending request for url (https://msedgedriver.azureedge.net/LATEST_RELEASE_138_WINDOWS)</msg>
</errors>
</robot>
