<?xml version="1.0" encoding="UTF-8"?>
<robot generator="Robot 7.3.2 (Python 3.13.5 on win32)" generated="2025-07-24T09:38:54.404233" rpa="false" schemaversion="5">
<suite id="s1" name="Robot-Task 1" source="C:\development\Robot-Task_1">
<suite id="s1-s1" name="Tests" source="C:\development\Robot-Task_1\Tests">
<suite id="s1-s1-s1" name="Login" source="C:\development\Robot-Task_1\Tests\Login">
<suite id="s1-s1-s1-s1" name="Login" source="C:\development\Robot-Task_1\Tests\Login\Login.robot">
<kw name="Prepare Test User" owner="SignupSuite" type="SETUP">
<kw name="Generate Random User Data" owner="SignupKeyword">
<kw name="Generate Random String" owner="String">
<msg time="2025-07-24T09:38:55.272402" level="INFO">${name} = thlulc</msg>
<var>${name}</var>
<arg>6</arg>
<arg>[LOWER]</arg>
<doc>Generates a string with a desired ``length`` from the given ``chars``.</doc>
<status status="PASS" start="2025-07-24T09:38:55.270794" elapsed="0.002254"/>
</kw>
<kw name="Set Variable" owner="BuiltIn">
<msg time="2025-07-24T09:38:55.275327" level="INFO">${email} = thlulc@exampletest.com</msg>
<var>${email}</var>
<arg>${name}@exampletest.com</arg>
<doc>Returns the given values which can then be assigned to a variables.</doc>
<status status="PASS" start="2025-07-24T09:38:55.273980" elapsed="0.001754"/>
</kw>
<kw name="Generate Random String" owner="String">
<msg time="2025-07-24T09:38:55.277488" level="INFO">${password} = veMNLsQTfc</msg>
<var>${password}</var>
<arg>10</arg>
<arg>[LETTERS]</arg>
<doc>Generates a string with a desired ``length`` from the given ``chars``.</doc>
<status status="PASS" start="2025-07-24T09:38:55.276273" elapsed="0.001792"/>
</kw>
<kw name="Set Variable" owner="BuiltIn">
<msg time="2025-07-24T09:38:55.279450" level="INFO">${day} = 10</msg>
<var>${day}</var>
<arg>10</arg>
<doc>Returns the given values which can then be assigned to a variables.</doc>
<status status="PASS" start="2025-07-24T09:38:55.278521" elapsed="0.001330"/>
</kw>
<kw name="Set Variable" owner="BuiltIn">
<msg time="2025-07-24T09:38:55.281887" level="INFO">${month} = 8</msg>
<var>${month}</var>
<arg>8</arg>
<doc>Returns the given values which can then be assigned to a variables.</doc>
<status status="PASS" start="2025-07-24T09:38:55.280794" elapsed="0.001746"/>
</kw>
<kw name="Set Variable" owner="BuiltIn">
<msg time="2025-07-24T09:38:55.284218" level="INFO">${year} = 1997</msg>
<var>${year}</var>
<arg>1997</arg>
<doc>Returns the given values which can then be assigned to a variables.</doc>
<status status="PASS" start="2025-07-24T09:38:55.283285" elapsed="0.001135"/>
</kw>
<kw name="Set Variable" owner="BuiltIn">
<msg time="2025-07-24T09:38:55.285252" level="INFO">${firstname} = thlulc</msg>
<var>${firstname}</var>
<arg>${name}</arg>
<doc>Returns the given values which can then be assigned to a variables.</doc>
<status status="PASS" start="2025-07-24T09:38:55.284764" elapsed="0.000876"/>
</kw>
<kw name="Generate Random String" owner="String">
<msg time="2025-07-24T09:38:55.287237" level="INFO">${lastname} = LfOFFI</msg>
<var>${lastname}</var>
<arg>6</arg>
<arg>[LETTERS]</arg>
<doc>Generates a string with a desired ``length`` from the given ``chars``.</doc>
<status status="PASS" start="2025-07-24T09:38:55.285971" elapsed="0.001621"/>
</kw>
<kw name="Set Variable" owner="BuiltIn">
<msg time="2025-07-24T09:38:55.289494" level="INFO">${address} = Ulica thlulc 1</msg>
<var>${address}</var>
<arg>Ulica ${name} 1</arg>
<doc>Returns the given values which can then be assigned to a variables.</doc>
<status status="PASS" start="2025-07-24T09:38:55.288283" elapsed="0.001757"/>
</kw>
<kw name="Set Variable" owner="BuiltIn">
<msg time="2025-07-24T09:38:55.291365" level="INFO">${country} = Australia</msg>
<var>${country}</var>
<arg>Australia</arg>
<doc>Returns the given values which can then be assigned to a variables.</doc>
<status status="PASS" start="2025-07-24T09:38:55.290573" elapsed="0.001306"/>
</kw>
<kw name="Set Variable" owner="BuiltIn">
<msg time="2025-07-24T09:38:55.293296" level="INFO">${state} = StateLfOFFI</msg>
<var>${state}</var>
<arg>State${lastname}</arg>
<doc>Returns the given values which can then be assigned to a variables.</doc>
<status status="PASS" start="2025-07-24T09:38:55.292326" elapsed="0.001157"/>
</kw>
<kw name="Set Variable" owner="BuiltIn">
<msg time="2025-07-24T09:38:55.294574" level="INFO">${city} = Citythlulc</msg>
<var>${city}</var>
<arg>City${name}</arg>
<doc>Returns the given values which can then be assigned to a variables.</doc>
<status status="PASS" start="2025-07-24T09:38:55.293872" elapsed="0.001580"/>
</kw>
<kw name="Generate Random String" owner="String">
<msg time="2025-07-24T09:38:55.297446" level="INFO">${zipcode} = 48569</msg>
<var>${zipcode}</var>
<arg>5</arg>
<arg>[NUMBERS]</arg>
<doc>Generates a string with a desired ``length`` from the given ``chars``.</doc>
<status status="PASS" start="2025-07-24T09:38:55.296022" elapsed="0.002176"/>
</kw>
<kw name="Generate Random String" owner="String">
<msg time="2025-07-24T09:38:55.299779" level="INFO">${mobile} = 683049017</msg>
<var>${mobile}</var>
<arg>9</arg>
<arg>[NUMBERS]</arg>
<doc>Generates a string with a desired ``length`` from the given ``chars``.</doc>
<status status="PASS" start="2025-07-24T09:38:55.298701" elapsed="0.001432"/>
</kw>
<kw name="Create Dictionary" owner="BuiltIn">
<msg time="2025-07-24T09:38:55.302175" level="INFO">${user} = {'NAME': 'thlulc', 'LASTNAME': 'LfOFFI', 'EMAIL': 'thlulc@exampletest.com', 'PASSWORD': 'veMNLsQTfc', 'DAY': '10', 'MONTH': '8', 'YEAR': '1997', 'ADDRESS': 'Ulica thlulc 1', 'COUNTRY': 'Australia', 'S...</msg>
<var>${user}</var>
<arg>NAME=${name}</arg>
<arg>LASTNAME=${lastname}</arg>
<arg>EMAIL=${email}</arg>
<arg>PASSWORD=${password}</arg>
<arg>DAY=${day}</arg>
<arg>MONTH=${month}</arg>
<arg>YEAR=${year}</arg>
<arg>ADDRESS=${address}</arg>
<arg>COUNTRY=${country}</arg>
<arg>STATE=${state}</arg>
<arg>CITY=${city}</arg>
<arg>ZIPCODE=${zipcode}</arg>
<arg>MOBILE=${mobile}</arg>
<doc>Creates and returns a dictionary based on the given ``items``.</doc>
<status status="PASS" start="2025-07-24T09:38:55.300453" elapsed="0.001981"/>
</kw>
<return>
<value>${user}</value>
<status status="PASS" start="2025-07-24T09:38:55.302907" elapsed="0.000828"/>
</return>
<msg time="2025-07-24T09:38:55.304381" level="INFO">${generated_user} = {'NAME': 'thlulc', 'LASTNAME': 'LfOFFI', 'EMAIL': 'thlulc@exampletest.com', 'PASSWORD': 'veMNLsQTfc', 'DAY': '10', 'MONTH': '8', 'YEAR': '1997', 'ADDRESS': 'Ulica thlulc 1', 'COUNTRY': 'Australia', 'S...</msg>
<var>${generated_user}</var>
<status status="PASS" start="2025-07-24T09:38:55.268431" elapsed="0.036397"/>
</kw>
<kw name="Set Suite Variable" owner="BuiltIn">
<msg time="2025-07-24T09:38:55.306912" level="INFO">${user} = {'NAME': 'thlulc', 'LASTNAME': 'LfOFFI', 'EMAIL': 'thlulc@exampletest.com', 'PASSWORD': 'veMNLsQTfc', 'DAY': '10', 'MONTH': '8', 'YEAR': '1997', 'ADDRESS': 'Ulica thlulc 1', 'COUNTRY': 'Australia', 'S...</msg>
<arg>${user}</arg>
<arg>${generated_user}</arg>
<doc>Makes a variable available everywhere within the scope of the current suite.</doc>
<status status="PASS" start="2025-07-24T09:38:55.305730" elapsed="0.001525"/>
</kw>
<status status="PASS" start="2025-07-24T09:38:55.266640" elapsed="0.041002"/>
</kw>
<test id="s1-s1-s1-s1-t1" name="Navigate from Landing Page to Login Page" line="15">
<kw name="Begin Web Test" owner="Common" type="SETUP">
<kw name="Open Browser" owner="SeleniumLibrary">
<msg time="2025-07-24T09:38:55.312599" level="INFO">Opening browser 'edge' to base url 'about:blank'.</msg>
<msg time="2025-07-24T09:38:56.128142" level="WARN">Exception managing MicrosoftEdge: error sending request for url (https://msedgedriver.azureedge.net/LATEST_RELEASE_138_WINDOWS)</msg>
<arg>about:blank</arg>
<arg>${BROWSER}</arg>
<doc>Opens a new browser instance to the optional ``url``.</doc>
<status status="PASS" start="2025-07-24T09:38:55.311684" elapsed="2.129564"/>
</kw>
<kw name="Maximize Browser Window" owner="SeleniumLibrary">
<doc>Maximizes current browser window.</doc>
<status status="PASS" start="2025-07-24T09:38:57.441867" elapsed="0.046284"/>
</kw>
<status status="PASS" start="2025-07-24T09:38:55.310182" elapsed="2.179412"/>
</kw>
<kw name="Go To Signup/Login page" owner="SignupApp">
<kw name="Navigate To Home Page" owner="Landing">
<kw name="Go To" owner="SeleniumLibrary">
<msg time="2025-07-24T09:38:57.497264" level="INFO">Opening url 'https://automationexercise.com/'</msg>
<arg>${URL}</arg>
<doc>Navigates the current browser window to the provided ``url``.</doc>
<status status="PASS" start="2025-07-24T09:38:57.495190" elapsed="2.155478"/>
</kw>
<kw name="Click Element By Locator" owner="ClickActionsApp">
<kw name="Wait Until Element Is Visible" owner="SeleniumLibrary">
<arg>${locator}</arg>
<doc>Waits until the element ``locator`` is visible.</doc>
<status status="PASS" start="2025-07-24T09:38:59.652608" elapsed="0.096962"/>
</kw>
<kw name="Wait Until Element Is Enabled" owner="SeleniumLibrary">
<arg>${locator}</arg>
<doc>Waits until the element ``locator`` is enabled.</doc>
<status status="PASS" start="2025-07-24T09:38:59.749937" elapsed="0.026582"/>
</kw>
<kw name="Scroll Element Into View" owner="SeleniumLibrary">
<arg>${locator}</arg>
<doc>Scrolls the element identified by ``locator`` into view.</doc>
<status status="PASS" start="2025-07-24T09:38:59.776825" elapsed="0.279570"/>
</kw>
<kw name="Click Element" owner="SeleniumLibrary">
<msg time="2025-07-24T09:39:00.057778" level="INFO">Clicking element 'xpath=//button[@class='fc-button fc-cta-consent fc-primary-button']//p[text()='Consent']'.</msg>
<arg>${locator}</arg>
<doc>Click the element identified by ``locator``.</doc>
<status status="PASS" start="2025-07-24T09:39:00.057067" elapsed="0.152585"/>
</kw>
<arg>${CONSENT_TEXT}</arg>
<status status="PASS" start="2025-07-24T09:38:59.651323" elapsed="0.558750"/>
</kw>
<kw name="Wait Until Page Contains Element" owner="SeleniumLibrary">
<arg>${VERIFY_LANDING_PAGE_TEXT}</arg>
<doc>Waits until the element ``locator`` appears on the current page.</doc>
<status status="PASS" start="2025-07-24T09:39:00.210374" elapsed="0.021191"/>
</kw>
<status status="PASS" start="2025-07-24T09:38:57.492876" elapsed="2.738959"/>
</kw>
<kw name="Click Signup/Login Link" owner="ClickElement">
<kw name="Click Element By Locator" owner="ClickActionsApp">
<kw name="Wait Until Element Is Visible" owner="SeleniumLibrary">
<arg>${locator}</arg>
<doc>Waits until the element ``locator`` is visible.</doc>
<status status="PASS" start="2025-07-24T09:39:00.233380" elapsed="0.047322"/>
</kw>
<kw name="Wait Until Element Is Enabled" owner="SeleniumLibrary">
<arg>${locator}</arg>
<doc>Waits until the element ``locator`` is enabled.</doc>
<status status="PASS" start="2025-07-24T09:39:00.281000" elapsed="0.019426"/>
</kw>
<kw name="Scroll Element Into View" owner="SeleniumLibrary">
<arg>${locator}</arg>
<doc>Scrolls the element identified by ``locator`` into view.</doc>
<status status="PASS" start="2025-07-24T09:39:00.300783" elapsed="0.287100"/>
</kw>
<kw name="Click Element" owner="SeleniumLibrary">
<msg time="2025-07-24T09:39:00.589958" level="INFO">Clicking element 'xpath=//*[@id="header"]/div/div/div/div[2]/div/ul/li[4]/a'.</msg>
<arg>${locator}</arg>
<doc>Click the element identified by ``locator``.</doc>
<status status="PASS" start="2025-07-24T09:39:00.588637" elapsed="1.061906"/>
</kw>
<arg>${SIGNUP_LOGIN_LINK}</arg>
<status status="PASS" start="2025-07-24T09:39:00.232806" elapsed="1.418070"/>
</kw>
<kw name="Sleep" owner="BuiltIn">
<msg time="2025-07-24T09:39:04.652156" level="INFO">Slept 3 seconds.</msg>
<arg>time_=3s</arg>
<doc>Pauses the test executed for the given time.</doc>
<status status="PASS" start="2025-07-24T09:39:01.651190" elapsed="3.001329"/>
</kw>
<status status="PASS" start="2025-07-24T09:39:00.232157" elapsed="4.420619"/>
</kw>
<kw name="Page Signup/Login Load Successfully" owner="ClickElement">
<kw name="Page Should Contain Element" owner="SeleniumLibrary">
<msg time="2025-07-24T09:39:04.684748" level="INFO">Current page contains element 'xpath=//*[@id="form"]/div/div/div[1]/div/h2'.</msg>
<arg>${VERIFY_LOGIN_TEXT}</arg>
<doc>Verifies that element ``locator`` is found on the current page.</doc>
<status status="PASS" start="2025-07-24T09:39:04.653884" elapsed="0.031488"/>
</kw>
<kw name="Page Should Contain Element" owner="SeleniumLibrary">
<msg time="2025-07-24T09:39:04.705652" level="INFO">Current page contains element 'xpath=//*[@id="form"]/div/div/div[3]/div/h2'.</msg>
<arg>${VERIFY_SIGNUP_TEXT}</arg>
<doc>Verifies that element ``locator`` is found on the current page.</doc>
<status status="PASS" start="2025-07-24T09:39:04.686129" elapsed="0.020196"/>
</kw>
<status status="PASS" start="2025-07-24T09:39:04.653132" elapsed="0.053699"/>
</kw>
<status status="PASS" start="2025-07-24T09:38:57.491495" elapsed="7.215702"/>
</kw>
<kw name="End Web Test" owner="Common" type="TEARDOWN">
<kw name="Close All Browsers" owner="SeleniumLibrary">
<doc>Closes all open browsers and resets the browser cache.</doc>
<status status="PASS" start="2025-07-24T09:39:04.712036" elapsed="2.394997"/>
</kw>
<status status="PASS" start="2025-07-24T09:39:04.710486" elapsed="2.397214"/>
</kw>
<status status="PASS" start="2025-07-24T09:38:55.307913" elapsed="11.800953"/>
</test>
<test id="s1-s1-s1-s1-t2" name="User Can Login Successfully" line="19">
<kw name="Begin Web Test" owner="Common" type="SETUP">
<kw name="Open Browser" owner="SeleniumLibrary">
<msg time="2025-07-24T09:39:07.120056" level="INFO">Opening browser 'edge' to base url 'about:blank'.</msg>
<msg time="2025-07-24T09:39:07.257071" level="WARN">Exception managing MicrosoftEdge: error sending request for url (https://msedgedriver.azureedge.net/LATEST_RELEASE_138_WINDOWS)</msg>
<arg>about:blank</arg>
<arg>${BROWSER}</arg>
<doc>Opens a new browser instance to the optional ``url``.</doc>
<status status="PASS" start="2025-07-24T09:39:07.118930" elapsed="1.396603"/>
</kw>
<kw name="Maximize Browser Window" owner="SeleniumLibrary">
<doc>Maximizes current browser window.</doc>
<status status="PASS" start="2025-07-24T09:39:08.516142" elapsed="0.085848"/>
</kw>
<status status="PASS" start="2025-07-24T09:39:07.117103" elapsed="1.485468"/>
</kw>
<kw name="Go To Signup/Login page" owner="SignupApp">
<kw name="Navigate To Home Page" owner="Landing">
<kw name="Go To" owner="SeleniumLibrary">
<msg time="2025-07-24T09:39:08.607833" level="INFO">Opening url 'https://automationexercise.com/'</msg>
<arg>${URL}</arg>
<doc>Navigates the current browser window to the provided ``url``.</doc>
<status status="PASS" start="2025-07-24T09:39:08.606792" elapsed="2.223108"/>
</kw>
<kw name="Click Element By Locator" owner="ClickActionsApp">
<kw name="Wait Until Element Is Visible" owner="SeleniumLibrary">
<arg>${locator}</arg>
<doc>Waits until the element ``locator`` is visible.</doc>
<status status="PASS" start="2025-07-24T09:39:10.831847" elapsed="0.038352"/>
</kw>
<kw name="Wait Until Element Is Enabled" owner="SeleniumLibrary">
<arg>${locator}</arg>
<doc>Waits until the element ``locator`` is enabled.</doc>
<status status="PASS" start="2025-07-24T09:39:10.870613" elapsed="0.030421"/>
</kw>
<kw name="Scroll Element Into View" owner="SeleniumLibrary">
<arg>${locator}</arg>
<doc>Scrolls the element identified by ``locator`` into view.</doc>
<status status="PASS" start="2025-07-24T09:39:10.901346" elapsed="0.290977"/>
</kw>
<kw name="Click Element" owner="SeleniumLibrary">
<msg time="2025-07-24T09:39:11.197510" level="INFO">Clicking element 'xpath=//button[@class='fc-button fc-cta-consent fc-primary-button']//p[text()='Consent']'.</msg>
<arg>${locator}</arg>
<doc>Click the element identified by ``locator``.</doc>
<status status="PASS" start="2025-07-24T09:39:11.194577" elapsed="0.159809"/>
</kw>
<arg>${CONSENT_TEXT}</arg>
<status status="PASS" start="2025-07-24T09:39:10.830549" elapsed="0.524223"/>
</kw>
<kw name="Wait Until Page Contains Element" owner="SeleniumLibrary">
<arg>${VERIFY_LANDING_PAGE_TEXT}</arg>
<doc>Waits until the element ``locator`` appears on the current page.</doc>
<status status="PASS" start="2025-07-24T09:39:11.355238" elapsed="0.018382"/>
</kw>
<status status="PASS" start="2025-07-24T09:39:08.605115" elapsed="2.768966"/>
</kw>
<kw name="Click Signup/Login Link" owner="ClickElement">
<kw name="Click Element By Locator" owner="ClickActionsApp">
<kw name="Wait Until Element Is Visible" owner="SeleniumLibrary">
<arg>${locator}</arg>
<doc>Waits until the element ``locator`` is visible.</doc>
<status status="PASS" start="2025-07-24T09:39:11.376466" elapsed="0.064004"/>
</kw>
<kw name="Wait Until Element Is Enabled" owner="SeleniumLibrary">
<arg>${locator}</arg>
<doc>Waits until the element ``locator`` is enabled.</doc>
<status status="PASS" start="2025-07-24T09:39:11.440863" elapsed="0.021537"/>
</kw>
<kw name="Scroll Element Into View" owner="SeleniumLibrary">
<arg>${locator}</arg>
<doc>Scrolls the element identified by ``locator`` into view.</doc>
<status status="PASS" start="2025-07-24T09:39:11.462703" elapsed="0.289068"/>
</kw>
<kw name="Click Element" owner="SeleniumLibrary">
<msg time="2025-07-24T09:39:11.753504" level="INFO">Clicking element 'xpath=//*[@id="header"]/div/div/div/div[2]/div/ul/li[4]/a'.</msg>
<arg>${locator}</arg>
<doc>Click the element identified by ``locator``.</doc>
<status status="PASS" start="2025-07-24T09:39:11.752623" elapsed="1.386998"/>
</kw>
<arg>${SIGNUP_LOGIN_LINK}</arg>
<status status="PASS" start="2025-07-24T09:39:11.375778" elapsed="1.764492"/>
</kw>
<kw name="Sleep" owner="BuiltIn">
<msg time="2025-07-24T09:39:16.142661" level="INFO">Slept 3 seconds.</msg>
<arg>time_=3s</arg>
<doc>Pauses the test executed for the given time.</doc>
<status status="PASS" start="2025-07-24T09:39:13.140876" elapsed="3.003222"/>
</kw>
<status status="PASS" start="2025-07-24T09:39:11.374774" elapsed="4.770578"/>
</kw>
<kw name="Page Signup/Login Load Successfully" owner="ClickElement">
<kw name="Page Should Contain Element" owner="SeleniumLibrary">
<msg time="2025-07-24T09:39:16.302639" level="INFO">Current page contains element 'xpath=//*[@id="form"]/div/div/div[1]/div/h2'.</msg>
<arg>${VERIFY_LOGIN_TEXT}</arg>
<doc>Verifies that element ``locator`` is found on the current page.</doc>
<status status="PASS" start="2025-07-24T09:39:16.152441" elapsed="0.150646"/>
</kw>
<kw name="Page Should Contain Element" owner="SeleniumLibrary">
<msg time="2025-07-24T09:39:16.320841" level="INFO">Current page contains element 'xpath=//*[@id="form"]/div/div/div[3]/div/h2'.</msg>
<arg>${VERIFY_SIGNUP_TEXT}</arg>
<doc>Verifies that element ``locator`` is found on the current page.</doc>
<status status="PASS" start="2025-07-24T09:39:16.303527" elapsed="0.017662"/>
</kw>
<status status="PASS" start="2025-07-24T09:39:16.147809" elapsed="0.173627"/>
</kw>
<status status="PASS" start="2025-07-24T09:39:08.603676" elapsed="7.717931"/>
</kw>
<kw name="Submit Signup Form with Valid Data" owner="SignupApp">
<kw name="Input Accepts Valid Name and Email" owner="SignupApp">
<kw name="Input Name Element" owner="NameAndEmailForm">
<kw name="Input Text Element" owner="CommonKeywords">
<kw name="Wait Until Element Is Enabled" owner="SeleniumLibrary">
<arg>${locator}</arg>
<doc>Waits until the element ``locator`` is enabled.</doc>
<status status="PASS" start="2025-07-24T09:39:16.327056" elapsed="0.032453"/>
</kw>
<kw name="Input Text" owner="SeleniumLibrary">
<msg time="2025-07-24T09:39:16.360505" level="INFO">Typing text 'thlulc' into text field 'xpath=//*[@id="form"]/div/div/div[3]/div/form/input[2]'.</msg>
<arg>${locator}</arg>
<arg>${text}</arg>
<doc>Types the given ``text`` into the text field identified by ``locator``.</doc>
<status status="PASS" start="2025-07-24T09:39:16.359884" elapsed="0.161985"/>
</kw>
<arg>${NAME_INPUT_SIGNUP}</arg>
<arg>${name}</arg>
<status status="PASS" start="2025-07-24T09:39:16.326425" elapsed="0.195745"/>
</kw>
<arg>${name}</arg>
<status status="PASS" start="2025-07-24T09:39:16.325831" elapsed="0.196564"/>
</kw>
<kw name="Input EmailAddress Element" owner="NameAndEmailForm">
<kw name="Input Text Element" owner="CommonKeywords">
<kw name="Wait Until Element Is Enabled" owner="SeleniumLibrary">
<arg>${locator}</arg>
<doc>Waits until the element ``locator`` is enabled.</doc>
<status status="PASS" start="2025-07-24T09:39:16.524804" elapsed="0.030552"/>
</kw>
<kw name="Input Text" owner="SeleniumLibrary">
<msg time="2025-07-24T09:39:16.556475" level="INFO">Typing text 'thlulc@exampletest.com' into text field 'xpath=//*[@id="form"]/div/div/div[3]/div/form/input[3]'.</msg>
<arg>${locator}</arg>
<arg>${text}</arg>
<doc>Types the given ``text`` into the text field identified by ``locator``.</doc>
<status status="PASS" start="2025-07-24T09:39:16.555773" elapsed="0.151608"/>
</kw>
<arg>${EMAIL_INPUT_SIGNUP}</arg>
<arg>${emailAddress}</arg>
<status status="PASS" start="2025-07-24T09:39:16.523834" elapsed="0.183897"/>
</kw>
<arg>${emailAddress}</arg>
<status status="PASS" start="2025-07-24T09:39:16.522851" elapsed="0.185134"/>
</kw>
<arg>${user["NAME"]}</arg>
<arg>${user["EMAIL"]}</arg>
<status status="PASS" start="2025-07-24T09:39:16.323008" elapsed="0.385208"/>
</kw>
<kw name="Click Signup Element" owner="ClickElement">
<kw name="Click Element By Locator" owner="ClickActionsApp">
<kw name="Wait Until Element Is Visible" owner="SeleniumLibrary">
<arg>${locator}</arg>
<doc>Waits until the element ``locator`` is visible.</doc>
<status status="PASS" start="2025-07-24T09:39:16.709737" elapsed="0.025660"/>
</kw>
<kw name="Wait Until Element Is Enabled" owner="SeleniumLibrary">
<arg>${locator}</arg>
<doc>Waits until the element ``locator`` is enabled.</doc>
<status status="PASS" start="2025-07-24T09:39:16.735776" elapsed="0.024405"/>
</kw>
<kw name="Scroll Element Into View" owner="SeleniumLibrary">
<arg>${locator}</arg>
<doc>Scrolls the element identified by ``locator`` into view.</doc>
<status status="PASS" start="2025-07-24T09:39:16.760478" elapsed="0.275625"/>
</kw>
<kw name="Click Element" owner="SeleniumLibrary">
<msg time="2025-07-24T09:39:17.037574" level="INFO">Clicking element 'xpath=//*[@id="form"]/div/div/div[3]/div/form/button'.</msg>
<arg>${locator}</arg>
<doc>Click the element identified by ``locator``.</doc>
<status status="PASS" start="2025-07-24T09:39:17.036676" elapsed="1.735002"/>
</kw>
<arg>${SIGNUP_BUTTON}</arg>
<status status="PASS" start="2025-07-24T09:39:16.709209" elapsed="2.062912"/>
</kw>
<status status="PASS" start="2025-07-24T09:39:16.708576" elapsed="2.063844"/>
</kw>
<arg>${user}</arg>
<status status="PASS" start="2025-07-24T09:39:16.322132" elapsed="2.450602"/>
</kw>
<kw name="User Redirected to Signup Detail Page" owner="SignupApp">
<kw name="Successful Redirection to the Signup Details Page" owner="DetailsForm">
<kw name="Wait Until Element Is Enabled" owner="SeleniumLibrary">
<arg>${SIGNUP_DETAIL_PAGE_TEXT}</arg>
<arg>timeout=15s</arg>
<doc>Waits until the element ``locator`` is enabled.</doc>
<status status="PASS" start="2025-07-24T09:39:18.775570" elapsed="0.164540"/>
</kw>
<status status="PASS" start="2025-07-24T09:39:18.774595" elapsed="0.165941"/>
</kw>
<status status="PASS" start="2025-07-24T09:39:18.773513" elapsed="0.167375"/>
</kw>
<kw name="Complete Signup With Valid Details" owner="SignupApp">
<kw name="Filling in The Details Fields" owner="SignupApp">
<kw name="Select Title Element" owner="DetailsForm">
<kw name="Click Element By Locator" owner="ClickActionsApp">
<kw name="Wait Until Element Is Visible" owner="SeleniumLibrary">
<arg>${locator}</arg>
<doc>Waits until the element ``locator`` is visible.</doc>
<status status="PASS" start="2025-07-24T09:39:18.946931" elapsed="0.060080"/>
</kw>
<kw name="Wait Until Element Is Enabled" owner="SeleniumLibrary">
<arg>${locator}</arg>
<doc>Waits until the element ``locator`` is enabled.</doc>
<status status="PASS" start="2025-07-24T09:39:19.007637" elapsed="0.026796"/>
</kw>
<kw name="Scroll Element Into View" owner="SeleniumLibrary">
<arg>${locator}</arg>
<doc>Scrolls the element identified by ``locator`` into view.</doc>
<status status="PASS" start="2025-07-24T09:39:19.035110" elapsed="0.304257"/>
</kw>
<kw name="Click Element" owner="SeleniumLibrary">
<msg time="2025-07-24T09:39:19.340779" level="INFO">Clicking element 'xpath=//*[@id="id_gender2"]'.</msg>
<arg>${locator}</arg>
<doc>Click the element identified by ``locator``.</doc>
<status status="PASS" start="2025-07-24T09:39:19.340070" elapsed="0.130986"/>
</kw>
<arg>${TITLE_MRS_SELECT}</arg>
<status status="PASS" start="2025-07-24T09:39:18.945683" elapsed="0.525603"/>
</kw>
<status status="PASS" start="2025-07-24T09:39:18.944625" elapsed="0.526808"/>
</kw>
<kw name="Input Password Eelement" owner="DetailsForm">
<kw name="Input Text Element" owner="CommonKeywords">
<kw name="Wait Until Element Is Enabled" owner="SeleniumLibrary">
<arg>${locator}</arg>
<doc>Waits until the element ``locator`` is enabled.</doc>
<status status="PASS" start="2025-07-24T09:39:19.473746" elapsed="0.038175"/>
</kw>
<kw name="Input Text" owner="SeleniumLibrary">
<msg time="2025-07-24T09:39:19.513166" level="INFO">Typing text 'veMNLsQTfc' into text field 'xpath=//*[@id="password"]'.</msg>
<arg>${locator}</arg>
<arg>${text}</arg>
<doc>Types the given ``text`` into the text field identified by ``locator``.</doc>
<status status="PASS" start="2025-07-24T09:39:19.512443" elapsed="0.132665"/>
</kw>
<arg>${PASSWORD_FIELD}</arg>
<arg>${user["PASSWORD"]}</arg>
<status status="PASS" start="2025-07-24T09:39:19.472297" elapsed="0.173124"/>
</kw>
<arg>${user}</arg>
<status status="PASS" start="2025-07-24T09:39:19.471682" elapsed="0.173920"/>
</kw>
<kw name="Select Day Element" owner="DetailsForm">
<kw name="Select Element from Dropdown" owner="CommonKeywords">
<kw name="Wait Until Element Is Enabled" owner="SeleniumLibrary">
<arg>${locator}</arg>
<doc>Waits until the element ``locator`` is enabled.</doc>
<status status="PASS" start="2025-07-24T09:39:19.649968" elapsed="0.027236"/>
</kw>
<kw name="Select From List By Value" owner="SeleniumLibrary">
<msg time="2025-07-24T09:39:19.678268" level="INFO">Selecting options from selection list 'xpath=//*[@id="days"]' by value 10.</msg>
<arg>${locator}</arg>
<arg>${value}</arg>
<doc>Selects options from selection list ``locator`` by ``values``.</doc>
<status status="PASS" start="2025-07-24T09:39:19.677627" elapsed="0.121059"/>
</kw>
<arg>${DAY_SELECT}</arg>
<arg>${user["DAY"]}</arg>
<status status="PASS" start="2025-07-24T09:39:19.646765" elapsed="0.152170"/>
</kw>
<arg>${user}</arg>
<status status="PASS" start="2025-07-24T09:39:19.645883" elapsed="0.153236"/>
</kw>
<kw name="Select Month Element" owner="DetailsForm">
<kw name="Select Element from Dropdown" owner="CommonKeywords">
<kw name="Wait Until Element Is Enabled" owner="SeleniumLibrary">
<arg>${locator}</arg>
<doc>Waits until the element ``locator`` is enabled.</doc>
<status status="PASS" start="2025-07-24T09:39:19.801425" elapsed="0.026085"/>
</kw>
<kw name="Select From List By Value" owner="SeleniumLibrary">
<msg time="2025-07-24T09:39:19.828372" level="INFO">Selecting options from selection list 'xpath=//*[@id="months"]' by value 8.</msg>
<arg>${locator}</arg>
<arg>${value}</arg>
<doc>Selects options from selection list ``locator`` by ``values``.</doc>
<status status="PASS" start="2025-07-24T09:39:19.827840" elapsed="0.098811"/>
</kw>
<arg>${MONTH_SELECT}</arg>
<arg>${user["MONTH"]}</arg>
<status status="PASS" start="2025-07-24T09:39:19.800327" elapsed="0.126709"/>
</kw>
<arg>${user}</arg>
<status status="PASS" start="2025-07-24T09:39:19.799466" elapsed="0.127898"/>
</kw>
<kw name="Select Year Element" owner="DetailsForm">
<kw name="Select Element from Dropdown" owner="CommonKeywords">
<kw name="Wait Until Element Is Enabled" owner="SeleniumLibrary">
<arg>${locator}</arg>
<doc>Waits until the element ``locator`` is enabled.</doc>
<status status="PASS" start="2025-07-24T09:39:19.931545" elapsed="0.035819"/>
</kw>
<kw name="Select From List By Value" owner="SeleniumLibrary">
<msg time="2025-07-24T09:39:19.968475" level="INFO">Selecting options from selection list 'xpath=//*[@id="years"]' by value 1997.</msg>
<arg>${locator}</arg>
<arg>${value}</arg>
<doc>Selects options from selection list ``locator`` by ``values``.</doc>
<status status="PASS" start="2025-07-24T09:39:19.967800" elapsed="0.110975"/>
</kw>
<arg>${YEAR_SELECT}</arg>
<arg>${user["YEAR"]}</arg>
<status status="PASS" start="2025-07-24T09:39:19.928831" elapsed="0.150308"/>
</kw>
<arg>${user}</arg>
<status status="PASS" start="2025-07-24T09:39:19.927834" elapsed="0.151593"/>
</kw>
<kw name="Input First Name Element" owner="DetailsForm">
<kw name="Input Text Element" owner="CommonKeywords">
<kw name="Wait Until Element Is Enabled" owner="SeleniumLibrary">
<arg>${locator}</arg>
<doc>Waits until the element ``locator`` is enabled.</doc>
<status status="PASS" start="2025-07-24T09:39:20.084791" elapsed="0.042726"/>
</kw>
<kw name="Input Text" owner="SeleniumLibrary">
<msg time="2025-07-24T09:39:20.128723" level="INFO">Typing text 'thlulc' into text field 'xpath=//*[@id="first_name"]'.</msg>
<arg>${locator}</arg>
<arg>${text}</arg>
<doc>Types the given ``text`` into the text field identified by ``locator``.</doc>
<status status="PASS" start="2025-07-24T09:39:20.127990" elapsed="0.175580"/>
</kw>
<arg>${FIRST_NAME_FIELD}</arg>
<arg>${user["NAME"]}</arg>
<status status="PASS" start="2025-07-24T09:39:20.081858" elapsed="0.222079"/>
</kw>
<arg>${user}</arg>
<status status="PASS" start="2025-07-24T09:39:20.079926" elapsed="0.224352"/>
</kw>
<kw name="Input Last Name Element" owner="DetailsForm">
<kw name="Input Text Element" owner="CommonKeywords">
<kw name="Wait Until Element Is Enabled" owner="SeleniumLibrary">
<arg>${locator}</arg>
<doc>Waits until the element ``locator`` is enabled.</doc>
<status status="PASS" start="2025-07-24T09:39:20.307964" elapsed="0.047986"/>
</kw>
<kw name="Input Text" owner="SeleniumLibrary">
<msg time="2025-07-24T09:39:20.357006" level="INFO">Typing text 'LfOFFI' into text field 'xpath=//*[@id="last_name"]'.</msg>
<arg>${locator}</arg>
<arg>${text}</arg>
<doc>Types the given ``text`` into the text field identified by ``locator``.</doc>
<status status="PASS" start="2025-07-24T09:39:20.356381" elapsed="0.170410"/>
</kw>
<arg>${LAST_NAME_FIELD}</arg>
<arg>${user["LASTNAME"]}</arg>
<status status="PASS" start="2025-07-24T09:39:20.306547" elapsed="0.220951"/>
</kw>
<arg>${user}</arg>
<status status="PASS" start="2025-07-24T09:39:20.305265" elapsed="0.222884"/>
</kw>
<kw name="Input Address Element" owner="DetailsForm">
<kw name="Input Text Element" owner="CommonKeywords">
<kw name="Wait Until Element Is Enabled" owner="SeleniumLibrary">
<arg>${locator}</arg>
<doc>Waits until the element ``locator`` is enabled.</doc>
<status status="PASS" start="2025-07-24T09:39:20.534353" elapsed="0.043379"/>
</kw>
<kw name="Input Text" owner="SeleniumLibrary">
<msg time="2025-07-24T09:39:20.578743" level="INFO">Typing text 'Ulica thlulc 1' into text field 'xpath=//*[@id="address1"]'.</msg>
<arg>${locator}</arg>
<arg>${text}</arg>
<doc>Types the given ``text`` into the text field identified by ``locator``.</doc>
<status status="PASS" start="2025-07-24T09:39:20.578116" elapsed="0.188008"/>
</kw>
<arg>${ADDRESS_INPUT}</arg>
<arg>${user["ADDRESS"]}</arg>
<status status="PASS" start="2025-07-24T09:39:20.530655" elapsed="0.235792"/>
</kw>
<arg>${user}</arg>
<status status="PASS" start="2025-07-24T09:39:20.528954" elapsed="0.237719"/>
</kw>
<kw name="Select Country Element" owner="DetailsForm">
<kw name="Select Element from Dropdown" owner="CommonKeywords">
<kw name="Wait Until Element Is Enabled" owner="SeleniumLibrary">
<arg>${locator}</arg>
<doc>Waits until the element ``locator`` is enabled.</doc>
<status status="PASS" start="2025-07-24T09:39:20.770301" elapsed="0.038405"/>
</kw>
<kw name="Select From List By Value" owner="SeleniumLibrary">
<msg time="2025-07-24T09:39:20.809863" level="INFO">Selecting options from selection list 'xpath=//*[@id="country"]' by value Australia.</msg>
<arg>${locator}</arg>
<arg>${value}</arg>
<doc>Selects options from selection list ``locator`` by ``values``.</doc>
<status status="PASS" start="2025-07-24T09:39:20.809145" elapsed="0.118825"/>
</kw>
<arg>${SELECT_COUNTRY}</arg>
<arg>${user["COUNTRY"]}</arg>
<status status="PASS" start="2025-07-24T09:39:20.768070" elapsed="0.160348"/>
</kw>
<arg>${user}</arg>
<status status="PASS" start="2025-07-24T09:39:20.767070" elapsed="0.161536"/>
</kw>
<kw name="Input State Element" owner="DetailsForm">
<kw name="Input Text Element" owner="CommonKeywords">
<kw name="Wait Until Element Is Enabled" owner="SeleniumLibrary">
<arg>${locator}</arg>
<doc>Waits until the element ``locator`` is enabled.</doc>
<status status="PASS" start="2025-07-24T09:39:20.932721" elapsed="0.045625"/>
</kw>
<kw name="Input Text" owner="SeleniumLibrary">
<msg time="2025-07-24T09:39:20.979614" level="INFO">Typing text 'StateLfOFFI' into text field 'xpath=//*[@id="state"]'.</msg>
<arg>${locator}</arg>
<arg>${text}</arg>
<doc>Types the given ``text`` into the text field identified by ``locator``.</doc>
<status status="PASS" start="2025-07-24T09:39:20.978852" elapsed="0.177026"/>
</kw>
<arg>${STATE_FIELD}</arg>
<arg>${user["STATE"]}</arg>
<status status="PASS" start="2025-07-24T09:39:20.929667" elapsed="0.226682"/>
</kw>
<arg>${user}</arg>
<status status="PASS" start="2025-07-24T09:39:20.928926" elapsed="0.227704"/>
</kw>
<kw name="Input City Element" owner="DetailsForm">
<kw name="Input Text Element" owner="CommonKeywords">
<kw name="Wait Until Element Is Enabled" owner="SeleniumLibrary">
<arg>${locator}</arg>
<doc>Waits until the element ``locator`` is enabled.</doc>
<status status="PASS" start="2025-07-24T09:39:21.160062" elapsed="0.045599"/>
</kw>
<kw name="Input Text" owner="SeleniumLibrary">
<msg time="2025-07-24T09:39:21.206983" level="INFO">Typing text 'Citythlulc' into text field 'xpath=//*[@id="city"]'.</msg>
<arg>${locator}</arg>
<arg>${text}</arg>
<doc>Types the given ``text`` into the text field identified by ``locator``.</doc>
<status status="PASS" start="2025-07-24T09:39:21.206030" elapsed="0.170939"/>
</kw>
<arg>${CITY_FIELD}</arg>
<arg>${user["CITY"]}</arg>
<status status="PASS" start="2025-07-24T09:39:21.158379" elapsed="0.219252"/>
</kw>
<arg>${user}</arg>
<status status="PASS" start="2025-07-24T09:39:21.157269" elapsed="0.220745"/>
</kw>
<kw name="Input Zipcode Element" owner="DetailsForm">
<kw name="Input Text Element" owner="CommonKeywords">
<kw name="Wait Until Element Is Enabled" owner="SeleniumLibrary">
<arg>${locator}</arg>
<doc>Waits until the element ``locator`` is enabled.</doc>
<status status="PASS" start="2025-07-24T09:39:21.384389" elapsed="0.043272"/>
</kw>
<kw name="Input Text" owner="SeleniumLibrary">
<msg time="2025-07-24T09:39:21.429045" level="INFO">Typing text '48569' into text field 'xpath=//*[@id="zipcode"]'.</msg>
<arg>${locator}</arg>
<arg>${text}</arg>
<doc>Types the given ``text`` into the text field identified by ``locator``.</doc>
<status status="PASS" start="2025-07-24T09:39:21.428231" elapsed="0.216936"/>
</kw>
<arg>${ZIPCODE_FIELD}</arg>
<arg>${user["ZIPCODE"]}</arg>
<status status="PASS" start="2025-07-24T09:39:21.379944" elapsed="0.265879"/>
</kw>
<arg>${user}</arg>
<status status="PASS" start="2025-07-24T09:39:21.378743" elapsed="0.267659"/>
</kw>
<kw name="Input Mobile Number Element" owner="DetailsForm">
<kw name="Input Text Element" owner="CommonKeywords">
<kw name="Wait Until Element Is Enabled" owner="SeleniumLibrary">
<arg>${locator}</arg>
<doc>Waits until the element ``locator`` is enabled.</doc>
<status status="PASS" start="2025-07-24T09:39:21.652427" elapsed="0.037203"/>
</kw>
<kw name="Input Text" owner="SeleniumLibrary">
<msg time="2025-07-24T09:39:21.690931" level="INFO">Typing text '683049017' into text field 'xpath=//*[@id="mobile_number"]'.</msg>
<arg>${locator}</arg>
<arg>${text}</arg>
<doc>Types the given ``text`` into the text field identified by ``locator``.</doc>
<status status="PASS" start="2025-07-24T09:39:21.690167" elapsed="0.162617"/>
</kw>
<arg>${MOBILE_NUMBER_FIELD}</arg>
<arg>${user["MOBILE"]}</arg>
<status status="PASS" start="2025-07-24T09:39:21.648952" elapsed="0.204271"/>
</kw>
<arg>${user}</arg>
<status status="PASS" start="2025-07-24T09:39:21.647066" elapsed="0.206520"/>
</kw>
<arg>${user}</arg>
<status status="PASS" start="2025-07-24T09:39:18.943524" elapsed="2.910347"/>
</kw>
<kw name="Click Create Account Element" owner="ClickElement">
<kw name="Wait Until Element Is Enabled" owner="SeleniumLibrary">
<arg>${CREATE_ACC_BUTTON}</arg>
<doc>Waits until the element ``locator`` is enabled.</doc>
<status status="PASS" start="2025-07-24T09:39:21.855032" elapsed="0.039114"/>
</kw>
<kw name="Execute Javascript" owner="SeleniumLibrary">
<msg time="2025-07-24T09:39:21.895347" level="INFO">Executing JavaScript:
document.evaluate("//button[@data-qa='create-account']", document, null, XPathResult.FIRST_ORDERED_NODE_TYPE, null).singleNodeValue.click()
Without any arguments.</msg>
<arg>document.evaluate("//button[@data-qa='create-account']", document, null, XPathResult.FIRST_ORDERED_NODE_TYPE, null).singleNodeValue.click()</arg>
<doc>Executes the given JavaScript code with possible arguments.</doc>
<status status="PASS" start="2025-07-24T09:39:21.894532" elapsed="1.376908"/>
</kw>
<status status="PASS" start="2025-07-24T09:39:21.854273" elapsed="1.417597"/>
</kw>
<arg>${user}</arg>
<status status="PASS" start="2025-07-24T09:39:18.941804" elapsed="4.330324"/>
</kw>
<kw name="Account Was Successfully Created" owner="SignupApp">
<kw name="Account Created Successfully" owner="UserLoggedInAs">
<kw name="Wait Until Element Is Enabled" owner="SeleniumLibrary">
<arg>${ACCOUNT_CREATED_TEXT}</arg>
<doc>Waits until the element ``locator`` is enabled.</doc>
<status status="PASS" start="2025-07-24T09:39:23.275079" elapsed="0.112546"/>
</kw>
<kw name="Wait Until Element Is Enabled" owner="SeleniumLibrary">
<arg>${CONTINUE_LINK}</arg>
<doc>Waits until the element ``locator`` is enabled.</doc>
<status status="PASS" start="2025-07-24T09:39:23.387955" elapsed="0.030135"/>
</kw>
<status status="PASS" start="2025-07-24T09:39:23.274160" elapsed="0.144188"/>
</kw>
<kw name="Continue to User Home Page" owner="ClickElement">
<kw name="Click Element By Locator" owner="ClickActionsApp">
<kw name="Wait Until Element Is Visible" owner="SeleniumLibrary">
<arg>${locator}</arg>
<doc>Waits until the element ``locator`` is visible.</doc>
<status status="PASS" start="2025-07-24T09:39:23.420985" elapsed="0.015022"/>
</kw>
<kw name="Wait Until Element Is Enabled" owner="SeleniumLibrary">
<arg>${locator}</arg>
<doc>Waits until the element ``locator`` is enabled.</doc>
<status status="PASS" start="2025-07-24T09:39:23.436311" elapsed="0.017686"/>
</kw>
<kw name="Scroll Element Into View" owner="SeleniumLibrary">
<arg>${locator}</arg>
<doc>Scrolls the element identified by ``locator`` into view.</doc>
<status status="PASS" start="2025-07-24T09:39:23.454333" elapsed="0.298630"/>
</kw>
<kw name="Click Element" owner="SeleniumLibrary">
<msg time="2025-07-24T09:39:23.753889" level="INFO">Clicking element 'xpath=//*[@id="form"]/div/div/div/div/a'.</msg>
<arg>${locator}</arg>
<doc>Click the element identified by ``locator``.</doc>
<status status="PASS" start="2025-07-24T09:39:23.753320" elapsed="1.695794"/>
</kw>
<arg>${CONTINUE_LINK}</arg>
<status status="PASS" start="2025-07-24T09:39:23.419497" elapsed="2.030032"/>
</kw>
<status status="PASS" start="2025-07-24T09:39:23.418708" elapsed="2.031297"/>
</kw>
<arg>${user}</arg>
<status status="PASS" start="2025-07-24T09:39:23.272941" elapsed="2.177685"/>
</kw>
<kw name="User Logout" owner="LogoutApp">
<kw name="Click Logout Element" owner="LogoutClickElement">
<kw name="Click Element By Locator" owner="ClickActionsApp">
<kw name="Wait Until Element Is Visible" owner="SeleniumLibrary">
<arg>${locator}</arg>
<doc>Waits until the element ``locator`` is visible.</doc>
<status status="PASS" start="2025-07-24T09:39:25.455499" elapsed="0.025014"/>
</kw>
<kw name="Wait Until Element Is Enabled" owner="SeleniumLibrary">
<arg>${locator}</arg>
<doc>Waits until the element ``locator`` is enabled.</doc>
<status status="PASS" start="2025-07-24T09:39:25.480989" elapsed="0.084915"/>
</kw>
<kw name="Scroll Element Into View" owner="SeleniumLibrary">
<arg>${locator}</arg>
<doc>Scrolls the element identified by ``locator`` into view.</doc>
<status status="PASS" start="2025-07-24T09:39:25.566570" elapsed="0.299700"/>
</kw>
<kw name="Click Element" owner="SeleniumLibrary">
<msg time="2025-07-24T09:39:25.869933" level="INFO">Clicking element 'xpath=//*[@id="header"]/div/div/div/div[2]/div/ul/li[4]/a'.</msg>
<arg>${locator}</arg>
<doc>Click the element identified by ``locator``.</doc>
<status status="PASS" start="2025-07-24T09:39:25.867727" elapsed="1.760413"/>
</kw>
<arg>${LOGOUT_LINK}</arg>
<status status="PASS" start="2025-07-24T09:39:25.454169" elapsed="2.174330"/>
</kw>
<status status="PASS" start="2025-07-24T09:39:25.453194" elapsed="2.175548"/>
</kw>
<status status="PASS" start="2025-07-24T09:39:25.451993" elapsed="2.176952"/>
</kw>
<kw name="User Has Been Successfully Logged Out" owner="LogoutApp">
<kw name="Wait Until Element Is Enabled" owner="SeleniumLibrary">
<arg>${VERIFY_LOGIN_TEXT}</arg>
<doc>Waits until the element ``locator`` is enabled.</doc>
<status status="PASS" start="2025-07-24T09:39:27.630481" elapsed="0.028253"/>
</kw>
<kw name="Wait Until Element Is Enabled" owner="SeleniumLibrary">
<arg>${VERIFY_SIGNUP_TEXT}</arg>
<doc>Waits until the element ``locator`` is enabled.</doc>
<status status="PASS" start="2025-07-24T09:39:27.659160" elapsed="0.037278"/>
</kw>
<status status="PASS" start="2025-07-24T09:39:27.629592" elapsed="0.067095"/>
</kw>
<kw name="Submit Valid Login Data" owner="LoginApp">
<kw name="Input Valid Email and Password Data" owner="LoginApp">
<kw name="Input EmailAddress Element" owner="EmailAndPasswordForm">
<kw name="Input Text Element" owner="CommonKeywords">
<kw name="Wait Until Element Is Enabled" owner="SeleniumLibrary">
<arg>${locator}</arg>
<doc>Waits until the element ``locator`` is enabled.</doc>
<status status="PASS" start="2025-07-24T09:39:27.705764" elapsed="0.065711"/>
</kw>
<kw name="Input Text" owner="SeleniumLibrary">
<msg time="2025-07-24T09:39:27.772444" level="INFO">Typing text 'thlulc@exampletest.com' into text field 'xpath=//form[@action='/login']//input[@name='email']'.</msg>
<arg>${locator}</arg>
<arg>${text}</arg>
<doc>Types the given ``text`` into the text field identified by ``locator``.</doc>
<status status="PASS" start="2025-07-24T09:39:27.771851" elapsed="0.119158"/>
</kw>
<arg>${EMAIL_INPUT_LOGIN}</arg>
<arg>${emailAddress}</arg>
<status status="PASS" start="2025-07-24T09:39:27.704398" elapsed="0.187157"/>
</kw>
<arg>${emailAddress}</arg>
<status status="PASS" start="2025-07-24T09:39:27.702403" elapsed="0.189610"/>
</kw>
<kw name="Input Password Element" owner="EmailAndPasswordForm">
<kw name="Input Text Element" owner="CommonKeywords">
<kw name="Wait Until Element Is Enabled" owner="SeleniumLibrary">
<arg>${locator}</arg>
<doc>Waits until the element ``locator`` is enabled.</doc>
<status status="PASS" start="2025-07-24T09:39:27.895146" elapsed="0.042992"/>
</kw>
<kw name="Input Text" owner="SeleniumLibrary">
<msg time="2025-07-24T09:39:27.939238" level="INFO">Typing text 'veMNLsQTfc' into text field 'xpath=//form[@action='/login']//input[@name='password']'.</msg>
<arg>${locator}</arg>
<arg>${text}</arg>
<doc>Types the given ``text`` into the text field identified by ``locator``.</doc>
<status status="PASS" start="2025-07-24T09:39:27.938507" elapsed="0.126754"/>
</kw>
<arg>${PASSWORD_INPUT_LOGIN}</arg>
<arg>${password}</arg>
<status status="PASS" start="2025-07-24T09:39:27.894266" elapsed="0.171328"/>
</kw>
<arg>${password}</arg>
<status status="PASS" start="2025-07-24T09:39:27.892816" elapsed="0.172993"/>
</kw>
<arg>${user["EMAIL"]}</arg>
<arg>${user["PASSWORD"]}</arg>
<status status="PASS" start="2025-07-24T09:39:27.697986" elapsed="0.368045"/>
</kw>
<kw name="Click Login Element" owner="LoginApp_PO">
<kw name="Click Element By Locator" owner="ClickActionsApp">
<kw name="Wait Until Element Is Visible" owner="SeleniumLibrary">
<arg>${locator}</arg>
<doc>Waits until the element ``locator`` is visible.</doc>
<status status="PASS" start="2025-07-24T09:39:28.070681" elapsed="0.026572"/>
</kw>
<kw name="Wait Until Element Is Enabled" owner="SeleniumLibrary">
<arg>${locator}</arg>
<doc>Waits until the element ``locator`` is enabled.</doc>
<status status="PASS" start="2025-07-24T09:39:28.097666" elapsed="0.032734"/>
</kw>
<kw name="Scroll Element Into View" owner="SeleniumLibrary">
<arg>${locator}</arg>
<doc>Scrolls the element identified by ``locator`` into view.</doc>
<status status="PASS" start="2025-07-24T09:39:28.130907" elapsed="0.304138"/>
</kw>
<kw name="Click Element" owner="SeleniumLibrary">
<msg time="2025-07-24T09:39:28.439420" level="INFO">Clicking element 'xpath=//button[@class='btn btn-default' and text()='Login']'.</msg>
<arg>${locator}</arg>
<doc>Click the element identified by ``locator``.</doc>
<status status="PASS" start="2025-07-24T09:39:28.437237" elapsed="0.125418"/>
</kw>
<arg>${LOGIN_BUTTON}</arg>
<status status="PASS" start="2025-07-24T09:39:28.068924" elapsed="0.494038"/>
</kw>
<status status="PASS" start="2025-07-24T09:39:28.066787" elapsed="0.496418"/>
</kw>
<kw name="Checking If The User Is Logged In" owner="LoginApp_PO">
<kw name="Wait Until Element Is Enabled" owner="SeleniumLibrary">
<arg>${VERIFY_IS_USER_LOGGED}</arg>
<doc>Waits until the element ``locator`` is enabled.</doc>
<status status="PASS" start="2025-07-24T09:39:28.564227" elapsed="1.648015"/>
</kw>
<status status="PASS" start="2025-07-24T09:39:28.563571" elapsed="1.648895"/>
</kw>
<arg>${user}</arg>
<status status="PASS" start="2025-07-24T09:39:27.697211" elapsed="2.515399"/>
</kw>
<kw name="End Web Test" owner="Common" type="TEARDOWN">
<kw name="Close All Browsers" owner="SeleniumLibrary">
<doc>Closes all open browsers and resets the browser cache.</doc>
<status status="PASS" start="2025-07-24T09:39:30.213941" elapsed="2.301105"/>
</kw>
<status status="PASS" start="2025-07-24T09:39:30.213403" elapsed="2.302471"/>
</kw>
<status status="PASS" start="2025-07-24T09:39:07.113469" elapsed="25.403598"/>
</test>
<doc>Test cases for login user on website</doc>
<status status="PASS" start="2025-07-24T09:38:54.512811" elapsed="38.011082"/>
</suite>
<status status="PASS" start="2025-07-24T09:38:54.507571" elapsed="38.024207"/>
</suite>
<status status="PASS" start="2025-07-24T09:38:54.501923" elapsed="38.038418"/>
</suite>
<status status="PASS" start="2025-07-24T09:38:54.449873" elapsed="38.097919"/>
</suite>
<statistics>
<total>
<stat pass="2" fail="0" skip="0">All Tests</stat>
</total>
<tag>
</tag>
<suite>
<stat name="Robot-Task 1" id="s1" pass="2" fail="0" skip="0">Robot-Task 1</stat>
<stat name="Tests" id="s1-s1" pass="2" fail="0" skip="0">Robot-Task 1.Tests</stat>
<stat name="Login" id="s1-s1-s1" pass="2" fail="0" skip="0">Robot-Task 1.Tests.Login</stat>
<stat name="Login" id="s1-s1-s1-s1" pass="2" fail="0" skip="0">Robot-Task 1.Tests.Login.Login</stat>
</suite>
</statistics>
<errors>
<msg time="2025-07-24T09:38:56.128142" level="WARN">Exception managing MicrosoftEdge: error sending request for url (https://msedgedriver.azureedge.net/LATEST_RELEASE_138_WINDOWS)</msg>
<msg time="2025-07-24T09:39:07.257071" level="WARN">Exception managing MicrosoftEdge: error sending request for url (https://msedgedriver.azureedge.net/LATEST_RELEASE_138_WINDOWS)</msg>
</errors>
</robot>
