<?xml version="1.0" encoding="UTF-8"?>
<robot generator="Robot 7.3.2 (Python 3.13.5 on win32)" generated="2025-07-24T13:23:33.794715" rpa="false" schemaversion="5">
<suite id="s1" name="Signup" source="C:\development\Robot-Task_1\tests\signup\signup.robot">
<kw name="Prepare Test User" owner="SignupSuite" type="SETUP">
<kw name="Generate Random User Data" owner="GenerateUserData">
<kw name="Generate Random String" owner="String">
<msg time="2025-07-24T13:23:34.217591" level="INFO">${name} = qiantf</msg>
<var>${name}</var>
<arg>6</arg>
<arg>[LOWER]</arg>
<doc>Generates a string with a desired ``length`` from the given ``chars``.</doc>
<status status="PASS" start="2025-07-24T13:23:34.216926" elapsed="0.000793"/>
</kw>
<kw name="Set Variable" owner="BuiltIn">
<msg time="2025-07-24T13:23:34.219380" level="INFO">${email} = qiantf@exampletest.com</msg>
<var>${email}</var>
<arg>${name}@exampletest.com</arg>
<doc>Returns the given values which can then be assigned to a variables.</doc>
<status status="PASS" start="2025-07-24T13:23:34.218458" elapsed="0.001019"/>
</kw>
<kw name="Generate Random String" owner="String">
<msg time="2025-07-24T13:23:34.220746" level="INFO">${password} = GQZefvEnRg</msg>
<var>${password}</var>
<arg>10</arg>
<arg>[LETTERS]</arg>
<doc>Generates a string with a desired ``length`` from the given ``chars``.</doc>
<status status="PASS" start="2025-07-24T13:23:34.219942" elapsed="0.000932"/>
</kw>
<kw name="Set Variable" owner="BuiltIn">
<msg time="2025-07-24T13:23:34.221528" level="INFO">${day} = 10</msg>
<var>${day}</var>
<arg>10</arg>
<doc>Returns the given values which can then be assigned to a variables.</doc>
<status status="PASS" start="2025-07-24T13:23:34.221196" elapsed="0.000385"/>
</kw>
<kw name="Set Variable" owner="BuiltIn">
<msg time="2025-07-24T13:23:34.222237" level="INFO">${month} = 8</msg>
<var>${month}</var>
<arg>8</arg>
<doc>Returns the given values which can then be assigned to a variables.</doc>
<status status="PASS" start="2025-07-24T13:23:34.221919" elapsed="0.000391"/>
</kw>
<kw name="Set Variable" owner="BuiltIn">
<msg time="2025-07-24T13:23:34.223082" level="INFO">${year} = 1997</msg>
<var>${year}</var>
<arg>1997</arg>
<doc>Returns the given values which can then be assigned to a variables.</doc>
<status status="PASS" start="2025-07-24T13:23:34.222561" elapsed="0.000573"/>
</kw>
<kw name="Set Variable" owner="BuiltIn">
<msg time="2025-07-24T13:23:34.223445" level="INFO">${firstname} = qiantf</msg>
<var>${firstname}</var>
<arg>${name}</arg>
<doc>Returns the given values which can then be assigned to a variables.</doc>
<status status="PASS" start="2025-07-24T13:23:34.223274" elapsed="0.000202"/>
</kw>
<kw name="Generate Random String" owner="String">
<msg time="2025-07-24T13:23:34.223956" level="INFO">${lastname} = sVZhZS</msg>
<var>${lastname}</var>
<arg>6</arg>
<arg>[LETTERS]</arg>
<doc>Generates a string with a desired ``length`` from the given ``chars``.</doc>
<status status="PASS" start="2025-07-24T13:23:34.223607" elapsed="0.000415"/>
</kw>
<kw name="Set Variable" owner="BuiltIn">
<msg time="2025-07-24T13:23:34.224568" level="INFO">${address} = Ulica qiantf 1</msg>
<var>${address}</var>
<arg>Ulica ${name} 1</arg>
<doc>Returns the given values which can then be assigned to a variables.</doc>
<status status="PASS" start="2025-07-24T13:23:34.224245" elapsed="0.000410"/>
</kw>
<kw name="Set Variable" owner="BuiltIn">
<msg time="2025-07-24T13:23:34.225115" level="INFO">${country} = Australia</msg>
<var>${country}</var>
<arg>Australia</arg>
<doc>Returns the given values which can then be assigned to a variables.</doc>
<status status="PASS" start="2025-07-24T13:23:34.224879" elapsed="0.000277"/>
</kw>
<kw name="Set Variable" owner="BuiltIn">
<msg time="2025-07-24T13:23:34.225506" level="INFO">${state} = StatesVZhZS</msg>
<var>${state}</var>
<arg>State${lastname}</arg>
<doc>Returns the given values which can then be assigned to a variables.</doc>
<status status="PASS" start="2025-07-24T13:23:34.225311" elapsed="0.000231"/>
</kw>
<kw name="Set Variable" owner="BuiltIn">
<msg time="2025-07-24T13:23:34.225903" level="INFO">${city} = Cityqiantf</msg>
<var>${city}</var>
<arg>City${name}</arg>
<doc>Returns the given values which can then be assigned to a variables.</doc>
<status status="PASS" start="2025-07-24T13:23:34.225689" elapsed="0.000256"/>
</kw>
<kw name="Generate Random String" owner="String">
<msg time="2025-07-24T13:23:34.226417" level="INFO">${zipcode} = 34452</msg>
<var>${zipcode}</var>
<arg>5</arg>
<arg>[NUMBERS]</arg>
<doc>Generates a string with a desired ``length`` from the given ``chars``.</doc>
<status status="PASS" start="2025-07-24T13:23:34.226129" elapsed="0.000347"/>
</kw>
<kw name="Generate Random String" owner="String">
<msg time="2025-07-24T13:23:34.227076" level="INFO">${mobile} = 087142838</msg>
<var>${mobile}</var>
<arg>9</arg>
<arg>[NUMBERS]</arg>
<doc>Generates a string with a desired ``length`` from the given ``chars``.</doc>
<status status="PASS" start="2025-07-24T13:23:34.226696" elapsed="0.000432"/>
</kw>
<kw name="Create Dictionary" owner="BuiltIn">
<msg time="2025-07-24T13:23:34.228088" level="INFO">${user} = {'NAME': 'qiantf', 'LASTNAME': 'sVZhZS', 'EMAIL': 'qiantf@exampletest.com', 'PASSWORD': 'GQZefvEnRg', 'DAY': '10', 'MONTH': '8', 'YEAR': '1997', 'ADDRESS': 'Ulica qiantf 1', 'COUNTRY': 'Australia', 'S...</msg>
<var>${user}</var>
<arg>NAME=${name}</arg>
<arg>LASTNAME=${lastname}</arg>
<arg>EMAIL=${email}</arg>
<arg>PASSWORD=${password}</arg>
<arg>DAY=${day}</arg>
<arg>MONTH=${month}</arg>
<arg>YEAR=${year}</arg>
<arg>ADDRESS=${address}</arg>
<arg>COUNTRY=${country}</arg>
<arg>STATE=${state}</arg>
<arg>CITY=${city}</arg>
<arg>ZIPCODE=${zipcode}</arg>
<arg>MOBILE=${mobile}</arg>
<doc>Creates and returns a dictionary based on the given ``items``.</doc>
<status status="PASS" start="2025-07-24T13:23:34.227354" elapsed="0.000808"/>
</kw>
<return>
<value>${user}</value>
<status status="PASS" start="2025-07-24T13:23:34.228352" elapsed="0.000077"/>
</return>
<msg time="2025-07-24T13:23:34.228657" level="INFO">${generated_user} = {'NAME': 'qiantf', 'LASTNAME': 'sVZhZS', 'EMAIL': 'qiantf@exampletest.com', 'PASSWORD': 'GQZefvEnRg', 'DAY': '10', 'MONTH': '8', 'YEAR': '1997', 'ADDRESS': 'Ulica qiantf 1', 'COUNTRY': 'Australia', 'S...</msg>
<var>${generated_user}</var>
<status status="PASS" start="2025-07-24T13:23:34.214895" elapsed="0.013801"/>
</kw>
<kw name="Set Suite Variable" owner="BuiltIn">
<msg time="2025-07-24T13:23:34.229182" level="INFO">${user} = {'NAME': 'qiantf', 'LASTNAME': 'sVZhZS', 'EMAIL': 'qiantf@exampletest.com', 'PASSWORD': 'GQZefvEnRg', 'DAY': '10', 'MONTH': '8', 'YEAR': '1997', 'ADDRESS': 'Ulica qiantf 1', 'COUNTRY': 'Australia', 'S...</msg>
<arg>${user}</arg>
<arg>${generated_user}</arg>
<doc>Makes a variable available everywhere within the scope of the current suite.</doc>
<status status="PASS" start="2025-07-24T13:23:34.228884" elapsed="0.000358"/>
</kw>
<status status="PASS" start="2025-07-24T13:23:34.213915" elapsed="0.015427"/>
</kw>
<test id="s1-t1" name="Navigate from Landing Page and Complete First Step of Signup" line="11">
<kw name="Begin Web Test" owner="Common" type="SETUP">
<kw name="Open Browser" owner="SeleniumLibrary">
<msg time="2025-07-24T13:23:34.230934" level="INFO">Opening browser 'edge' to base url 'about:blank'.</msg>
<msg time="2025-07-24T13:23:34.378523" level="WARN">Exception managing MicrosoftEdge: error sending request for url (https://msedgedriver.azureedge.net/LATEST_RELEASE_138_WINDOWS)</msg>
<arg>about:blank</arg>
<arg>${BROWSER}</arg>
<doc>Opens a new browser instance to the optional ``url``.</doc>
<status status="PASS" start="2025-07-24T13:23:34.230706" elapsed="1.328709"/>
</kw>
<kw name="Maximize Browser Window" owner="SeleniumLibrary">
<doc>Maximizes current browser window.</doc>
<status status="PASS" start="2025-07-24T13:23:35.560026" elapsed="0.035238"/>
</kw>
<status status="PASS" start="2025-07-24T13:23:34.230405" elapsed="1.365094"/>
</kw>
<kw name="Go To Signup/Login page" owner="SignupApp">
<kw name="Navigate To Home Page" owner="Landing">
<kw name="Go To" owner="SeleniumLibrary">
<msg time="2025-07-24T13:23:35.598497" level="INFO">Opening url 'https://automationexercise.com/'</msg>
<arg>${URL}</arg>
<doc>Navigates the current browser window to the provided ``url``.</doc>
<status status="PASS" start="2025-07-24T13:23:35.598272" elapsed="2.052670"/>
</kw>
<kw name="Click Element By Locator" owner="ClickActionsApp">
<kw name="Wait Until Element Is Visible" owner="SeleniumLibrary">
<arg>${locator}</arg>
<doc>Waits until the element ``locator`` is visible.</doc>
<status status="PASS" start="2025-07-24T13:23:37.652203" elapsed="0.035042"/>
</kw>
<kw name="Wait Until Element Is Enabled" owner="SeleniumLibrary">
<arg>${locator}</arg>
<doc>Waits until the element ``locator`` is enabled.</doc>
<status status="PASS" start="2025-07-24T13:23:37.687557" elapsed="0.028632"/>
</kw>
<kw name="Scroll Element Into View" owner="SeleniumLibrary">
<arg>${locator}</arg>
<doc>Scrolls the element identified by ``locator`` into view.</doc>
<status status="PASS" start="2025-07-24T13:23:37.716401" elapsed="0.289606"/>
</kw>
<kw name="Click Element" owner="SeleniumLibrary">
<msg time="2025-07-24T13:23:38.007160" level="INFO">Clicking element 'xpath=//button[@class='fc-button fc-cta-consent fc-primary-button']//p[text()='Consent']'.</msg>
<arg>${locator}</arg>
<doc>Click the element identified by ``locator``.</doc>
<status status="PASS" start="2025-07-24T13:23:38.006871" elapsed="0.127340"/>
</kw>
<arg>${CONSENT_TEXT}</arg>
<status status="PASS" start="2025-07-24T13:23:37.651736" elapsed="0.482617"/>
</kw>
<kw name="Wait Until Page Contains Element" owner="SeleniumLibrary">
<arg>${VERIFY_LANDING_PAGE_TEXT}</arg>
<doc>Waits until the element ``locator`` appears on the current page.</doc>
<status status="PASS" start="2025-07-24T13:23:38.134541" elapsed="0.015581"/>
</kw>
<status status="PASS" start="2025-07-24T13:23:35.597751" elapsed="2.552613"/>
</kw>
<kw name="Click Signup/Login Link" owner="SignupApp_PO">
<kw name="Click Element By Locator" owner="ClickActionsApp">
<kw name="Wait Until Element Is Visible" owner="SeleniumLibrary">
<arg>${locator}</arg>
<doc>Waits until the element ``locator`` is visible.</doc>
<status status="PASS" start="2025-07-24T13:23:38.151828" elapsed="0.024490"/>
</kw>
<kw name="Wait Until Element Is Enabled" owner="SeleniumLibrary">
<arg>${locator}</arg>
<doc>Waits until the element ``locator`` is enabled.</doc>
<status status="PASS" start="2025-07-24T13:23:38.176517" elapsed="0.039382"/>
</kw>
<kw name="Scroll Element Into View" owner="SeleniumLibrary">
<arg>${locator}</arg>
<doc>Scrolls the element identified by ``locator`` into view.</doc>
<status status="PASS" start="2025-07-24T13:23:38.216090" elapsed="0.267771"/>
</kw>
<kw name="Click Element" owner="SeleniumLibrary">
<msg time="2025-07-24T13:23:38.484337" level="INFO">Clicking element 'xpath=//ul[@class='nav navbar-nav']//a[@href='/login']'.</msg>
<arg>${locator}</arg>
<doc>Click the element identified by ``locator``.</doc>
<status status="PASS" start="2025-07-24T13:23:38.484086" elapsed="1.090124"/>
</kw>
<arg>${SIGNUP_LOGIN_LINK}</arg>
<status status="PASS" start="2025-07-24T13:23:38.151113" elapsed="1.423295"/>
</kw>
<status status="PASS" start="2025-07-24T13:23:38.150648" elapsed="1.423851"/>
</kw>
<kw name="Signup Page Loaded Successfully" owner="SignupApp_PO">
<kw name="Page Should Contain Element" owner="SeleniumLibrary">
<msg time="2025-07-24T13:23:39.763672" level="INFO">Current page contains element 'xpath=//section[@id="form"]//h2[text()='Login to your account']'.</msg>
<arg>${VERIFY_LOGIN_TEXT}</arg>
<doc>Verifies that element ``locator`` is found on the current page.</doc>
<status status="PASS" start="2025-07-24T13:23:39.575005" elapsed="0.188873"/>
</kw>
<kw name="Page Should Contain Element" owner="SeleniumLibrary">
<msg time="2025-07-24T13:23:39.780492" level="INFO">Current page contains element 'xpath=//section[@id="form"]//h2[text()='New User Signup!']'.</msg>
<arg>${VERIFY_SIGNUP_TEXT}</arg>
<doc>Verifies that element ``locator`` is found on the current page.</doc>
<status status="PASS" start="2025-07-24T13:23:39.764357" elapsed="0.016244"/>
</kw>
<status status="PASS" start="2025-07-24T13:23:39.574711" elapsed="0.206008"/>
</kw>
<status status="PASS" start="2025-07-24T13:23:35.596544" elapsed="4.184263"/>
</kw>
<kw name="Submit Signup Form with Valid Data" owner="SignupApp">
<kw name="Input Accepts Valid Name and Email" owner="SignupApp">
<kw name="Input Name Element" owner="NameAndEmailForm">
<kw name="Input Text Element" owner="CommonKeywords">
<kw name="Wait Until Element Is Enabled" owner="SeleniumLibrary">
<arg>${locator}</arg>
<doc>Waits until the element ``locator`` is enabled.</doc>
<status status="PASS" start="2025-07-24T13:23:39.784784" elapsed="0.027601"/>
</kw>
<kw name="Input Text" owner="SeleniumLibrary">
<msg time="2025-07-24T13:23:39.813032" level="INFO">Typing text 'qiantf' into text field 'xpath=//input[@data-qa='signup-name']'.</msg>
<arg>${locator}</arg>
<arg>${text}</arg>
<doc>Types the given ``text`` into the text field identified by ``locator``.</doc>
<status status="PASS" start="2025-07-24T13:23:39.812683" elapsed="0.118452"/>
</kw>
<arg>${NAME_INPUT_SIGNUP}</arg>
<arg>${name}</arg>
<status status="PASS" start="2025-07-24T13:23:39.784174" elapsed="0.147182"/>
</kw>
<arg>${name}</arg>
<status status="PASS" start="2025-07-24T13:23:39.783731" elapsed="0.147787"/>
</kw>
<kw name="Input EmailAddress Element" owner="NameAndEmailForm">
<kw name="Input Text Element" owner="CommonKeywords">
<kw name="Wait Until Element Is Enabled" owner="SeleniumLibrary">
<arg>${locator}</arg>
<doc>Waits until the element ``locator`` is enabled.</doc>
<status status="PASS" start="2025-07-24T13:23:39.933371" elapsed="0.032745"/>
</kw>
<kw name="Input Text" owner="SeleniumLibrary">
<msg time="2025-07-24T13:23:39.966617" level="INFO">Typing text 'qiantf@exampletest.com' into text field 'xpath=//input[@data-qa='signup-email']'.</msg>
<arg>${locator}</arg>
<arg>${text}</arg>
<doc>Types the given ``text`` into the text field identified by ``locator``.</doc>
<status status="PASS" start="2025-07-24T13:23:39.966335" elapsed="0.116204"/>
</kw>
<arg>${EMAIL_INPUT_SIGNUP}</arg>
<arg>${emailAddress}</arg>
<status status="PASS" start="2025-07-24T13:23:39.932618" elapsed="0.150130"/>
</kw>
<arg>${emailAddress}</arg>
<status status="PASS" start="2025-07-24T13:23:39.931900" elapsed="0.151001"/>
</kw>
<arg>${user["NAME"]}</arg>
<arg>${user["EMAIL"]}</arg>
<status status="PASS" start="2025-07-24T13:23:39.781593" elapsed="0.301441"/>
</kw>
<kw name="Click Signup Button" owner="SignupApp_PO">
<kw name="Click Element By Locator" owner="ClickActionsApp">
<kw name="Wait Until Element Is Visible" owner="SeleniumLibrary">
<arg>${locator}</arg>
<doc>Waits until the element ``locator`` is visible.</doc>
<status status="PASS" start="2025-07-24T13:23:40.084227" elapsed="0.020482"/>
</kw>
<kw name="Wait Until Element Is Enabled" owner="SeleniumLibrary">
<arg>${locator}</arg>
<doc>Waits until the element ``locator`` is enabled.</doc>
<status status="PASS" start="2025-07-24T13:23:40.105418" elapsed="0.081231"/>
</kw>
<kw name="Scroll Element Into View" owner="SeleniumLibrary">
<arg>${locator}</arg>
<doc>Scrolls the element identified by ``locator`` into view.</doc>
<status status="PASS" start="2025-07-24T13:23:40.187005" elapsed="0.405394"/>
</kw>
<kw name="Click Element" owner="SeleniumLibrary">
<msg time="2025-07-24T13:23:40.592933" level="INFO">Clicking element 'xpath=//button[@class='btn btn-default' and text()='Signup']'.</msg>
<arg>${locator}</arg>
<doc>Click the element identified by ``locator``.</doc>
<status status="PASS" start="2025-07-24T13:23:40.592669" elapsed="1.196414"/>
</kw>
<arg>${SIGNUP_BUTTON}</arg>
<status status="PASS" start="2025-07-24T13:23:40.083866" elapsed="1.705467"/>
</kw>
<status status="PASS" start="2025-07-24T13:23:40.083421" elapsed="1.706082"/>
</kw>
<arg>${user}</arg>
<status status="PASS" start="2025-07-24T13:23:39.781177" elapsed="2.008471"/>
</kw>
<kw name="End Web Test" owner="Common" type="TEARDOWN">
<kw name="Close All Browsers" owner="SeleniumLibrary">
<doc>Closes all open browsers and resets the browser cache.</doc>
<status status="PASS" start="2025-07-24T13:23:41.791057" elapsed="2.297553"/>
</kw>
<status status="PASS" start="2025-07-24T13:23:41.790486" elapsed="2.298570"/>
</kw>
<doc>Test case for loading landing page and navigate to Signup and login page</doc>
<tag>Test 1</tag>
<status status="PASS" start="2025-07-24T13:23:34.229433" elapsed="9.860439"/>
</test>
<test id="s1-t2" name="User Can Sign Up Successfully" line="19">
<kw name="Begin Web Test" owner="Common" type="SETUP">
<kw name="Open Browser" owner="SeleniumLibrary">
<msg time="2025-07-24T13:23:44.094497" level="INFO">Opening browser 'edge' to base url 'about:blank'.</msg>
<msg time="2025-07-24T13:23:44.228978" level="WARN">Exception managing MicrosoftEdge: error sending request for url (https://msedgedriver.azureedge.net/LATEST_RELEASE_138_WINDOWS)</msg>
<arg>about:blank</arg>
<arg>${BROWSER}</arg>
<doc>Opens a new browser instance to the optional ``url``.</doc>
<status status="PASS" start="2025-07-24T13:23:44.094270" elapsed="1.318873"/>
</kw>
<kw name="Maximize Browser Window" owner="SeleniumLibrary">
<doc>Maximizes current browser window.</doc>
<status status="PASS" start="2025-07-24T13:23:45.413651" elapsed="0.056420"/>
</kw>
<status status="PASS" start="2025-07-24T13:23:44.093951" elapsed="1.376616"/>
</kw>
<kw name="Go To Signup/Login page" owner="SignupApp">
<kw name="Navigate To Home Page" owner="Landing">
<kw name="Go To" owner="SeleniumLibrary">
<msg time="2025-07-24T13:23:45.473505" level="INFO">Opening url 'https://automationexercise.com/'</msg>
<arg>${URL}</arg>
<doc>Navigates the current browser window to the provided ``url``.</doc>
<status status="PASS" start="2025-07-24T13:23:45.473159" elapsed="2.410668"/>
</kw>
<kw name="Click Element By Locator" owner="ClickActionsApp">
<kw name="Wait Until Element Is Visible" owner="SeleniumLibrary">
<arg>${locator}</arg>
<doc>Waits until the element ``locator`` is visible.</doc>
<status status="PASS" start="2025-07-24T13:23:47.884654" elapsed="0.037583"/>
</kw>
<kw name="Wait Until Element Is Enabled" owner="SeleniumLibrary">
<arg>${locator}</arg>
<doc>Waits until the element ``locator`` is enabled.</doc>
<status status="PASS" start="2025-07-24T13:23:47.922456" elapsed="0.032818"/>
</kw>
<kw name="Scroll Element Into View" owner="SeleniumLibrary">
<arg>${locator}</arg>
<doc>Scrolls the element identified by ``locator`` into view.</doc>
<status status="PASS" start="2025-07-24T13:23:47.955468" elapsed="0.292854"/>
</kw>
<kw name="Click Element" owner="SeleniumLibrary">
<msg time="2025-07-24T13:23:48.249913" level="INFO">Clicking element 'xpath=//button[@class='fc-button fc-cta-consent fc-primary-button']//p[text()='Consent']'.</msg>
<arg>${locator}</arg>
<doc>Click the element identified by ``locator``.</doc>
<status status="PASS" start="2025-07-24T13:23:48.249046" elapsed="0.150669"/>
</kw>
<arg>${CONSENT_TEXT}</arg>
<status status="PASS" start="2025-07-24T13:23:47.884135" elapsed="0.515798"/>
</kw>
<kw name="Wait Until Page Contains Element" owner="SeleniumLibrary">
<arg>${VERIFY_LANDING_PAGE_TEXT}</arg>
<doc>Waits until the element ``locator`` appears on the current page.</doc>
<status status="PASS" start="2025-07-24T13:23:48.400347" elapsed="0.020042"/>
</kw>
<status status="PASS" start="2025-07-24T13:23:45.472102" elapsed="2.948484"/>
</kw>
<kw name="Click Signup/Login Link" owner="SignupApp_PO">
<kw name="Click Element By Locator" owner="ClickActionsApp">
<kw name="Wait Until Element Is Visible" owner="SeleniumLibrary">
<arg>${locator}</arg>
<doc>Waits until the element ``locator`` is visible.</doc>
<status status="PASS" start="2025-07-24T13:23:48.422280" elapsed="0.026091"/>
</kw>
<kw name="Wait Until Element Is Enabled" owner="SeleniumLibrary">
<arg>${locator}</arg>
<doc>Waits until the element ``locator`` is enabled.</doc>
<status status="PASS" start="2025-07-24T13:23:48.448607" elapsed="0.038056"/>
</kw>
<kw name="Scroll Element Into View" owner="SeleniumLibrary">
<arg>${locator}</arg>
<doc>Scrolls the element identified by ``locator`` into view.</doc>
<status status="PASS" start="2025-07-24T13:23:48.486853" elapsed="0.308132"/>
</kw>
<kw name="Click Element" owner="SeleniumLibrary">
<msg time="2025-07-24T13:23:48.795474" level="INFO">Clicking element 'xpath=//ul[@class='nav navbar-nav']//a[@href='/login']'.</msg>
<arg>${locator}</arg>
<doc>Click the element identified by ``locator``.</doc>
<status status="PASS" start="2025-07-24T13:23:48.795233" elapsed="1.092179"/>
</kw>
<arg>${SIGNUP_LOGIN_LINK}</arg>
<status status="PASS" start="2025-07-24T13:23:48.421647" elapsed="1.465899"/>
</kw>
<status status="PASS" start="2025-07-24T13:23:48.420990" elapsed="1.466642"/>
</kw>
<kw name="Signup Page Loaded Successfully" owner="SignupApp_PO">
<kw name="Page Should Contain Element" owner="SeleniumLibrary">
<msg time="2025-07-24T13:23:49.942815" level="INFO">Current page contains element 'xpath=//section[@id="form"]//h2[text()='Login to your account']'.</msg>
<arg>${VERIFY_LOGIN_TEXT}</arg>
<doc>Verifies that element ``locator`` is found on the current page.</doc>
<status status="PASS" start="2025-07-24T13:23:49.888388" elapsed="0.054533"/>
</kw>
<kw name="Page Should Contain Element" owner="SeleniumLibrary">
<msg time="2025-07-24T13:23:50.094412" level="INFO">Current page contains element 'xpath=//section[@id="form"]//h2[text()='New User Signup!']'.</msg>
<arg>${VERIFY_SIGNUP_TEXT}</arg>
<doc>Verifies that element ``locator`` is found on the current page.</doc>
<status status="PASS" start="2025-07-24T13:23:49.943146" elapsed="0.151382"/>
</kw>
<status status="PASS" start="2025-07-24T13:23:49.887905" elapsed="0.206744"/>
</kw>
<status status="PASS" start="2025-07-24T13:23:45.471330" elapsed="4.623404"/>
</kw>
<kw name="Submit Signup Form with Valid Data" owner="SignupApp">
<kw name="Input Accepts Valid Name and Email" owner="SignupApp">
<kw name="Input Name Element" owner="NameAndEmailForm">
<kw name="Input Text Element" owner="CommonKeywords">
<kw name="Wait Until Element Is Enabled" owner="SeleniumLibrary">
<arg>${locator}</arg>
<doc>Waits until the element ``locator`` is enabled.</doc>
<status status="PASS" start="2025-07-24T13:23:50.097545" elapsed="0.035158"/>
</kw>
<kw name="Input Text" owner="SeleniumLibrary">
<msg time="2025-07-24T13:23:50.133203" level="INFO">Typing text 'qiantf' into text field 'xpath=//input[@data-qa='signup-name']'.</msg>
<arg>${locator}</arg>
<arg>${text}</arg>
<doc>Types the given ``text`` into the text field identified by ``locator``.</doc>
<status status="PASS" start="2025-07-24T13:23:50.132919" elapsed="0.124656"/>
</kw>
<arg>${NAME_INPUT_SIGNUP}</arg>
<arg>${name}</arg>
<status status="PASS" start="2025-07-24T13:23:50.097242" elapsed="0.160561"/>
</kw>
<arg>${name}</arg>
<status status="PASS" start="2025-07-24T13:23:50.096943" elapsed="0.161046"/>
</kw>
<kw name="Input EmailAddress Element" owner="NameAndEmailForm">
<kw name="Input Text Element" owner="CommonKeywords">
<kw name="Wait Until Element Is Enabled" owner="SeleniumLibrary">
<arg>${locator}</arg>
<doc>Waits until the element ``locator`` is enabled.</doc>
<status status="PASS" start="2025-07-24T13:23:50.261196" elapsed="0.054186"/>
</kw>
<kw name="Input Text" owner="SeleniumLibrary">
<msg time="2025-07-24T13:23:50.316050" level="INFO">Typing text 'qiantf@exampletest.com' into text field 'xpath=//input[@data-qa='signup-email']'.</msg>
<arg>${locator}</arg>
<arg>${text}</arg>
<doc>Types the given ``text`` into the text field identified by ``locator``.</doc>
<status status="PASS" start="2025-07-24T13:23:50.315676" elapsed="0.129436"/>
</kw>
<arg>${EMAIL_INPUT_SIGNUP}</arg>
<arg>${emailAddress}</arg>
<status status="PASS" start="2025-07-24T13:23:50.259734" elapsed="0.185620"/>
</kw>
<arg>${emailAddress}</arg>
<status status="PASS" start="2025-07-24T13:23:50.258410" elapsed="0.187108"/>
</kw>
<arg>${user["NAME"]}</arg>
<arg>${user["EMAIL"]}</arg>
<status status="PASS" start="2025-07-24T13:23:50.095559" elapsed="0.350105"/>
</kw>
<kw name="Click Signup Button" owner="SignupApp_PO">
<kw name="Click Element By Locator" owner="ClickActionsApp">
<kw name="Wait Until Element Is Visible" owner="SeleniumLibrary">
<arg>${locator}</arg>
<doc>Waits until the element ``locator`` is visible.</doc>
<status status="PASS" start="2025-07-24T13:23:50.447686" elapsed="0.042449"/>
</kw>
<kw name="Wait Until Element Is Enabled" owner="SeleniumLibrary">
<arg>${locator}</arg>
<doc>Waits until the element ``locator`` is enabled.</doc>
<status status="PASS" start="2025-07-24T13:23:50.490494" elapsed="0.045620"/>
</kw>
<kw name="Scroll Element Into View" owner="SeleniumLibrary">
<arg>${locator}</arg>
<doc>Scrolls the element identified by ``locator`` into view.</doc>
<status status="PASS" start="2025-07-24T13:23:50.536576" elapsed="0.385583"/>
</kw>
<kw name="Click Element" owner="SeleniumLibrary">
<msg time="2025-07-24T13:23:50.922872" level="INFO">Clicking element 'xpath=//button[@class='btn btn-default' and text()='Signup']'.</msg>
<arg>${locator}</arg>
<doc>Click the element identified by ``locator``.</doc>
<status status="PASS" start="2025-07-24T13:23:50.922503" elapsed="2.833692"/>
</kw>
<arg>${SIGNUP_BUTTON}</arg>
<status status="PASS" start="2025-07-24T13:23:50.446861" elapsed="3.309595"/>
</kw>
<status status="PASS" start="2025-07-24T13:23:50.446193" elapsed="3.310418"/>
</kw>
<arg>${user}</arg>
<status status="PASS" start="2025-07-24T13:23:50.095136" elapsed="3.661607"/>
</kw>
<kw name="User Redirected to Signup Detail Page" owner="SignupApp">
<kw name="Successful Redirection To The Signup Details Page" owner="SignupApp_PO">
<kw name="Wait Until Element Is Enabled" owner="SeleniumLibrary">
<arg>${SIGNUP_DETAIL_PAGE_TEXT}</arg>
<doc>Waits until the element ``locator`` is enabled.</doc>
<status status="PASS" start="2025-07-24T13:23:53.758791" elapsed="0.152334"/>
</kw>
<status status="PASS" start="2025-07-24T13:23:53.758138" elapsed="0.153204"/>
</kw>
<status status="PASS" start="2025-07-24T13:23:53.757535" elapsed="0.153956"/>
</kw>
<kw name="Complete Signup With Valid Details" owner="SignupApp">
<kw name="Filling in The Details Fields" owner="SignupApp">
<kw name="Select Title Element" owner="DetailsForm">
<kw name="Click Element By Locator" owner="ClickActionsApp">
<kw name="Wait Until Element Is Visible" owner="SeleniumLibrary">
<arg>${locator}</arg>
<doc>Waits until the element ``locator`` is visible.</doc>
<status status="PASS" start="2025-07-24T13:23:53.917410" elapsed="0.075275"/>
</kw>
<kw name="Wait Until Element Is Enabled" owner="SeleniumLibrary">
<arg>${locator}</arg>
<doc>Waits until the element ``locator`` is enabled.</doc>
<status status="PASS" start="2025-07-24T13:23:53.993250" elapsed="0.073358"/>
</kw>
<kw name="Scroll Element Into View" owner="SeleniumLibrary">
<arg>${locator}</arg>
<doc>Scrolls the element identified by ``locator`` into view.</doc>
<status status="PASS" start="2025-07-24T13:23:54.067093" elapsed="0.304887"/>
</kw>
<kw name="Click Element" owner="SeleniumLibrary">
<msg time="2025-07-24T13:23:54.372667" level="INFO">Clicking element 'xpath=//div[@class='radio-inline']//label[@for='id_gender2']'.</msg>
<arg>${locator}</arg>
<doc>Click the element identified by ``locator``.</doc>
<status status="PASS" start="2025-07-24T13:23:54.372314" elapsed="0.130136"/>
</kw>
<arg>${TITLE_MRS_SELECT}</arg>
<status status="PASS" start="2025-07-24T13:23:53.916677" elapsed="0.585956"/>
</kw>
<status status="PASS" start="2025-07-24T13:23:53.915818" elapsed="0.587049"/>
</kw>
<kw name="Input Password Eelement" owner="DetailsForm">
<kw name="Input Text Element" owner="CommonKeywords">
<kw name="Wait Until Element Is Enabled" owner="SeleniumLibrary">
<arg>${locator}</arg>
<doc>Waits until the element ``locator`` is enabled.</doc>
<status status="PASS" start="2025-07-24T13:23:54.505322" elapsed="0.059277"/>
</kw>
<kw name="Input Text" owner="SeleniumLibrary">
<msg time="2025-07-24T13:23:54.565431" level="INFO">Typing text 'GQZefvEnRg' into text field 'xpath=//input[@id="password"]'.</msg>
<arg>${locator}</arg>
<arg>${text}</arg>
<doc>Types the given ``text`` into the text field identified by ``locator``.</doc>
<status status="PASS" start="2025-07-24T13:23:54.565076" elapsed="0.183459"/>
</kw>
<arg>${PASSWORD_FIELD}</arg>
<arg>${user["PASSWORD"]}</arg>
<status status="PASS" start="2025-07-24T13:23:54.503900" elapsed="0.244902"/>
</kw>
<arg>${user}</arg>
<status status="PASS" start="2025-07-24T13:23:54.503304" elapsed="0.245664"/>
</kw>
<kw name="Select Day Element" owner="DetailsForm">
<kw name="Select Element from Dropdown" owner="CommonKeywords">
<kw name="Wait Until Element Is Enabled" owner="SeleniumLibrary">
<arg>${locator}</arg>
<doc>Waits until the element ``locator`` is enabled.</doc>
<status status="PASS" start="2025-07-24T13:23:54.753443" elapsed="0.141614"/>
</kw>
<kw name="Select From List By Value" owner="SeleniumLibrary">
<msg time="2025-07-24T13:23:54.896491" level="INFO">Selecting options from selection list 'xpath=//div[@id='uniform-days']//select[@id='days']' by value 10.</msg>
<arg>${locator}</arg>
<arg>${value}</arg>
<doc>Selects options from selection list ``locator`` by ``values``.</doc>
<status status="PASS" start="2025-07-24T13:23:54.895555" elapsed="0.147017"/>
</kw>
<arg>${DAY_SELECT}</arg>
<arg>${user["DAY"]}</arg>
<status status="PASS" start="2025-07-24T13:23:54.750259" elapsed="0.292676"/>
</kw>
<arg>${user}</arg>
<status status="PASS" start="2025-07-24T13:23:54.749373" elapsed="0.293800"/>
</kw>
<kw name="Select Month Element" owner="DetailsForm">
<kw name="Select Element from Dropdown" owner="CommonKeywords">
<kw name="Wait Until Element Is Enabled" owner="SeleniumLibrary">
<arg>${locator}</arg>
<doc>Waits until the element ``locator`` is enabled.</doc>
<status status="PASS" start="2025-07-24T13:23:55.046738" elapsed="0.049126"/>
</kw>
<kw name="Select From List By Value" owner="SeleniumLibrary">
<msg time="2025-07-24T13:23:55.096808" level="INFO">Selecting options from selection list 'xpath=//div[@id='uniform-months']//select[@id='months']' by value 8.</msg>
<arg>${locator}</arg>
<arg>${value}</arg>
<doc>Selects options from selection list ``locator`` by ``values``.</doc>
<status status="PASS" start="2025-07-24T13:23:55.096250" elapsed="0.163276"/>
</kw>
<arg>${MONTH_SELECT}</arg>
<arg>${user["MONTH"]}</arg>
<status status="PASS" start="2025-07-24T13:23:55.044375" elapsed="0.215373"/>
</kw>
<arg>${user}</arg>
<status status="PASS" start="2025-07-24T13:23:55.043618" elapsed="0.216289"/>
</kw>
<kw name="Select Year Element" owner="DetailsForm">
<kw name="Select Element from Dropdown" owner="CommonKeywords">
<kw name="Wait Until Element Is Enabled" owner="SeleniumLibrary">
<arg>${locator}</arg>
<doc>Waits until the element ``locator`` is enabled.</doc>
<status status="PASS" start="2025-07-24T13:23:55.262874" elapsed="0.047526"/>
</kw>
<kw name="Select From List By Value" owner="SeleniumLibrary">
<msg time="2025-07-24T13:23:55.311803" level="INFO">Selecting options from selection list 'xpath=//div[@id='uniform-years']//select[@id='years']' by value 1997.</msg>
<arg>${locator}</arg>
<arg>${value}</arg>
<doc>Selects options from selection list ``locator`` by ``values``.</doc>
<status status="PASS" start="2025-07-24T13:23:55.310806" elapsed="0.142157"/>
</kw>
<arg>${YEAR_SELECT}</arg>
<arg>${user["YEAR"]}</arg>
<status status="PASS" start="2025-07-24T13:23:55.260950" elapsed="0.192213"/>
</kw>
<arg>${user}</arg>
<status status="PASS" start="2025-07-24T13:23:55.260286" elapsed="0.193018"/>
</kw>
<kw name="Input First Name Element" owner="DetailsForm">
<kw name="Input Text Element" owner="CommonKeywords">
<kw name="Wait Until Element Is Enabled" owner="SeleniumLibrary">
<arg>${locator}</arg>
<doc>Waits until the element ``locator`` is enabled.</doc>
<status status="PASS" start="2025-07-24T13:23:55.456343" elapsed="0.051088"/>
</kw>
<kw name="Input Text" owner="SeleniumLibrary">
<msg time="2025-07-24T13:23:55.508133" level="INFO">Typing text 'qiantf' into text field 'xpath=//input[@id='first_name']'.</msg>
<arg>${locator}</arg>
<arg>${text}</arg>
<doc>Types the given ``text`` into the text field identified by ``locator``.</doc>
<status status="PASS" start="2025-07-24T13:23:55.507689" elapsed="0.245978"/>
</kw>
<arg>${FIRST_NAME_FIELD}</arg>
<arg>${user["NAME"]}</arg>
<status status="PASS" start="2025-07-24T13:23:55.454337" elapsed="0.299538"/>
</kw>
<arg>${user}</arg>
<status status="PASS" start="2025-07-24T13:23:55.453677" elapsed="0.300344"/>
</kw>
<kw name="Input Last Name Element" owner="DetailsForm">
<kw name="Input Text Element" owner="CommonKeywords">
<kw name="Wait Until Element Is Enabled" owner="SeleniumLibrary">
<arg>${locator}</arg>
<doc>Waits until the element ``locator`` is enabled.</doc>
<status status="PASS" start="2025-07-24T13:23:55.757077" elapsed="0.068822"/>
</kw>
<kw name="Input Text" owner="SeleniumLibrary">
<msg time="2025-07-24T13:23:55.827014" level="INFO">Typing text 'sVZhZS' into text field 'xpath=//input[@id='last_name']'.</msg>
<arg>${locator}</arg>
<arg>${text}</arg>
<doc>Types the given ``text`` into the text field identified by ``locator``.</doc>
<status status="PASS" start="2025-07-24T13:23:55.826355" elapsed="0.192868"/>
</kw>
<arg>${LAST_NAME_FIELD}</arg>
<arg>${user["LASTNAME"]}</arg>
<status status="PASS" start="2025-07-24T13:23:55.755181" elapsed="0.264205"/>
</kw>
<arg>${user}</arg>
<status status="PASS" start="2025-07-24T13:23:55.754432" elapsed="0.265079"/>
</kw>
<kw name="Input Address Element" owner="DetailsForm">
<kw name="Input Text Element" owner="CommonKeywords">
<kw name="Wait Until Element Is Enabled" owner="SeleniumLibrary">
<arg>${locator}</arg>
<doc>Waits until the element ``locator`` is enabled.</doc>
<status status="PASS" start="2025-07-24T13:23:56.021678" elapsed="0.042984"/>
</kw>
<kw name="Input Text" owner="SeleniumLibrary">
<msg time="2025-07-24T13:23:56.065822" level="INFO">Typing text 'Ulica qiantf 1' into text field 'xpath=//input[@id='address1']'.</msg>
<arg>${locator}</arg>
<arg>${text}</arg>
<doc>Types the given ``text`` into the text field identified by ``locator``.</doc>
<status status="PASS" start="2025-07-24T13:23:56.065099" elapsed="0.198028"/>
</kw>
<arg>${ADDRESS_INPUT}</arg>
<arg>${user["ADDRESS"]}</arg>
<status status="PASS" start="2025-07-24T13:23:56.020293" elapsed="0.243091"/>
</kw>
<arg>${user}</arg>
<status status="PASS" start="2025-07-24T13:23:56.019733" elapsed="0.244041"/>
</kw>
<kw name="Select Country Element" owner="DetailsForm">
<kw name="Select Element from Dropdown" owner="CommonKeywords">
<kw name="Wait Until Element Is Enabled" owner="SeleniumLibrary">
<arg>${locator}</arg>
<doc>Waits until the element ``locator`` is enabled.</doc>
<status status="PASS" start="2025-07-24T13:23:56.267131" elapsed="0.041172"/>
</kw>
<kw name="Select From List By Value" owner="SeleniumLibrary">
<msg time="2025-07-24T13:23:56.308867" level="INFO">Selecting options from selection list 'xpath=//select[@id='country']' by value Australia.</msg>
<arg>${locator}</arg>
<arg>${value}</arg>
<doc>Selects options from selection list ``locator`` by ``values``.</doc>
<status status="PASS" start="2025-07-24T13:23:56.308543" elapsed="0.137128"/>
</kw>
<arg>${SELECT_COUNTRY}</arg>
<arg>${user["COUNTRY"]}</arg>
<status status="PASS" start="2025-07-24T13:23:56.265086" elapsed="0.180722"/>
</kw>
<arg>${user}</arg>
<status status="PASS" start="2025-07-24T13:23:56.264286" elapsed="0.181603"/>
</kw>
<kw name="Input State Element" owner="DetailsForm">
<kw name="Input Text Element" owner="CommonKeywords">
<kw name="Wait Until Element Is Enabled" owner="SeleniumLibrary">
<arg>${locator}</arg>
<doc>Waits until the element ``locator`` is enabled.</doc>
<status status="PASS" start="2025-07-24T13:23:56.450331" elapsed="0.067379"/>
</kw>
<kw name="Input Text" owner="SeleniumLibrary">
<msg time="2025-07-24T13:23:56.518321" level="INFO">Typing text 'StatesVZhZS' into text field 'xpath=//input[@id='state']'.</msg>
<arg>${locator}</arg>
<arg>${text}</arg>
<doc>Types the given ``text`` into the text field identified by ``locator``.</doc>
<status status="PASS" start="2025-07-24T13:23:56.517970" elapsed="0.186479"/>
</kw>
<arg>${STATE_FIELD}</arg>
<arg>${user["STATE"]}</arg>
<status status="PASS" start="2025-07-24T13:23:56.447090" elapsed="0.257570"/>
</kw>
<arg>${user}</arg>
<status status="PASS" start="2025-07-24T13:23:56.446150" elapsed="0.258667"/>
</kw>
<kw name="Input City Element" owner="DetailsForm">
<kw name="Input Text Element" owner="CommonKeywords">
<kw name="Wait Until Element Is Enabled" owner="SeleniumLibrary">
<arg>${locator}</arg>
<doc>Waits until the element ``locator`` is enabled.</doc>
<status status="PASS" start="2025-07-24T13:23:56.706931" elapsed="0.041327"/>
</kw>
<kw name="Input Text" owner="SeleniumLibrary">
<msg time="2025-07-24T13:23:56.749196" level="INFO">Typing text 'Cityqiantf' into text field 'xpath=//input[@id='city']'.</msg>
<arg>${locator}</arg>
<arg>${text}</arg>
<doc>Types the given ``text`` into the text field identified by ``locator``.</doc>
<status status="PASS" start="2025-07-24T13:23:56.748648" elapsed="0.209489"/>
</kw>
<arg>${CITY_FIELD}</arg>
<arg>${user["CITY"]}</arg>
<status status="PASS" start="2025-07-24T13:23:56.705675" elapsed="0.252666"/>
</kw>
<arg>${user}</arg>
<status status="PASS" start="2025-07-24T13:23:56.705097" elapsed="0.253406"/>
</kw>
<kw name="Input Zipcode Element" owner="DetailsForm">
<kw name="Input Text Element" owner="CommonKeywords">
<kw name="Wait Until Element Is Enabled" owner="SeleniumLibrary">
<arg>${locator}</arg>
<doc>Waits until the element ``locator`` is enabled.</doc>
<status status="PASS" start="2025-07-24T13:23:56.960780" elapsed="0.043510"/>
</kw>
<kw name="Input Text" owner="SeleniumLibrary">
<msg time="2025-07-24T13:23:57.005081" level="INFO">Typing text '34452' into text field 'xpath=//input[@id='zipcode']'.</msg>
<arg>${locator}</arg>
<arg>${text}</arg>
<doc>Types the given ``text`` into the text field identified by ``locator``.</doc>
<status status="PASS" start="2025-07-24T13:23:57.004672" elapsed="0.176964"/>
</kw>
<arg>${ZIPCODE_FIELD}</arg>
<arg>${user["ZIPCODE"]}</arg>
<status status="PASS" start="2025-07-24T13:23:56.959396" elapsed="0.222463"/>
</kw>
<arg>${user}</arg>
<status status="PASS" start="2025-07-24T13:23:56.958797" elapsed="0.223233"/>
</kw>
<kw name="Input Mobile Number Element" owner="DetailsForm">
<kw name="Input Text Element" owner="CommonKeywords">
<kw name="Wait Until Element Is Enabled" owner="SeleniumLibrary">
<arg>${locator}</arg>
<doc>Waits until the element ``locator`` is enabled.</doc>
<status status="PASS" start="2025-07-24T13:23:57.185007" elapsed="0.051381"/>
</kw>
<kw name="Input Text" owner="SeleniumLibrary">
<msg time="2025-07-24T13:23:57.237515" level="INFO">Typing text '087142838' into text field 'xpath=//input[@id='mobile_number']'.</msg>
<arg>${locator}</arg>
<arg>${text}</arg>
<doc>Types the given ``text`` into the text field identified by ``locator``.</doc>
<status status="PASS" start="2025-07-24T13:23:57.236846" elapsed="0.166859"/>
</kw>
<arg>${MOBILE_NUMBER_FIELD}</arg>
<arg>${user["MOBILE"]}</arg>
<status status="PASS" start="2025-07-24T13:23:57.183507" elapsed="0.220351"/>
</kw>
<arg>${user}</arg>
<status status="PASS" start="2025-07-24T13:23:57.182502" elapsed="0.221475"/>
</kw>
<arg>${user}</arg>
<status status="PASS" start="2025-07-24T13:23:53.914406" elapsed="3.489661"/>
</kw>
<kw name="Click Create Account Element" owner="SignupApp_PO">
<kw name="Wait Until Element Is Enabled" owner="SeleniumLibrary">
<arg>${CREATE_ACC_BUTTON}</arg>
<doc>Waits until the element ``locator`` is enabled.</doc>
<status status="PASS" start="2025-07-24T13:23:57.404730" elapsed="0.036621"/>
</kw>
<kw name="Execute Javascript" owner="SeleniumLibrary">
<msg time="2025-07-24T13:23:57.442098" level="INFO">Executing JavaScript:
document.evaluate("//button[@data-qa='create-account']", document, null, XPathResult.FIRST_ORDERED_NODE_TYPE, null).singleNodeValue.click()
Without any arguments.</msg>
<arg>document.evaluate("//button[@data-qa='create-account']", document, null, XPathResult.FIRST_ORDERED_NODE_TYPE, null).singleNodeValue.click()</arg>
<doc>Executes the given JavaScript code with possible arguments.</doc>
<status status="PASS" start="2025-07-24T13:23:57.441602" elapsed="7.065387"/>
</kw>
<status status="PASS" start="2025-07-24T13:23:57.404333" elapsed="7.102974"/>
</kw>
<arg>${user}</arg>
<status status="PASS" start="2025-07-24T13:23:53.912777" elapsed="10.594745"/>
</kw>
<kw name="Account Was Successfully Created" owner="SignupApp">
<kw name="Account Created Successfully Message" owner="SignupApp_PO">
<kw name="Wait Until Element Is Enabled" owner="SeleniumLibrary">
<arg>${ACCOUNT_CREATED_TEXT}</arg>
<doc>Waits until the element ``locator`` is enabled.</doc>
<status status="PASS" start="2025-07-24T13:24:04.510317" elapsed="0.075312"/>
</kw>
<kw name="Wait Until Element Is Enabled" owner="SeleniumLibrary">
<arg>${CONTINUE_BUTTON}</arg>
<doc>Waits until the element ``locator`` is enabled.</doc>
<status status="PASS" start="2025-07-24T13:24:04.586000" elapsed="0.052605"/>
</kw>
<status status="PASS" start="2025-07-24T13:24:04.509438" elapsed="0.129459"/>
</kw>
<kw name="Click Continue Button" owner="SignupApp_PO">
<kw name="Click Element By Locator" owner="ClickActionsApp">
<kw name="Wait Until Element Is Visible" owner="SeleniumLibrary">
<arg>${locator}</arg>
<doc>Waits until the element ``locator`` is visible.</doc>
<status status="PASS" start="2025-07-24T13:24:04.641645" elapsed="0.034973"/>
</kw>
<kw name="Wait Until Element Is Enabled" owner="SeleniumLibrary">
<arg>${locator}</arg>
<doc>Waits until the element ``locator`` is enabled.</doc>
<status status="PASS" start="2025-07-24T13:24:04.677032" elapsed="0.057721"/>
</kw>
<kw name="Scroll Element Into View" owner="SeleniumLibrary">
<arg>${locator}</arg>
<doc>Scrolls the element identified by ``locator`` into view.</doc>
<status status="PASS" start="2025-07-24T13:24:04.735240" elapsed="0.295645"/>
</kw>
<kw name="Click Element" owner="SeleniumLibrary">
<msg time="2025-07-24T13:24:05.031676" level="INFO">Clicking element 'xpath=//a[@data-qa='continue-button']'.</msg>
<arg>${locator}</arg>
<doc>Click the element identified by ``locator``.</doc>
<status status="PASS" start="2025-07-24T13:24:05.031231" elapsed="19.170674"/>
</kw>
<arg>${CONTINUE_BUTTON}</arg>
<status status="PASS" start="2025-07-24T13:24:04.640641" elapsed="19.561480"/>
</kw>
<status status="PASS" start="2025-07-24T13:24:04.639575" elapsed="19.562698"/>
</kw>
<arg>${user}</arg>
<status status="PASS" start="2025-07-24T13:24:04.508203" elapsed="19.694239"/>
</kw>
<kw name="User Should Be Logged In As" owner="SignupApp">
<kw name="Checking The Currently Logged In User" owner="SignupApp_PO">
<kw name="Page Should Contain" owner="SeleniumLibrary">
<msg time="2025-07-24T13:24:24.233524" level="INFO">Current page contains text 'qiantf'.</msg>
<arg>${user["NAME"]}</arg>
<doc>Verifies that current page contains ``text``.</doc>
<status status="PASS" start="2025-07-24T13:24:24.204768" elapsed="0.028889"/>
</kw>
<arg>${user}</arg>
<status status="PASS" start="2025-07-24T13:24:24.203820" elapsed="0.029981"/>
</kw>
<arg>${user}</arg>
<status status="PASS" start="2025-07-24T13:24:24.203030" elapsed="0.030885"/>
</kw>
<kw name="End Web Test" owner="Common" type="TEARDOWN">
<kw name="Close All Browsers" owner="SeleniumLibrary">
<doc>Closes all open browsers and resets the browser cache.</doc>
<status status="PASS" start="2025-07-24T13:24:24.234956" elapsed="2.339553"/>
</kw>
<status status="PASS" start="2025-07-24T13:24:24.234508" elapsed="2.340527"/>
</kw>
<doc>Test case for completing the registration of a new user</doc>
<tag>Test 2</tag>
<status status="PASS" start="2025-07-24T13:23:44.092489" elapsed="42.483390"/>
</test>
<doc>Test cases for signup user on website</doc>
<status status="PASS" start="2025-07-24T13:23:33.796503" elapsed="52.784184"/>
</suite>
<statistics>
<total>
<stat pass="2" fail="0" skip="0">All Tests</stat>
</total>
<tag>
<stat pass="1" fail="0" skip="0">Test 1</stat>
<stat pass="1" fail="0" skip="0">Test 2</stat>
</tag>
<suite>
<stat name="Signup" id="s1" pass="2" fail="0" skip="0">Signup</stat>
</suite>
</statistics>
<errors>
<msg time="2025-07-24T13:23:34.378523" level="WARN">Exception managing MicrosoftEdge: error sending request for url (https://msedgedriver.azureedge.net/LATEST_RELEASE_138_WINDOWS)</msg>
<msg time="2025-07-24T13:23:44.228978" level="WARN">Exception managing MicrosoftEdge: error sending request for url (https://msedgedriver.azureedge.net/LATEST_RELEASE_138_WINDOWS)</msg>
</errors>
</robot>
