<?xml version="1.0" encoding="UTF-8"?>
<robot generator="Robot 7.3.2 (Python 3.13.5 on win32)" generated="2025-07-16T14:49:23.943431" rpa="false" schemaversion="5">
<suite id="s1" name="Webshop" source="C:\development\Robot-Task_1\tests\webshop.robot">
<test id="s1-t1" name="Start Signup Process With Empty Field" line="104">
<kw name="Begin Web Test" owner="Common" type="SETUP">
<kw name="Open Browser" owner="SeleniumLibrary">
<msg time="2025-07-16T14:49:24.459207" level="INFO">Opening browser 'edge' to base url 'about:blank'.</msg>
<msg time="2025-07-16T14:49:24.697224" level="WARN">Exception managing MicrosoftEdge: error sending request for url (https://msedgedriver.azureedge.net/LATEST_RELEASE_138_WINDOWS)</msg>
<arg>about:blank</arg>
<arg>${BROWSER}</arg>
<doc>Opens a new browser instance to the optional ``url``.</doc>
<status status="PASS" start="2025-07-16T14:49:24.458784" elapsed="1.531124"/>
</kw>
<kw name="Maximize Browser Window" owner="SeleniumLibrary">
<doc>Maximizes current browser window.</doc>
<status status="PASS" start="2025-07-16T14:49:25.990461" elapsed="0.046093"/>
</kw>
<status status="PASS" start="2025-07-16T14:49:24.456217" elapsed="1.580781"/>
</kw>
<kw name="Generate Random User Data" owner="Keywords">
<kw name="Generate Random String" owner="String">
<msg time="2025-07-16T14:49:26.040153" level="INFO">${name} = kbrsca</msg>
<var>${name}</var>
<arg>6</arg>
<arg>[LOWER]</arg>
<doc>Generates a string with a desired ``length`` from the given ``chars``.</doc>
<status status="PASS" start="2025-07-16T14:49:26.039503" elapsed="0.000731"/>
</kw>
<kw name="Set Variable" owner="BuiltIn">
<msg time="2025-07-16T14:49:26.042422" level="INFO">${email} = kbrsca@exampletest.com</msg>
<var>${email}</var>
<arg>${name}@exampletest.com</arg>
<doc>Returns the given values which can then be assigned to a variables.</doc>
<status status="PASS" start="2025-07-16T14:49:26.040840" elapsed="0.001877"/>
</kw>
<kw name="Generate Random String" owner="String">
<msg time="2025-07-16T14:49:26.044837" level="INFO">${password} = ybbvxyAoCS</msg>
<var>${password}</var>
<arg>10</arg>
<arg>[LETTERS]</arg>
<doc>Generates a string with a desired ``length`` from the given ``chars``.</doc>
<status status="PASS" start="2025-07-16T14:49:26.043552" elapsed="0.001392"/>
</kw>
<kw name="Set Variable" owner="BuiltIn">
<msg time="2025-07-16T14:49:26.045891" level="INFO">${day} = 10</msg>
<var>${day}</var>
<arg>10</arg>
<doc>Returns the given values which can then be assigned to a variables.</doc>
<status status="PASS" start="2025-07-16T14:49:26.045393" elapsed="0.000600"/>
</kw>
<kw name="Set Variable" owner="BuiltIn">
<msg time="2025-07-16T14:49:26.046893" level="INFO">${month} = 8</msg>
<var>${month}</var>
<arg>8</arg>
<doc>Returns the given values which can then be assigned to a variables.</doc>
<status status="PASS" start="2025-07-16T14:49:26.046420" elapsed="0.000561"/>
</kw>
<kw name="Set Variable" owner="BuiltIn">
<msg time="2025-07-16T14:49:26.047792" level="INFO">${year} = 1997</msg>
<var>${year}</var>
<arg>1997</arg>
<doc>Returns the given values which can then be assigned to a variables.</doc>
<status status="PASS" start="2025-07-16T14:49:26.047373" elapsed="0.000524"/>
</kw>
<kw name="Set Variable" owner="BuiltIn">
<msg time="2025-07-16T14:49:26.048767" level="INFO">${firstname} = kbrsca</msg>
<var>${firstname}</var>
<arg>${name}</arg>
<doc>Returns the given values which can then be assigned to a variables.</doc>
<status status="PASS" start="2025-07-16T14:49:26.048293" elapsed="0.000575"/>
</kw>
<kw name="Generate Random String" owner="String">
<msg time="2025-07-16T14:49:26.050081" level="INFO">${lastname} = bvHCly</msg>
<var>${lastname}</var>
<arg>6</arg>
<arg>[LETTERS]</arg>
<doc>Generates a string with a desired ``length`` from the given ``chars``.</doc>
<status status="PASS" start="2025-07-16T14:49:26.049305" elapsed="0.001485"/>
</kw>
<kw name="Set Variable" owner="BuiltIn">
<msg time="2025-07-16T14:49:26.053517" level="INFO">${address} = Ulica kbrsca 1</msg>
<var>${address}</var>
<arg>Ulica ${name} 1</arg>
<doc>Returns the given values which can then be assigned to a variables.</doc>
<status status="PASS" start="2025-07-16T14:49:26.051602" elapsed="0.002031"/>
</kw>
<kw name="Set Variable" owner="BuiltIn">
<msg time="2025-07-16T14:49:26.055402" level="INFO">${country} = Australia</msg>
<var>${country}</var>
<arg>Australia</arg>
<doc>Returns the given values which can then be assigned to a variables.</doc>
<status status="PASS" start="2025-07-16T14:49:26.054521" elapsed="0.001162"/>
</kw>
<kw name="Set Variable" owner="BuiltIn">
<msg time="2025-07-16T14:49:26.058387" level="INFO">${state} = StatebvHCly</msg>
<var>${state}</var>
<arg>State${lastname}</arg>
<doc>Returns the given values which can then be assigned to a variables.</doc>
<status status="PASS" start="2025-07-16T14:49:26.056787" elapsed="0.002074"/>
</kw>
<kw name="Set Variable" owner="BuiltIn">
<msg time="2025-07-16T14:49:26.060475" level="INFO">${city} = Citykbrsca</msg>
<var>${city}</var>
<arg>City${name}</arg>
<doc>Returns the given values which can then be assigned to a variables.</doc>
<status status="PASS" start="2025-07-16T14:49:26.059862" elapsed="0.000719"/>
</kw>
<kw name="Generate Random String" owner="String">
<msg time="2025-07-16T14:49:26.061766" level="INFO">${zipcode} = 10887</msg>
<var>${zipcode}</var>
<arg>5</arg>
<arg>[NUMBERS]</arg>
<doc>Generates a string with a desired ``length`` from the given ``chars``.</doc>
<status status="PASS" start="2025-07-16T14:49:26.060990" elapsed="0.000893"/>
</kw>
<kw name="Generate Random String" owner="String">
<msg time="2025-07-16T14:49:26.063564" level="INFO">${mobile} = 577903932</msg>
<var>${mobile}</var>
<arg>9</arg>
<arg>[NUMBERS]</arg>
<doc>Generates a string with a desired ``length`` from the given ``chars``.</doc>
<status status="PASS" start="2025-07-16T14:49:26.062338" elapsed="0.001702"/>
</kw>
<kw name="Create Dictionary" owner="BuiltIn">
<msg time="2025-07-16T14:49:26.068497" level="INFO">${user} = {'NAME': 'kbrsca', 'LASTNAME': 'bvHCly', 'EMAIL': 'kbrsca@exampletest.com', 'PASSWORD': 'ybbvxyAoCS', 'DAY': '10', 'MONTH': '8', 'YEAR': '1997', 'ADDRESS': 'Ulica kbrsca 1', 'COUNTRY': 'Australia', 'S...</msg>
<var>${user}</var>
<arg>NAME=${name}</arg>
<arg>LASTNAME=${lastname}</arg>
<arg>EMAIL=${email}</arg>
<arg>PASSWORD=${password}</arg>
<arg>DAY=${day}</arg>
<arg>MONTH=${month}</arg>
<arg>YEAR=${year}</arg>
<arg>ADDRESS=${address}</arg>
<arg>COUNTRY=${country}</arg>
<arg>STATE=${state}</arg>
<arg>CITY=${city}</arg>
<arg>ZIPCODE=${zipcode}</arg>
<arg>MOBILE=${mobile}</arg>
<doc>Creates and returns a dictionary based on the given ``items``.</doc>
<status status="PASS" start="2025-07-16T14:49:26.064793" elapsed="0.003961"/>
</kw>
<return>
<value>${user}</value>
<status status="PASS" start="2025-07-16T14:49:26.069195" elapsed="0.000155"/>
</return>
<msg time="2025-07-16T14:49:26.069832" level="INFO">${user} = {'NAME': 'kbrsca', 'LASTNAME': 'bvHCly', 'EMAIL': 'kbrsca@exampletest.com', 'PASSWORD': 'ybbvxyAoCS', 'DAY': '10', 'MONTH': '8', 'YEAR': '1997', 'ADDRESS': 'Ulica kbrsca 1', 'COUNTRY': 'Australia', 'S...</msg>
<var>${user}</var>
<status status="PASS" start="2025-07-16T14:49:26.038720" elapsed="0.031197"/>
</kw>
<kw name="Go To Landing Page" owner="WebshopApp">
<kw name="Navigate To" owner="Landing">
<kw name="Go To" owner="SeleniumLibrary">
<msg time="2025-07-16T14:49:26.072455" level="INFO">Opening url 'https://automationexercise.com/'</msg>
<arg>${URL}</arg>
<doc>Navigates the current browser window to the provided ``url``.</doc>
<status status="PASS" start="2025-07-16T14:49:26.071901" elapsed="2.995786"/>
</kw>
<status status="PASS" start="2025-07-16T14:49:26.071278" elapsed="2.996638"/>
</kw>
<status status="PASS" start="2025-07-16T14:49:26.070575" elapsed="2.997474"/>
</kw>
<kw name="Landing Page Loaded Successfully" owner="WebshopApp">
<kw name="Verify Page Loaded" owner="Landing">
<kw name="Click Element" owner="SeleniumLibrary">
<msg time="2025-07-16T14:49:29.070487" level="INFO">Clicking element 'xpath=/html/body/div/div[2]/div[2]/div[2]/div[2]/button[1]/p'.</msg>
<arg>${CONSENT_TEXT}</arg>
<doc>Click the element identified by ``locator``.</doc>
<status status="PASS" start="2025-07-16T14:49:29.069875" elapsed="0.216670"/>
</kw>
<kw name="Wait Until Page Contains Element" owner="SeleniumLibrary">
<arg>${VERIFY_LANDING_PAGE_TEXT}</arg>
<doc>Waits until the element ``locator`` appears on the current page.</doc>
<status status="PASS" start="2025-07-16T14:49:29.286963" elapsed="0.023898"/>
</kw>
<status status="PASS" start="2025-07-16T14:49:29.069455" elapsed="0.241582"/>
</kw>
<status status="PASS" start="2025-07-16T14:49:29.068753" elapsed="0.242426"/>
</kw>
<kw name="Go To &quot;Signup/Login&quot; page" owner="WebshopApp">
<kw name="Select &quot;Signup/Login&quot; Page" owner="TopNav">
<kw name="Click Link" owner="SeleniumLibrary">
<msg time="2025-07-16T14:49:29.313556" level="INFO">Clicking link 'xpath=//*[@id="header"]/div/div/div/div[2]/div/ul/li[4]/a'.</msg>
<arg>${SIGNUP_LOGIN_LINK}</arg>
<doc>Clicks a link identified by ``locator``.</doc>
<status status="PASS" start="2025-07-16T14:49:29.313259" elapsed="1.347006"/>
</kw>
<kw name="Sleep" owner="BuiltIn">
<msg time="2025-07-16T14:49:33.661517" level="INFO">Slept 3 seconds.</msg>
<arg>time_=3s</arg>
<doc>Pauses the test executed for the given time.</doc>
<status status="PASS" start="2025-07-16T14:49:30.660486" elapsed="3.001407"/>
</kw>
<status status="PASS" start="2025-07-16T14:49:29.312788" elapsed="4.349490"/>
</kw>
<status status="PASS" start="2025-07-16T14:49:29.311956" elapsed="4.350611"/>
</kw>
<kw name="&quot;Signup/Login&quot; Loaded" owner="WebshopApp">
<kw name="Page &quot;Signup/Login&quot; Load Successfully" owner="TopNav">
<kw name="Page Should Contain Element" owner="SeleniumLibrary">
<msg time="2025-07-16T14:49:33.685323" level="INFO">Current page contains element 'xpath=//*[@id="form"]/div/div/div[1]/div/h2'.</msg>
<arg>${VERIFY_LOGIN_TEXT}</arg>
<doc>Verifies that element ``locator`` is found on the current page.</doc>
<status status="PASS" start="2025-07-16T14:49:33.666128" elapsed="0.019374"/>
</kw>
<kw name="Page Should Contain Element" owner="SeleniumLibrary">
<msg time="2025-07-16T14:49:33.700109" level="INFO">Current page contains element 'xpath=//*[@id="form"]/div/div/div[3]/div/h2'.</msg>
<arg>${VERIFY_SIGNUP_TEXT}</arg>
<doc>Verifies that element ``locator`` is found on the current page.</doc>
<status status="PASS" start="2025-07-16T14:49:33.685854" elapsed="0.014358"/>
</kw>
<status status="PASS" start="2025-07-16T14:49:33.665136" elapsed="0.035184"/>
</kw>
<status status="PASS" start="2025-07-16T14:49:33.663912" elapsed="0.036484"/>
</kw>
<kw name="Signup With Empty Field" owner="WebshopApp">
<kw name="Negative Tests For Required Fields" owner="Signup">
<kw name="Input Text" owner="SeleniumLibrary">
<msg time="2025-07-16T14:49:33.702474" level="INFO">Typing text 'kbrsca@exampletest.com' into text field 'xpath=//*[@id="form"]/div/div/div[3]/div/form/input[3]'.</msg>
<arg>${EMAIL_INPUT_SIGNUP}</arg>
<arg>${user["EMAIL"]}</arg>
<doc>Types the given ``text`` into the text field identified by ``locator``.</doc>
<status status="PASS" start="2025-07-16T14:49:33.701597" elapsed="0.140817"/>
</kw>
<kw name="Click Button" owner="SeleniumLibrary">
<msg time="2025-07-16T14:49:33.842848" level="INFO">Clicking button 'xpath=//*[@id="form"]/div/div/div[3]/div/form/button'.</msg>
<arg>${SIGNUP_BUTTON}</arg>
<doc>Clicks the button identified by ``locator``.</doc>
<status status="PASS" start="2025-07-16T14:49:33.842617" elapsed="0.090635"/>
</kw>
<kw name="Element Should Be Visible" owner="SeleniumLibrary">
<msg time="2025-07-16T14:49:33.963092" level="INFO">Element 'xpath=//*[@id="form"]/div/div/div[3]/div/form/input[2]' is displayed.</msg>
<arg>${NAME_INPUT_SIGNUP}</arg>
<doc>Verifies that the element identified by ``locator`` is visible.</doc>
<status status="PASS" start="2025-07-16T14:49:33.933582" elapsed="0.029719"/>
</kw>
<arg>${user}</arg>
<status status="PASS" start="2025-07-16T14:49:33.701290" elapsed="0.262218"/>
</kw>
<arg>${user}</arg>
<status status="PASS" start="2025-07-16T14:49:33.700871" elapsed="0.262812"/>
</kw>
<kw name="End Web Test" owner="Common" type="TEARDOWN">
<kw name="Close All Browsers" owner="SeleniumLibrary">
<doc>Closes all open browsers and resets the browser cache.</doc>
<status status="PASS" start="2025-07-16T14:49:33.965686" elapsed="2.434554"/>
</kw>
<status status="PASS" start="2025-07-16T14:49:33.964749" elapsed="2.435937"/>
</kw>
<doc>Test case for first step for signup new user EMPTY FIELD</doc>
<tag>Test 10</tag>
<status status="PASS" start="2025-07-16T14:49:24.454266" elapsed="11.947216"/>
</test>
<doc>Automation testing example for website: Automation Exercise</doc>
<status status="PASS" start="2025-07-16T14:49:23.945381" elapsed="12.462128"/>
</suite>
<statistics>
<total>
<stat pass="1" fail="0" skip="0">All Tests</stat>
</total>
<tag>
<stat pass="1" fail="0" skip="0">Test 10</stat>
</tag>
<suite>
<stat name="Webshop" id="s1" pass="1" fail="0" skip="0">Webshop</stat>
</suite>
</statistics>
<errors>
<msg time="2025-07-16T14:49:24.697224" level="WARN">Exception managing MicrosoftEdge: error sending request for url (https://msedgedriver.azureedge.net/LATEST_RELEASE_138_WINDOWS)</msg>
</errors>
</robot>
