<?xml version="1.0" encoding="UTF-8"?>
<robot generator="Robot 7.3.2 (Python 3.13.5 on win32)" generated="2025-07-23T12:05:11.034354" rpa="false" schemaversion="5">
<suite id="s1" name="Access" source="C:\development\Robot-Task_1\tests\accesscontrol\access.robot">
<test id="s1-t1" name="Logged User Can Access Checkout From Cart" line="20">
<kw name="Begin Web Test" owner="Common" type="SETUP">
<kw name="Open Browser" owner="SeleniumLibrary">
<msg time="2025-07-23T12:05:11.579078" level="INFO">Opening browser 'edge' to base url 'about:blank'.</msg>
<msg time="2025-07-23T12:05:11.795482" level="WARN">Exception managing MicrosoftEdge: error sending request for url (https://msedgedriver.azureedge.net/LATEST_RELEASE_138_WINDOWS)</msg>
<arg>about:blank</arg>
<arg>${BROWSER}</arg>
<doc>Opens a new browser instance to the optional ``url``.</doc>
<status status="PASS" start="2025-07-23T12:05:11.578767" elapsed="1.423040"/>
</kw>
<kw name="Maximize Browser Window" owner="SeleniumLibrary">
<doc>Maximizes current browser window.</doc>
<status status="PASS" start="2025-07-23T12:05:13.002369" elapsed="0.044633"/>
</kw>
<status status="PASS" start="2025-07-23T12:05:11.576835" elapsed="1.470904"/>
</kw>
<kw name="Go To Signup/Login page" owner="SignupApp">
<kw name="Navigate To Home Page" owner="Landing">
<kw name="Go To" owner="SeleniumLibrary">
<msg time="2025-07-23T12:05:13.060169" level="INFO">Opening url 'https://automationexercise.com/'</msg>
<arg>${URL}</arg>
<doc>Navigates the current browser window to the provided ``url``.</doc>
<status status="PASS" start="2025-07-23T12:05:13.059775" elapsed="2.196070"/>
</kw>
<kw name="Click Element By Locator" owner="ClickActionsApp">
<kw name="Wait Until Element Is Visible" owner="SeleniumLibrary">
<arg>${locator}</arg>
<doc>Waits until the element ``locator`` is visible.</doc>
<status status="PASS" start="2025-07-23T12:05:15.256971" elapsed="0.041409"/>
</kw>
<kw name="Wait Until Element Is Enabled" owner="SeleniumLibrary">
<arg>${locator}</arg>
<doc>Waits until the element ``locator`` is enabled.</doc>
<status status="PASS" start="2025-07-23T12:05:15.298818" elapsed="0.035391"/>
</kw>
<kw name="Scroll Element Into View" owner="SeleniumLibrary">
<arg>${locator}</arg>
<doc>Scrolls the element identified by ``locator`` into view.</doc>
<status status="PASS" start="2025-07-23T12:05:15.334877" elapsed="0.294890"/>
</kw>
<kw name="Click Element" owner="SeleniumLibrary">
<msg time="2025-07-23T12:05:15.631335" level="INFO">Clicking element 'xpath=/html/body/div/div[2]/div[2]/div[2]/div[2]/button[1]/p'.</msg>
<arg>${locator}</arg>
<doc>Click the element identified by ``locator``.</doc>
<status status="PASS" start="2025-07-23T12:05:15.630585" elapsed="0.218526"/>
</kw>
<arg>${CONSENT_TEXT}</arg>
<status status="PASS" start="2025-07-23T12:05:15.256333" elapsed="0.593035"/>
</kw>
<kw name="Wait Until Page Contains Element" owner="SeleniumLibrary">
<arg>${VERIFY_LANDING_PAGE_TEXT}</arg>
<doc>Waits until the element ``locator`` appears on the current page.</doc>
<status status="PASS" start="2025-07-23T12:05:15.849975" elapsed="0.022773"/>
</kw>
<status status="PASS" start="2025-07-23T12:05:13.058488" elapsed="2.814615"/>
</kw>
<kw name="Click Signup/Login Link" owner="ClickElement">
<kw name="Click Element By Locator" owner="ClickActionsApp">
<kw name="Wait Until Element Is Visible" owner="SeleniumLibrary">
<arg>${locator}</arg>
<doc>Waits until the element ``locator`` is visible.</doc>
<status status="PASS" start="2025-07-23T12:05:15.875555" elapsed="0.054318"/>
</kw>
<kw name="Wait Until Element Is Enabled" owner="SeleniumLibrary">
<arg>${locator}</arg>
<doc>Waits until the element ``locator`` is enabled.</doc>
<status status="PASS" start="2025-07-23T12:05:15.930298" elapsed="0.027603"/>
</kw>
<kw name="Scroll Element Into View" owner="SeleniumLibrary">
<arg>${locator}</arg>
<doc>Scrolls the element identified by ``locator`` into view.</doc>
<status status="PASS" start="2025-07-23T12:05:15.958243" elapsed="0.299618"/>
</kw>
<kw name="Click Element" owner="SeleniumLibrary">
<msg time="2025-07-23T12:05:16.259058" level="INFO">Clicking element 'xpath=//*[@id="header"]/div/div/div/div[2]/div/ul/li[4]/a'.</msg>
<arg>${locator}</arg>
<doc>Click the element identified by ``locator``.</doc>
<status status="PASS" start="2025-07-23T12:05:16.258480" elapsed="1.110817"/>
</kw>
<arg>${SIGNUP_LOGIN_LINK}</arg>
<status status="PASS" start="2025-07-23T12:05:15.874743" elapsed="1.494762"/>
</kw>
<kw name="Sleep" owner="BuiltIn">
<msg time="2025-07-23T12:05:20.370896" level="INFO">Slept 3 seconds.</msg>
<arg>time_=3s</arg>
<doc>Pauses the test executed for the given time.</doc>
<status status="PASS" start="2025-07-23T12:05:17.370031" elapsed="3.001569"/>
</kw>
<status status="PASS" start="2025-07-23T12:05:15.873809" elapsed="4.498183"/>
</kw>
<kw name="Page Signup/Login Load Successfully" owner="ClickElement">
<kw name="Page Should Contain Element" owner="SeleniumLibrary">
<msg time="2025-07-23T12:05:20.425384" level="INFO">Current page contains element 'xpath=//*[@id="form"]/div/div/div[1]/div/h2'.</msg>
<arg>${VERIFY_LOGIN_TEXT}</arg>
<doc>Verifies that element ``locator`` is found on the current page.</doc>
<status status="PASS" start="2025-07-23T12:05:20.373500" elapsed="0.052159"/>
</kw>
<kw name="Page Should Contain Element" owner="SeleniumLibrary">
<msg time="2025-07-23T12:05:20.448605" level="INFO">Current page contains element 'xpath=//*[@id="form"]/div/div/div[3]/div/h2'.</msg>
<arg>${VERIFY_SIGNUP_TEXT}</arg>
<doc>Verifies that element ``locator`` is found on the current page.</doc>
<status status="PASS" start="2025-07-23T12:05:20.426097" elapsed="0.022639"/>
</kw>
<status status="PASS" start="2025-07-23T12:05:20.372597" elapsed="0.076275"/>
</kw>
<status status="PASS" start="2025-07-23T12:05:13.056264" elapsed="7.392705"/>
</kw>
<kw name="Login Process With Exist User" owner="LoginApp">
<kw name="Input Valid Email and Password Data" owner="LoginApp">
<kw name="Input EmailAddress Element" owner="EmailAndPasswordForm">
<kw name="Input Text Element" owner="CommonKeywords">
<kw name="Wait Until Element Is Enabled" owner="SeleniumLibrary">
<arg>${locator}</arg>
<doc>Waits until the element ``locator`` is enabled.</doc>
<status status="PASS" start="2025-07-23T12:05:20.455565" elapsed="0.050753"/>
</kw>
<kw name="Input Text" owner="SeleniumLibrary">
<msg time="2025-07-23T12:05:20.507254" level="INFO">Typing text 'edvin@edvin.com' into text field 'xpath=//*[@id="form"]/div/div/div[1]/div/form/input[2]'.</msg>
<arg>${locator}</arg>
<arg>${text}</arg>
<doc>Types the given ``text`` into the text field identified by ``locator``.</doc>
<status status="PASS" start="2025-07-23T12:05:20.506741" elapsed="0.189392"/>
</kw>
<arg>${EMAIL_INPUT_LOGIN}</arg>
<arg>${emailAddress}</arg>
<status status="PASS" start="2025-07-23T12:05:20.454056" elapsed="0.242311"/>
</kw>
<arg>${emailAddress}</arg>
<status status="PASS" start="2025-07-23T12:05:20.451823" elapsed="0.244757"/>
</kw>
<kw name="Input Password Element" owner="EmailAndPasswordForm">
<kw name="Input Text Element" owner="CommonKeywords">
<kw name="Wait Until Element Is Enabled" owner="SeleniumLibrary">
<arg>${locator}</arg>
<doc>Waits until the element ``locator`` is enabled.</doc>
<status status="PASS" start="2025-07-23T12:05:20.698731" elapsed="0.043746"/>
</kw>
<kw name="Input Text" owner="SeleniumLibrary">
<msg time="2025-07-23T12:05:20.743303" level="INFO">Typing text '123' into text field 'xpath=//*[@id="form"]/div/div/div[1]/div/form/input[3]'.</msg>
<arg>${locator}</arg>
<arg>${text}</arg>
<doc>Types the given ``text`` into the text field identified by ``locator``.</doc>
<status status="PASS" start="2025-07-23T12:05:20.742893" elapsed="0.146176"/>
</kw>
<arg>${PASSWORD_INPUT_LOGIN}</arg>
<arg>${password}</arg>
<status status="PASS" start="2025-07-23T12:05:20.697705" elapsed="0.191687"/>
</kw>
<arg>${password}</arg>
<status status="PASS" start="2025-07-23T12:05:20.697050" elapsed="0.192594"/>
</kw>
<arg>${VALID_EMAIL}</arg>
<arg>${VALID_PASSWORD}</arg>
<status status="PASS" start="2025-07-23T12:05:20.450381" elapsed="0.439493"/>
</kw>
<kw name="Click Login Element" owner="LoginClickElement">
<kw name="Click Element By Locator" owner="ClickActionsApp">
<kw name="Wait Until Element Is Visible" owner="SeleniumLibrary">
<arg>${locator}</arg>
<doc>Waits until the element ``locator`` is visible.</doc>
<status status="PASS" start="2025-07-23T12:05:20.892319" elapsed="0.032708"/>
</kw>
<kw name="Wait Until Element Is Enabled" owner="SeleniumLibrary">
<arg>${locator}</arg>
<doc>Waits until the element ``locator`` is enabled.</doc>
<status status="PASS" start="2025-07-23T12:05:20.925382" elapsed="0.036927"/>
</kw>
<kw name="Scroll Element Into View" owner="SeleniumLibrary">
<arg>${locator}</arg>
<doc>Scrolls the element identified by ``locator`` into view.</doc>
<status status="PASS" start="2025-07-23T12:05:20.962717" elapsed="0.280483"/>
</kw>
<kw name="Click Element" owner="SeleniumLibrary">
<msg time="2025-07-23T12:05:21.244643" level="INFO">Clicking element 'xpath=//*[@id="form"]/div/div/div[1]/div/form/button'.</msg>
<arg>${locator}</arg>
<doc>Click the element identified by ``locator``.</doc>
<status status="PASS" start="2025-07-23T12:05:21.244279" elapsed="2.100500"/>
</kw>
<arg>${LOGIN_BUTTON}</arg>
<status status="PASS" start="2025-07-23T12:05:20.891603" elapsed="2.453452"/>
</kw>
<status status="PASS" start="2025-07-23T12:05:20.890954" elapsed="2.454328"/>
</kw>
<status status="PASS" start="2025-07-23T12:05:20.449604" elapsed="2.895901"/>
</kw>
<kw name="Navigate To Products Page" owner="AccessControlApp">
<kw name="Click Product Nav Link" owner="Click_Product_Link">
<kw name="Click Element By Locator" owner="ClickActionsApp">
<kw name="Wait Until Element Is Visible" owner="SeleniumLibrary">
<arg>${locator}</arg>
<doc>Waits until the element ``locator`` is visible.</doc>
<status status="PASS" start="2025-07-23T12:05:23.351988" elapsed="0.077789"/>
</kw>
<kw name="Wait Until Element Is Enabled" owner="SeleniumLibrary">
<arg>${locator}</arg>
<doc>Waits until the element ``locator`` is enabled.</doc>
<status status="PASS" start="2025-07-23T12:05:23.430106" elapsed="0.030712"/>
</kw>
<kw name="Scroll Element Into View" owner="SeleniumLibrary">
<arg>${locator}</arg>
<doc>Scrolls the element identified by ``locator`` into view.</doc>
<status status="PASS" start="2025-07-23T12:05:23.461371" elapsed="0.284203"/>
</kw>
<kw name="Click Element" owner="SeleniumLibrary">
<msg time="2025-07-23T12:05:23.747346" level="INFO">Clicking element 'xpath=//a[contains(text(), 'Products')]'.</msg>
<arg>${locator}</arg>
<doc>Click the element identified by ``locator``.</doc>
<status status="PASS" start="2025-07-23T12:05:23.746471" elapsed="1.254812"/>
</kw>
<arg>${PRODUCTS_LINK}</arg>
<status status="PASS" start="2025-07-23T12:05:23.350536" elapsed="1.650949"/>
</kw>
<status status="PASS" start="2025-07-23T12:05:23.348129" elapsed="1.653508"/>
</kw>
<kw name="Wait Until Product Page Enabled" owner="Product_Page_Text_Loaded">
<kw name="Wait Until Element Is Enabled" owner="SeleniumLibrary">
<arg>${PRODUCT_PAGE_TEXT}</arg>
<doc>Waits until the element ``locator`` is enabled.</doc>
<status status="PASS" start="2025-07-23T12:05:25.002933" elapsed="0.096172"/>
</kw>
<status status="PASS" start="2025-07-23T12:05:25.002134" elapsed="0.097229"/>
</kw>
<status status="PASS" start="2025-07-23T12:05:23.346733" elapsed="1.752735"/>
</kw>
<kw name="Add Item To Cart" owner="AccessControlApp">
<kw name="Scroll To Add To Cart Button" owner="Add_To_Cart_Button">
<kw name="Scroll Element Into View" owner="SeleniumLibrary">
<arg>${ADD_TO_CART_BUTOTN_FIRST}</arg>
<doc>Scrolls the element identified by ``locator`` into view.</doc>
<status status="PASS" start="2025-07-23T12:05:25.101563" elapsed="0.359782"/>
</kw>
<status status="PASS" start="2025-07-23T12:05:25.100926" elapsed="0.360609"/>
</kw>
<kw name="Scroll Through The Page" owner="Page_Scroll">
<kw name="Execute Javascript" owner="SeleniumLibrary">
<msg time="2025-07-23T12:05:25.462893" level="INFO">Executing JavaScript:
window.scrollTo(0, 600)
Without any arguments.</msg>
<arg>window.scrollTo(0, 600)</arg>
<doc>Executes the given JavaScript code with possible arguments.</doc>
<status status="PASS" start="2025-07-23T12:05:25.462432" elapsed="0.041945"/>
</kw>
<status status="PASS" start="2025-07-23T12:05:25.461906" elapsed="0.042645"/>
</kw>
<kw name="Hover From The Article" owner="Mouse_Over_Article">
<kw name="Mouse Over" owner="SeleniumLibrary">
<msg time="2025-07-23T12:05:25.507190" level="INFO">Simulating Mouse Over on element 'xpath=//div[@class='productinfo text-center' and a[@data-product-id='2']]'.</msg>
<arg>${ARTICLE}</arg>
<doc>Simulates hovering the mouse over the element ``locator``.</doc>
<status status="PASS" start="2025-07-23T12:05:25.506464" elapsed="0.328185"/>
</kw>
<status status="PASS" start="2025-07-23T12:05:25.505165" elapsed="0.330001"/>
</kw>
<kw name="Click Hover Add To Cart Button" owner="Click_Add_To_Card_Hover">
<kw name="Click Element By Locator" owner="ClickActionsApp">
<kw name="Wait Until Element Is Visible" owner="SeleniumLibrary">
<arg>${locator}</arg>
<doc>Waits until the element ``locator`` is visible.</doc>
<status status="PASS" start="2025-07-23T12:05:25.841428" elapsed="0.039137"/>
</kw>
<kw name="Wait Until Element Is Enabled" owner="SeleniumLibrary">
<arg>${locator}</arg>
<doc>Waits until the element ``locator`` is enabled.</doc>
<status status="PASS" start="2025-07-23T12:05:25.880844" elapsed="0.033390"/>
</kw>
<kw name="Scroll Element Into View" owner="SeleniumLibrary">
<arg>${locator}</arg>
<doc>Scrolls the element identified by ``locator`` into view.</doc>
<status status="PASS" start="2025-07-23T12:05:25.914672" elapsed="0.320090"/>
</kw>
<kw name="Click Element" owner="SeleniumLibrary">
<msg time="2025-07-23T12:05:26.237362" level="INFO">Clicking element 'xpath=//div[@class='overlay-content']//a[@data-product-id='2']'.</msg>
<arg>${locator}</arg>
<doc>Click the element identified by ``locator``.</doc>
<status status="PASS" start="2025-07-23T12:05:26.235693" elapsed="0.090133"/>
</kw>
<arg>${ADD_TO_CART_BUTOTN_HOVER}</arg>
<status status="PASS" start="2025-07-23T12:05:25.839645" elapsed="0.486299"/>
</kw>
<status status="PASS" start="2025-07-23T12:05:25.837308" elapsed="0.488719"/>
</kw>
<kw name="Wait For Successful Add To Cart Message" owner="Cart_Success_Message">
<kw name="Wait Until Element Is Enabled" owner="SeleniumLibrary">
<arg>${SUCCESSFUL_ADDED_TEXT}</arg>
<doc>Waits until the element ``locator`` is enabled.</doc>
<status status="PASS" start="2025-07-23T12:05:26.326621" elapsed="0.029975"/>
</kw>
<status status="PASS" start="2025-07-23T12:05:26.326271" elapsed="0.030459"/>
</kw>
<doc>Adding first article to cart</doc>
<status status="PASS" start="2025-07-23T12:05:25.100155" elapsed="1.256663"/>
</kw>
<kw name="Redirect To Shopping Cart Page" owner="AccessControlApp">
<kw name="Click View Cart Link" owner="Click_View_Link">
<kw name="Wait Until Element Is Enabled" owner="SeleniumLibrary">
<arg>${VIEW_CART_LINK}</arg>
<doc>Waits until the element ``locator`` is enabled.</doc>
<status status="PASS" start="2025-07-23T12:05:26.358041" elapsed="0.035148"/>
</kw>
<kw name="Click Element By Locator" owner="ClickActionsApp">
<kw name="Wait Until Element Is Visible" owner="SeleniumLibrary">
<arg>${locator}</arg>
<doc>Waits until the element ``locator`` is visible.</doc>
<status status="PASS" start="2025-07-23T12:05:26.394089" elapsed="0.246212"/>
</kw>
<kw name="Wait Until Element Is Enabled" owner="SeleniumLibrary">
<arg>${locator}</arg>
<doc>Waits until the element ``locator`` is enabled.</doc>
<status status="PASS" start="2025-07-23T12:05:26.640586" elapsed="0.023549"/>
</kw>
<kw name="Scroll Element Into View" owner="SeleniumLibrary">
<arg>${locator}</arg>
<doc>Scrolls the element identified by ``locator`` into view.</doc>
<status status="PASS" start="2025-07-23T12:05:26.664424" elapsed="0.311631"/>
</kw>
<kw name="Click Element" owner="SeleniumLibrary">
<msg time="2025-07-23T12:05:26.978234" level="INFO">Clicking element 'xpath=//a[@href='/view_cart']//u[text()='View Cart']'.</msg>
<arg>${locator}</arg>
<doc>Click the element identified by ``locator``.</doc>
<status status="PASS" start="2025-07-23T12:05:26.976898" elapsed="1.072992"/>
</kw>
<arg>${VIEW_CART_LINK}</arg>
<status status="PASS" start="2025-07-23T12:05:26.393573" elapsed="1.656442"/>
</kw>
<status status="PASS" start="2025-07-23T12:05:26.357755" elapsed="1.692345"/>
</kw>
<kw name="Wait For Shopping Cart To Load Successfully" owner="Shopping_Cart_Loaded">
<kw name="Wait Until Element Is Enabled" owner="SeleniumLibrary">
<arg>${SHOPPING_CART_LOADED}</arg>
<doc>Waits until the element ``locator`` is enabled.</doc>
<status status="PASS" start="2025-07-23T12:05:28.050727" elapsed="0.086222"/>
</kw>
<status status="PASS" start="2025-07-23T12:05:28.050358" elapsed="0.086721"/>
</kw>
<doc>User was successfully redirect to shopping cart page with selected articles</doc>
<status status="PASS" start="2025-07-23T12:05:26.357342" elapsed="1.779813"/>
</kw>
<kw name="Complete Checkout And Payment As Login User" owner="AccessControlApp">
<kw name="Click Proceed To Checkout Button" owner="Click_Proceed_To_Checkout">
<kw name="Click Element By Locator" owner="ClickActionsApp">
<kw name="Wait Until Element Is Visible" owner="SeleniumLibrary">
<arg>${locator}</arg>
<doc>Waits until the element ``locator`` is visible.</doc>
<status status="PASS" start="2025-07-23T12:05:28.138845" elapsed="0.026214"/>
</kw>
<kw name="Wait Until Element Is Enabled" owner="SeleniumLibrary">
<arg>${locator}</arg>
<doc>Waits until the element ``locator`` is enabled.</doc>
<status status="PASS" start="2025-07-23T12:05:28.165316" elapsed="0.022801"/>
</kw>
<kw name="Scroll Element Into View" owner="SeleniumLibrary">
<arg>${locator}</arg>
<doc>Scrolls the element identified by ``locator`` into view.</doc>
<status status="PASS" start="2025-07-23T12:05:28.188368" elapsed="0.309857"/>
</kw>
<kw name="Click Element" owner="SeleniumLibrary">
<msg time="2025-07-23T12:05:28.498775" level="INFO">Clicking element 'xpath=//a[text()= 'Proceed To Checkout']'.</msg>
<arg>${locator}</arg>
<doc>Click the element identified by ``locator``.</doc>
<status status="PASS" start="2025-07-23T12:05:28.498507" elapsed="1.465457"/>
</kw>
<arg>${PROCEED_TO_CHECKOUT_BUTTON}</arg>
<status status="PASS" start="2025-07-23T12:05:28.138462" elapsed="1.825630"/>
</kw>
<status status="PASS" start="2025-07-23T12:05:28.138088" elapsed="1.826087"/>
</kw>
<kw name="Scroll To Review Your Order Section" owner="Review_Order_Section">
<kw name="Scroll Element Into View" owner="SeleniumLibrary">
<arg>${REVIEW_ORDER_TEXT}</arg>
<doc>Scrolls the element identified by ``locator`` into view.</doc>
<status status="PASS" start="2025-07-23T12:05:29.964810" elapsed="0.311096"/>
</kw>
<status status="PASS" start="2025-07-23T12:05:29.964438" elapsed="0.311892"/>
</kw>
<kw name="Scroll Through The Page" owner="Page_Scroll">
<kw name="Execute Javascript" owner="SeleniumLibrary">
<msg time="2025-07-23T12:05:30.279894" level="INFO">Executing JavaScript:
window.scrollTo(0, 600)
Without any arguments.</msg>
<arg>window.scrollTo(0, 600)</arg>
<doc>Executes the given JavaScript code with possible arguments.</doc>
<status status="PASS" start="2025-07-23T12:05:30.278446" elapsed="0.018310"/>
</kw>
<status status="PASS" start="2025-07-23T12:05:30.277183" elapsed="0.019875"/>
</kw>
<kw name="Click Place Order Button" owner="Click_Place_Order_Button">
<kw name="Click Element By Locator" owner="ClickActionsApp">
<kw name="Wait Until Element Is Visible" owner="SeleniumLibrary">
<arg>${locator}</arg>
<doc>Waits until the element ``locator`` is visible.</doc>
<status status="PASS" start="2025-07-23T12:05:30.299405" elapsed="0.026306"/>
</kw>
<kw name="Wait Until Element Is Enabled" owner="SeleniumLibrary">
<arg>${locator}</arg>
<doc>Waits until the element ``locator`` is enabled.</doc>
<status status="PASS" start="2025-07-23T12:05:30.325996" elapsed="0.023560"/>
</kw>
<kw name="Scroll Element Into View" owner="SeleniumLibrary">
<arg>${locator}</arg>
<doc>Scrolls the element identified by ``locator`` into view.</doc>
<status status="PASS" start="2025-07-23T12:05:30.349793" elapsed="0.281916"/>
</kw>
<kw name="Click Element" owner="SeleniumLibrary">
<msg time="2025-07-23T12:05:30.632264" level="INFO">Clicking element 'xpath=//a[text()='Place Order']'.</msg>
<arg>${locator}</arg>
<doc>Click the element identified by ``locator``.</doc>
<status status="PASS" start="2025-07-23T12:05:30.631997" elapsed="1.139048"/>
</kw>
<arg>${PLACE_ORDER_BUTTON}</arg>
<status status="PASS" start="2025-07-23T12:05:30.298525" elapsed="1.472741"/>
</kw>
<status status="PASS" start="2025-07-23T12:05:30.297654" elapsed="1.473732"/>
</kw>
<kw name="Wait For Payment Page To Load Successfully" owner="Payment_Page_Loaded">
<kw name="Wait Until Element Is Enabled" owner="SeleniumLibrary">
<arg>${PAYMENT_PAGE_TEXT}</arg>
<doc>Waits until the element ``locator`` is enabled.</doc>
<status status="PASS" start="2025-07-23T12:05:31.772333" elapsed="0.105363"/>
</kw>
<status status="PASS" start="2025-07-23T12:05:31.771725" elapsed="0.106087"/>
</kw>
<kw name="Fill Payment Fied" owner="Payment_Form">
<kw name="Input Name Card Element" owner="Payment_Form">
<kw name="Input Text Element" owner="CommonKeywords">
<kw name="Wait Until Element Is Enabled" owner="SeleniumLibrary">
<arg>${locator}</arg>
<doc>Waits until the element ``locator`` is enabled.</doc>
<status status="PASS" start="2025-07-23T12:05:31.879614" elapsed="0.027437"/>
</kw>
<kw name="Input Text" owner="SeleniumLibrary">
<msg time="2025-07-23T12:05:31.907602" level="INFO">Typing text 'Edvin' into text field 'xpath=//input[@ name='name_on_card']'.</msg>
<arg>${locator}</arg>
<arg>${text}</arg>
<doc>Types the given ``text`` into the text field identified by ``locator``.</doc>
<status status="PASS" start="2025-07-23T12:05:31.907325" elapsed="0.204422"/>
</kw>
<arg>${CARD_NAME_FIELD}</arg>
<arg>${NAME_CARD}</arg>
<status status="PASS" start="2025-07-23T12:05:31.879261" elapsed="0.232673"/>
</kw>
<status status="PASS" start="2025-07-23T12:05:31.878441" elapsed="0.233666"/>
</kw>
<kw name="Input Card Number Element" owner="Payment_Form">
<kw name="Input Text Element" owner="CommonKeywords">
<kw name="Wait Until Element Is Enabled" owner="SeleniumLibrary">
<arg>${locator}</arg>
<doc>Waits until the element ``locator`` is enabled.</doc>
<status status="PASS" start="2025-07-23T12:05:32.113566" elapsed="0.022894"/>
</kw>
<kw name="Input Text" owner="SeleniumLibrary">
<msg time="2025-07-23T12:05:32.137100" level="INFO">Typing text '52687413965' into text field 'xpath=//input[@ name='card_number']'.</msg>
<arg>${locator}</arg>
<arg>${text}</arg>
<doc>Types the given ``text`` into the text field identified by ``locator``.</doc>
<status status="PASS" start="2025-07-23T12:05:32.136803" elapsed="0.103229"/>
</kw>
<arg>${CARD_NUMBER_FIELD}</arg>
<arg>${NUMBER_CARD}</arg>
<status status="PASS" start="2025-07-23T12:05:32.113039" elapsed="0.127245"/>
</kw>
<status status="PASS" start="2025-07-23T12:05:32.112544" elapsed="0.127939"/>
</kw>
<kw name="Input CVC Element" owner="Payment_Form">
<kw name="Input Text Element" owner="CommonKeywords">
<kw name="Wait Until Element Is Enabled" owner="SeleniumLibrary">
<arg>${locator}</arg>
<doc>Waits until the element ``locator`` is enabled.</doc>
<status status="PASS" start="2025-07-23T12:05:32.242013" elapsed="0.038232"/>
</kw>
<kw name="Input Text" owner="SeleniumLibrary">
<msg time="2025-07-23T12:05:32.281201" level="INFO">Typing text '506' into text field 'xpath=//input[@ name='cvc']'.</msg>
<arg>${locator}</arg>
<arg>${text}</arg>
<doc>Types the given ``text`` into the text field identified by ``locator``.</doc>
<status status="PASS" start="2025-07-23T12:05:32.280738" elapsed="0.104742"/>
</kw>
<arg>${CVC_FIELD}</arg>
<arg>${CVC}</arg>
<status status="PASS" start="2025-07-23T12:05:32.241542" elapsed="0.144075"/>
</kw>
<status status="PASS" start="2025-07-23T12:05:32.241008" elapsed="0.144701"/>
</kw>
<kw name="Input Expiration Mont Element" owner="Payment_Form">
<kw name="Input Text Element" owner="CommonKeywords">
<kw name="Wait Until Element Is Enabled" owner="SeleniumLibrary">
<arg>${locator}</arg>
<doc>Waits until the element ``locator`` is enabled.</doc>
<status status="PASS" start="2025-07-23T12:05:32.387264" elapsed="0.034421"/>
</kw>
<kw name="Input Text" owner="SeleniumLibrary">
<msg time="2025-07-23T12:05:32.423661" level="INFO">Typing text '05' into text field 'xpath=//input[@ name='expiry_month']'.</msg>
<arg>${locator}</arg>
<arg>${text}</arg>
<doc>Types the given ``text`` into the text field identified by ``locator``.</doc>
<status status="PASS" start="2025-07-23T12:05:32.422727" elapsed="0.089005"/>
</kw>
<arg>${EXPIRATION_MONTH_FIELD}</arg>
<arg>${MONTH_EXP}</arg>
<status status="PASS" start="2025-07-23T12:05:32.386649" elapsed="0.125333"/>
</kw>
<status status="PASS" start="2025-07-23T12:05:32.386106" elapsed="0.126055"/>
</kw>
<kw name="Input Expiration Year Element" owner="Payment_Form">
<kw name="Input Text Element" owner="CommonKeywords">
<kw name="Wait Until Element Is Enabled" owner="SeleniumLibrary">
<arg>${locator}</arg>
<doc>Waits until the element ``locator`` is enabled.</doc>
<status status="PASS" start="2025-07-23T12:05:32.514491" elapsed="0.030713"/>
</kw>
<kw name="Input Text" owner="SeleniumLibrary">
<msg time="2025-07-23T12:05:32.545730" level="INFO">Typing text '2028' into text field 'xpath=//input[@ name='expiry_year']'.</msg>
<arg>${locator}</arg>
<arg>${text}</arg>
<doc>Types the given ``text`` into the text field identified by ``locator``.</doc>
<status status="PASS" start="2025-07-23T12:05:32.545445" elapsed="0.104253"/>
</kw>
<arg>${EXPIRATION_YEAR_FIELD}</arg>
<arg>${YEAR_EXP}</arg>
<status status="PASS" start="2025-07-23T12:05:32.513550" elapsed="0.136320"/>
</kw>
<status status="PASS" start="2025-07-23T12:05:32.512710" elapsed="0.137266"/>
</kw>
<status status="PASS" start="2025-07-23T12:05:31.878056" elapsed="0.772019"/>
</kw>
<kw name="Scroll Through The Page" owner="Page_Scroll">
<kw name="Execute Javascript" owner="SeleniumLibrary">
<msg time="2025-07-23T12:05:32.651507" level="INFO">Executing JavaScript:
window.scrollTo(0, 600)
Without any arguments.</msg>
<arg>window.scrollTo(0, 600)</arg>
<doc>Executes the given JavaScript code with possible arguments.</doc>
<status status="PASS" start="2025-07-23T12:05:32.651035" elapsed="0.009241"/>
</kw>
<status status="PASS" start="2025-07-23T12:05:32.650478" elapsed="0.009980"/>
</kw>
<kw name="Click Pay And Confirm Order Button" owner="Click_Pay_Confirm_Button">
<kw name="Click Element By Locator" owner="ClickActionsApp">
<kw name="Wait Until Element Is Visible" owner="SeleniumLibrary">
<arg>${locator}</arg>
<doc>Waits until the element ``locator`` is visible.</doc>
<status status="PASS" start="2025-07-23T12:05:32.661868" elapsed="0.023456"/>
</kw>
<kw name="Wait Until Element Is Enabled" owner="SeleniumLibrary">
<arg>${locator}</arg>
<doc>Waits until the element ``locator`` is enabled.</doc>
<status status="PASS" start="2025-07-23T12:05:32.685652" elapsed="0.024856"/>
</kw>
<kw name="Scroll Element Into View" owner="SeleniumLibrary">
<arg>${locator}</arg>
<doc>Scrolls the element identified by ``locator`` into view.</doc>
<status status="PASS" start="2025-07-23T12:05:32.710895" elapsed="0.293671"/>
</kw>
<kw name="Click Element" owner="SeleniumLibrary">
<msg time="2025-07-23T12:05:33.007177" level="INFO">Clicking element 'xpath=//button[@id='submit']'.</msg>
<arg>${locator}</arg>
<doc>Click the element identified by ``locator``.</doc>
<status status="PASS" start="2025-07-23T12:05:33.005929" elapsed="0.164919"/>
</kw>
<arg>${PAY_CONFIRM_BUTTON}</arg>
<status status="PASS" start="2025-07-23T12:05:32.661416" elapsed="0.509614"/>
</kw>
<status status="PASS" start="2025-07-23T12:05:32.660818" elapsed="0.510331"/>
</kw>
<kw name="Wait To Order Placed Page Load Successfully" owner="Order_Confirmation_Page_Loaded">
<kw name="Wait Until Element Is Enabled" owner="SeleniumLibrary">
<arg>${ORDER_PLACED_TEXT}</arg>
<doc>Waits until the element ``locator`` is enabled.</doc>
<status status="PASS" start="2025-07-23T12:05:33.172437" elapsed="2.279253"/>
</kw>
<status status="PASS" start="2025-07-23T12:05:33.171523" elapsed="2.280290"/>
</kw>
<doc>The logged in user can continue oredring and payig for products in the cart</doc>
<status status="PASS" start="2025-07-23T12:05:28.137667" elapsed="7.314216"/>
</kw>
<kw name="Successfully Redirect User to Home Page After Ordered" owner="AccessControlApp">
<kw name="Click To Continue Order Button" owner="Click_Continue_Order_Button">
<kw name="Click Element By Locator" owner="ClickActionsApp">
<kw name="Wait Until Element Is Visible" owner="SeleniumLibrary">
<arg>${locator}</arg>
<doc>Waits until the element ``locator`` is visible.</doc>
<status status="PASS" start="2025-07-23T12:05:35.453270" elapsed="0.039248"/>
</kw>
<kw name="Wait Until Element Is Enabled" owner="SeleniumLibrary">
<arg>${locator}</arg>
<doc>Waits until the element ``locator`` is enabled.</doc>
<status status="PASS" start="2025-07-23T12:05:35.492754" elapsed="0.023679"/>
</kw>
<kw name="Scroll Element Into View" owner="SeleniumLibrary">
<arg>${locator}</arg>
<doc>Scrolls the element identified by ``locator`` into view.</doc>
<status status="PASS" start="2025-07-23T12:05:35.516681" elapsed="0.273257"/>
</kw>
<kw name="Click Element" owner="SeleniumLibrary">
<msg time="2025-07-23T12:05:35.790843" level="INFO">Clicking element 'xpath=//div[@class='pull-right']//a[text()='Continue']'.</msg>
<arg>${locator}</arg>
<doc>Click the element identified by ``locator``.</doc>
<status status="PASS" start="2025-07-23T12:05:35.790403" elapsed="1.415400"/>
</kw>
<arg>${CONTINUE_ORDER_BUTTON}</arg>
<status status="PASS" start="2025-07-23T12:05:35.452942" elapsed="1.753024"/>
</kw>
<status status="PASS" start="2025-07-23T12:05:35.452658" elapsed="1.753409"/>
</kw>
<kw name="Wait Until Home Page Loaded Successfully" owner="Home_Page_Loaded">
<kw name="Wait Until Element Is Enabled" owner="SeleniumLibrary">
<arg>${HOME_PAGE_CHECK}</arg>
<doc>Waits until the element ``locator`` is enabled.</doc>
<status status="PASS" start="2025-07-23T12:05:37.207306" elapsed="0.039931"/>
</kw>
<status status="PASS" start="2025-07-23T12:05:37.206371" elapsed="0.040999"/>
</kw>
<status status="PASS" start="2025-07-23T12:05:35.452295" elapsed="1.795142"/>
</kw>
<kw name="End Web Test" owner="Common" type="TEARDOWN">
<kw name="Close All Browsers" owner="SeleniumLibrary">
<doc>Closes all open browsers and resets the browser cache.</doc>
<status status="PASS" start="2025-07-23T12:05:37.248359" elapsed="2.312451"/>
</kw>
<status status="PASS" start="2025-07-23T12:05:37.247974" elapsed="2.313081"/>
</kw>
<doc>Logged in user can complete the order and payment for the product</doc>
<status status="PASS" start="2025-07-23T12:05:11.575456" elapsed="27.986285"/>
</test>
<status status="PASS" start="2025-07-23T12:05:11.036353" elapsed="28.527058"/>
</suite>
<statistics>
<total>
<stat pass="1" fail="0" skip="0">All Tests</stat>
</total>
<tag>
</tag>
<suite>
<stat name="Access" id="s1" pass="1" fail="0" skip="0">Access</stat>
</suite>
</statistics>
<errors>
<msg time="2025-07-23T12:05:11.795482" level="WARN">Exception managing MicrosoftEdge: error sending request for url (https://msedgedriver.azureedge.net/LATEST_RELEASE_138_WINDOWS)</msg>
</errors>
</robot>
